[ 2019-01-13T11:44:47+08:00 ] 127.0.0.1 /admin
INFO: [ app_init ] --START--
INFO: Run Behavior\BuildLiteBehavior [ RunTime:0.000000s ]
SQL: SHOW COLUMNS FROM `app_hooks` [ RunTime:0.0029s ]
SQL: SELECT `name`,`addons` FROM `app_hooks`  [ RunTime:0.0000s ]
SQL: SHOW COLUMNS FROM `app_addons` [ RunTime:0.0029s ]
SQL: SELECT `id`,`name` FROM `app_addons` WHERE `status` = 1 AND `name` IN ('Example1')  [ RunTime:0.0000s ]
INFO: Run Common\Behavior\InitHookBehavior [ RunTime:1.022461s ]
INFO: [ app_init ] --END-- [ RunTime:1.024414s ]
INFO: [ app_begin ] --START--
INFO: Run Behavior\ReadHtmlCacheBehavior [ RunTime:0.000977s ]
INFO: Run Behavior\CheckLangBehavior [ RunTime:0.001953s ]
INFO: [ app_begin ] --END-- [ RunTime:0.002930s ]

[ 2019-01-13T11:44:48+08:00 ] 127.0.0.1 /admin
INFO: [ app_init ] --START--
INFO: Run Behavior\BuildLiteBehavior [ RunTime:0.000000s ]
SQL: SHOW COLUMNS FROM `app_hooks` [ RunTime:0.0039s ]
SQL: SELECT `name`,`addons` FROM `app_hooks`  [ RunTime:0.0000s ]
SQL: SHOW COLUMNS FROM `app_addons` [ RunTime:0.0029s ]
SQL: SELECT `id`,`name` FROM `app_addons` WHERE `status` = 1 AND `name` IN ('Example1')  [ RunTime:0.0000s ]
INFO: Run Common\Behavior\InitHookBehavior [ RunTime:1.020508s ]
INFO: [ app_init ] --END-- [ RunTime:1.021485s ]
INFO: [ app_begin ] --START--
INFO: Run Behavior\ReadHtmlCacheBehavior [ RunTime:0.000977s ]
INFO: Run Behavior\CheckLangBehavior [ RunTime:0.000977s ]
INFO: [ app_begin ] --END-- [ RunTime:0.001954s ]

[ 2019-01-13T11:44:49+08:00 ] 127.0.0.1 /Admin/sign/index.html
INFO: [ app_init ] --START--
INFO: Run Behavior\BuildLiteBehavior [ RunTime:0.000000s ]
SQL: SHOW COLUMNS FROM `app_hooks` [ RunTime:0.0029s ]
SQL: SELECT `name`,`addons` FROM `app_hooks`  [ RunTime:0.0010s ]
SQL: SHOW COLUMNS FROM `app_addons` [ RunTime:0.0029s ]
SQL: SELECT `id`,`name` FROM `app_addons` WHERE `status` = 1 AND `name` IN ('Example1')  [ RunTime:0.0000s ]
INFO: Run Common\Behavior\InitHookBehavior [ RunTime:1.018555s ]
INFO: [ app_init ] --END-- [ RunTime:1.018555s ]
INFO: [ app_begin ] --START--
INFO: Run Behavior\ReadHtmlCacheBehavior [ RunTime:0.000977s ]
INFO: Run Behavior\CheckLangBehavior [ RunTime:0.000976s ]
INFO: [ app_begin ] --END-- [ RunTime:0.001953s ]
INFO: [ view_parse ] --START--
INFO: [ template_filter ] --START--
INFO: Run Behavior\ContentReplaceBehavior [ RunTime:0.000977s ]
INFO: [ template_filter ] --END-- [ RunTime:0.000977s ]
INFO: Run Behavior\ParseTemplateBehavior [ RunTime:0.007813s ]
INFO: [ view_parse ] --END-- [ RunTime:0.007813s ]
INFO: [ view_filter ] --START--
INFO: Run Behavior\WriteHtmlCacheBehavior [ RunTime:0.000000s ]
INFO: [ view_filter ] --END-- [ RunTime:0.000000s ]
INFO: [ app_end ] --START--
INFO: Run Behavior\ShowPageTraceBehavior [ RunTime:0.000976s ]
INFO: [ app_end ] --END-- [ RunTime:0.000976s ]

[ 2019-01-13T11:45:34+08:00 ] 127.0.0.1 /Admin/sign/index.html
INFO: [ app_init ] --START--
INFO: Run Behavior\BuildLiteBehavior [ RunTime:0.000000s ]
SQL: SHOW COLUMNS FROM `app_hooks` [ RunTime:0.0039s ]
SQL: SELECT `name`,`addons` FROM `app_hooks`  [ RunTime:0.0000s ]
SQL: SHOW COLUMNS FROM `app_addons` [ RunTime:0.0029s ]
SQL: SELECT `id`,`name` FROM `app_addons` WHERE `status` = 1 AND `name` IN ('Example1')  [ RunTime:0.0000s ]
INFO: Run Common\Behavior\InitHookBehavior [ RunTime:1.021484s ]
INFO: [ app_init ] --END-- [ RunTime:1.021484s ]
INFO: [ app_begin ] --START--
INFO: Run Behavior\ReadHtmlCacheBehavior [ RunTime:0.000000s ]
INFO: Run Behavior\CheckLangBehavior [ RunTime:0.001954s ]
INFO: [ app_begin ] --END-- [ RunTime:0.001954s ]
SQL: SHOW COLUMNS FROM `app_member` [ RunTime:0.0049s ]
SQL: SELECT `id`,`gid`,`account`,`tel`,`nickname`,`status` FROM `app_member` WHERE `account` = 'admin' AND `pass` = 'e8567dbe206e0240e06f1edde026be3a' LIMIT 1   [ RunTime:0.0000s ]
SQL: SHOW COLUMNS FROM `app_auth_group` [ RunTime:0.0049s ]
SQL: SELECT `id`,`rules` FROM `app_auth_group` WHERE `id` = 1 LIMIT 1   [ RunTime:0.0000s ]
SQL: SHOW COLUMNS FROM `app_auth_rule` [ RunTime:0.0049s ]
SQL: SELECT `id`,`pid`,`top_id`,`sort`,`level`,`name`,`title`,`position` FROM `app_auth_rule` WHERE `id` IN ('60','61','64','73','72','71','63','68','69','70','62','67','66','65','75','77','82','80','76','79','78','53','54','55','59','58','57','56','11','12','15','21','26','25','24','14','20','19','22','23','35','13','18','17','16','34','33') ORDER BY sort desc  [ RunTime:0.0010s ]
INFO: [ view_parse ] --START--
INFO: [ template_filter ] --START--
INFO: Run Behavior\ContentReplaceBehavior [ RunTime:0.000000s ]
INFO: [ template_filter ] --END-- [ RunTime:0.000000s ]
INFO: Run Behavior\ParseTemplateBehavior [ RunTime:0.007812s ]
INFO: [ view_parse ] --END-- [ RunTime:0.007812s ]
INFO: [ view_filter ] --START--
INFO: Run Behavior\WriteHtmlCacheBehavior [ RunTime:0.000000s ]
INFO: [ view_filter ] --END-- [ RunTime:0.000000s ]
INFO: [ app_end ] --START--
INFO: Run Behavior\ShowPageTraceBehavior [ RunTime:0.000977s ]
INFO: [ app_end ] --END-- [ RunTime:0.000977s ]

[ 2019-01-13T11:45:36+08:00 ] 127.0.0.1 /Admin/index/index.html
INFO: [ app_init ] --START--
INFO: Run Behavior\BuildLiteBehavior [ RunTime:0.000000s ]
SQL: SHOW COLUMNS FROM `app_hooks` [ RunTime:0.0039s ]
SQL: SELECT `name`,`addons` FROM `app_hooks`  [ RunTime:0.0000s ]
SQL: SHOW COLUMNS FROM `app_addons` [ RunTime:0.0039s ]
SQL: SELECT `id`,`name` FROM `app_addons` WHERE `status` = 1 AND `name` IN ('Example1')  [ RunTime:0.0000s ]
INFO: Run Common\Behavior\InitHookBehavior [ RunTime:1.026368s ]
INFO: [ app_init ] --END-- [ RunTime:1.026368s ]
INFO: [ app_begin ] --START--
INFO: Run Behavior\ReadHtmlCacheBehavior [ RunTime:0.000000s ]
INFO: Run Behavior\CheckLangBehavior [ RunTime:0.000976s ]
INFO: [ app_begin ] --END-- [ RunTime:0.000976s ]
INFO: [ view_parse ] --START--
INFO: [ template_filter ] --START--
INFO: Run Behavior\ContentReplaceBehavior [ RunTime:0.000000s ]
INFO: [ template_filter ] --END-- [ RunTime:0.000000s ]
NOTIC: [8] Undefined index: show_id D:\www\guangjian\data\Runtime\Cache\Admin\b595b808c2ebeeeb0478ffc30bb4e87a.php 第 121 行.
NOTIC: [8] Undefined index: show_id D:\www\guangjian\data\Runtime\Cache\Admin\b595b808c2ebeeeb0478ffc30bb4e87a.php 第 121 行.
NOTIC: [8] Undefined index: show_id D:\www\guangjian\data\Runtime\Cache\Admin\b595b808c2ebeeeb0478ffc30bb4e87a.php 第 121 行.
NOTIC: [8] Undefined index: show_id D:\www\guangjian\data\Runtime\Cache\Admin\b595b808c2ebeeeb0478ffc30bb4e87a.php 第 121 行.
NOTIC: [8] Undefined index: show_id D:\www\guangjian\data\Runtime\Cache\Admin\b595b808c2ebeeeb0478ffc30bb4e87a.php 第 121 行.
NOTIC: [8] Undefined index: show_id D:\www\guangjian\data\Runtime\Cache\Admin\b595b808c2ebeeeb0478ffc30bb4e87a.php 第 121 行.
NOTIC: [8] Undefined index: show_id D:\www\guangjian\data\Runtime\Cache\Admin\b595b808c2ebeeeb0478ffc30bb4e87a.php 第 121 行.
NOTIC: [8] Undefined index: show_id D:\www\guangjian\data\Runtime\Cache\Admin\b595b808c2ebeeeb0478ffc30bb4e87a.php 第 121 行.
NOTIC: [8] Undefined index: show_id D:\www\guangjian\data\Runtime\Cache\Admin\b595b808c2ebeeeb0478ffc30bb4e87a.php 第 121 行.
NOTIC: [8] Undefined index: show_id D:\www\guangjian\data\Runtime\Cache\Admin\b595b808c2ebeeeb0478ffc30bb4e87a.php 第 121 行.
NOTIC: [8] Undefined index: show_id D:\www\guangjian\data\Runtime\Cache\Admin\b595b808c2ebeeeb0478ffc30bb4e87a.php 第 121 行.
NOTIC: [8] Undefined variable: page D:\www\guangjian\data\Runtime\Cache\Admin\b595b808c2ebeeeb0478ffc30bb4e87a.php 第 131 行.
INFO: Run Behavior\ParseTemplateBehavior [ RunTime:0.015625s ]
INFO: [ view_parse ] --END-- [ RunTime:0.015625s ]
INFO: [ view_filter ] --START--
INFO: Run Behavior\WriteHtmlCacheBehavior [ RunTime:0.000000s ]
INFO: [ view_filter ] --END-- [ RunTime:0.000000s ]
INFO: [ app_end ] --START--
INFO: Run Behavior\ShowPageTraceBehavior [ RunTime:0.000000s ]
INFO: [ app_end ] --END-- [ RunTime:0.000000s ]

[ 2019-01-13T11:45:41+08:00 ] 127.0.0.1 /admin/invite/full
INFO: [ app_init ] --START--
INFO: Run Behavior\BuildLiteBehavior [ RunTime:0.000000s ]
SQL: SHOW COLUMNS FROM `app_hooks` [ RunTime:0.0039s ]
SQL: SELECT `name`,`addons` FROM `app_hooks`  [ RunTime:0.0010s ]
SQL: SHOW COLUMNS FROM `app_addons` [ RunTime:0.0029s ]
SQL: SELECT `id`,`name` FROM `app_addons` WHERE `status` = 1 AND `name` IN ('Example1')  [ RunTime:0.0010s ]
INFO: Run Common\Behavior\InitHookBehavior [ RunTime:1.035156s ]
INFO: [ app_init ] --END-- [ RunTime:1.036132s ]
INFO: [ app_begin ] --START--
INFO: Run Behavior\ReadHtmlCacheBehavior [ RunTime:0.000000s ]
INFO: Run Behavior\CheckLangBehavior [ RunTime:0.000977s ]
INFO: [ app_begin ] --END-- [ RunTime:0.000977s ]
SQL: SHOW COLUMNS FROM `app_invite_full` [ RunTime:0.0068s ]
SQL: SELECT COUNT(*) AS tp_count FROM `app_invite_full` LIMIT 1   [ RunTime:0.0010s ]
NOTIC: [8] Undefined index: page D:\www\guangjian\Application\Admin\Controller\CommonController.class.php 第 289 行.
SQL: SELECT `id`,`phone`,`cat`,`work_name`,`work_years`,`education`,`work_province`,`work_city`,`salary`,`status`,`create_time` FROM `app_invite_full` ORDER BY id desc LIMIT 0,20   [ RunTime:0.0000s ]
INFO: [ view_parse ] --START--
INFO: [ template_filter ] --START--
INFO: Run Behavior\ContentReplaceBehavior [ RunTime:0.000976s ]
INFO: [ template_filter ] --END-- [ RunTime:0.000976s ]
INFO: Run Behavior\ParseTemplateBehavior [ RunTime:0.011718s ]
INFO: [ view_parse ] --END-- [ RunTime:0.011718s ]
INFO: [ view_filter ] --START--
INFO: Run Behavior\WriteHtmlCacheBehavior [ RunTime:0.000977s ]
INFO: [ view_filter ] --END-- [ RunTime:0.000977s ]
INFO: [ app_end ] --START--
INFO: Run Behavior\ShowPageTraceBehavior [ RunTime:0.000000s ]
INFO: [ app_end ] --END-- [ RunTime:0.000000s ]

[ 2019-01-13T11:45:45+08:00 ] 127.0.0.1 /admin/invite/part
INFO: [ app_init ] --START--
INFO: Run Behavior\BuildLiteBehavior [ RunTime:0.000000s ]
SQL: SHOW COLUMNS FROM `app_hooks` [ RunTime:0.0029s ]
SQL: SELECT `name`,`addons` FROM `app_hooks`  [ RunTime:0.0010s ]
SQL: SHOW COLUMNS FROM `app_addons` [ RunTime:0.0020s ]
SQL: SELECT `id`,`name` FROM `app_addons` WHERE `status` = 1 AND `name` IN ('Example1')  [ RunTime:0.0000s ]
INFO: Run Common\Behavior\InitHookBehavior [ RunTime:1.012696s ]
INFO: [ app_init ] --END-- [ RunTime:1.013672s ]
INFO: [ app_begin ] --START--
INFO: Run Behavior\ReadHtmlCacheBehavior [ RunTime:0.000000s ]
INFO: Run Behavior\CheckLangBehavior [ RunTime:0.000976s ]
INFO: [ app_begin ] --END-- [ RunTime:0.000976s ]

[ 2019-01-13T11:45:54+08:00 ] 127.0.0.1 /admin/ajax/edit_invite
INFO: [ app_init ] --START--
INFO: Run Behavior\BuildLiteBehavior [ RunTime:0.000000s ]
SQL: SHOW COLUMNS FROM `app_hooks` [ RunTime:0.0039s ]
SQL: SELECT `name`,`addons` FROM `app_hooks`  [ RunTime:0.0000s ]
SQL: SHOW COLUMNS FROM `app_addons` [ RunTime:0.0029s ]
SQL: SELECT `id`,`name` FROM `app_addons` WHERE `status` = 1 AND `name` IN ('Example1')  [ RunTime:0.0010s ]
INFO: Run Common\Behavior\InitHookBehavior [ RunTime:1.018555s ]
INFO: [ app_init ] --END-- [ RunTime:1.018555s ]
INFO: [ app_begin ] --START--
INFO: Run Behavior\ReadHtmlCacheBehavior [ RunTime:0.000000s ]
INFO: Run Behavior\CheckLangBehavior [ RunTime:0.001953s ]
INFO: [ app_begin ] --END-- [ RunTime:0.001953s ]
SQL: SHOW COLUMNS FROM `app_invite_full` [ RunTime:0.0039s ]
SQL: UPDATE `app_invite_full` SET `status`='2',`update_time`='1547351154' WHERE `id` = 5 [ RunTime:0.0039s ]

[ 2019-01-13T11:45:55+08:00 ] 127.0.0.1 /admin/invite/full
INFO: [ app_init ] --START--
INFO: Run Behavior\BuildLiteBehavior [ RunTime:0.000000s ]
SQL: SHOW COLUMNS FROM `app_hooks` [ RunTime:0.0039s ]
SQL: SELECT `name`,`addons` FROM `app_hooks`  [ RunTime:0.0000s ]
SQL: SHOW COLUMNS FROM `app_addons` [ RunTime:0.0029s ]
SQL: SELECT `id`,`name` FROM `app_addons` WHERE `status` = 1 AND `name` IN ('Example1')  [ RunTime:0.0000s ]
INFO: Run Common\Behavior\InitHookBehavior [ RunTime:1.019532s ]
INFO: [ app_init ] --END-- [ RunTime:1.020508s ]
INFO: [ app_begin ] --START--
INFO: Run Behavior\ReadHtmlCacheBehavior [ RunTime:0.000977s ]
INFO: Run Behavior\CheckLangBehavior [ RunTime:0.000977s ]
INFO: [ app_begin ] --END-- [ RunTime:0.001954s ]
SQL: SHOW COLUMNS FROM `app_invite_full` [ RunTime:0.0039s ]
SQL: SELECT COUNT(*) AS tp_count FROM `app_invite_full` LIMIT 1   [ RunTime:0.0000s ]
NOTIC: [8] Undefined index: page D:\www\guangjian\Application\Admin\Controller\CommonController.class.php 第 289 行.
SQL: SELECT `id`,`phone`,`cat`,`work_name`,`work_years`,`education`,`work_province`,`work_city`,`salary`,`status`,`create_time` FROM `app_invite_full` ORDER BY id desc LIMIT 0,20   [ RunTime:0.0000s ]
INFO: [ view_parse ] --START--
INFO: [ template_filter ] --START--
INFO: Run Behavior\ContentReplaceBehavior [ RunTime:0.000000s ]
INFO: [ template_filter ] --END-- [ RunTime:0.000000s ]
INFO: Run Behavior\ParseTemplateBehavior [ RunTime:0.010742s ]
INFO: [ view_parse ] --END-- [ RunTime:0.010742s ]
INFO: [ view_filter ] --START--
INFO: Run Behavior\WriteHtmlCacheBehavior [ RunTime:0.000976s ]
INFO: [ view_filter ] --END-- [ RunTime:0.000976s ]
INFO: [ app_end ] --START--
INFO: Run Behavior\ShowPageTraceBehavior [ RunTime:0.000000s ]
INFO: [ app_end ] --END-- [ RunTime:0.000000s ]

[ 2019-01-13T11:45:57+08:00 ] 127.0.0.1 /admin/ajax/edit_invite
INFO: [ app_init ] --START--
INFO: Run Behavior\BuildLiteBehavior [ RunTime:0.000000s ]
SQL: SHOW COLUMNS FROM `app_hooks` [ RunTime:0.0039s ]
SQL: SELECT `name`,`addons` FROM `app_hooks`  [ RunTime:0.0000s ]
SQL: SHOW COLUMNS FROM `app_addons` [ RunTime:0.0039s ]
SQL: SELECT `id`,`name` FROM `app_addons` WHERE `status` = 1 AND `name` IN ('Example1')  [ RunTime:0.0000s ]
INFO: Run Common\Behavior\InitHookBehavior [ RunTime:1.085937s ]
INFO: [ app_init ] --END-- [ RunTime:1.086914s ]
INFO: [ app_begin ] --START--
INFO: Run Behavior\ReadHtmlCacheBehavior [ RunTime:0.000977s ]
INFO: Run Behavior\CheckLangBehavior [ RunTime:0.000976s ]
INFO: [ app_begin ] --END-- [ RunTime:0.001953s ]
SQL: SHOW COLUMNS FROM `app_invite_full` [ RunTime:0.0039s ]
SQL: UPDATE `app_invite_full` SET `status`='1',`update_time`='1547351157' WHERE `id` = 5 [ RunTime:0.0029s ]

[ 2019-01-13T11:45:59+08:00 ] 127.0.0.1 /admin/invite/full
INFO: [ app_init ] --START--
INFO: Run Behavior\BuildLiteBehavior [ RunTime:0.000000s ]
SQL: SHOW COLUMNS FROM `app_hooks` [ RunTime:0.0029s ]
SQL: SELECT `name`,`addons` FROM `app_hooks`  [ RunTime:0.0010s ]
SQL: SHOW COLUMNS FROM `app_addons` [ RunTime:0.0029s ]
SQL: SELECT `id`,`name` FROM `app_addons` WHERE `status` = 1 AND `name` IN ('Example1')  [ RunTime:0.0000s ]
INFO: Run Common\Behavior\InitHookBehavior [ RunTime:1.019532s ]
INFO: [ app_init ] --END-- [ RunTime:1.020508s ]
INFO: [ app_begin ] --START--
INFO: Run Behavior\ReadHtmlCacheBehavior [ RunTime:0.000976s ]
INFO: Run Behavior\CheckLangBehavior [ RunTime:0.000977s ]
INFO: [ app_begin ] --END-- [ RunTime:0.001953s ]
SQL: SHOW COLUMNS FROM `app_invite_full` [ RunTime:0.0029s ]
SQL: SELECT COUNT(*) AS tp_count FROM `app_invite_full` LIMIT 1   [ RunTime:0.0000s ]
NOTIC: [8] Undefined index: page D:\www\guangjian\Application\Admin\Controller\CommonController.class.php 第 289 行.
SQL: SELECT `id`,`phone`,`cat`,`work_name`,`work_years`,`education`,`work_province`,`work_city`,`salary`,`status`,`create_time` FROM `app_invite_full` ORDER BY id desc LIMIT 0,20   [ RunTime:0.0010s ]
INFO: [ view_parse ] --START--
INFO: [ template_filter ] --START--
INFO: Run Behavior\ContentReplaceBehavior [ RunTime:0.000977s ]
INFO: [ template_filter ] --END-- [ RunTime:0.000977s ]
INFO: Run Behavior\ParseTemplateBehavior [ RunTime:0.010742s ]
INFO: [ view_parse ] --END-- [ RunTime:0.010742s ]
INFO: [ view_filter ] --START--
INFO: Run Behavior\WriteHtmlCacheBehavior [ RunTime:0.000000s ]
INFO: [ view_filter ] --END-- [ RunTime:0.000000s ]
INFO: [ app_end ] --START--
INFO: Run Behavior\ShowPageTraceBehavior [ RunTime:0.000977s ]
INFO: [ app_end ] --END-- [ RunTime:0.000977s ]

[ 2019-01-13T11:46:02+08:00 ] 127.0.0.1 /admin/invite/part
INFO: [ app_init ] --START--
INFO: Run Behavior\BuildLiteBehavior [ RunTime:0.000000s ]
SQL: SHOW COLUMNS FROM `app_hooks` [ RunTime:0.0039s ]
SQL: SELECT `name`,`addons` FROM `app_hooks`  [ RunTime:0.0010s ]
SQL: SHOW COLUMNS FROM `app_addons` [ RunTime:0.0039s ]
SQL: SELECT `id`,`name` FROM `app_addons` WHERE `status` = 1 AND `name` IN ('Example1')  [ RunTime:0.0010s ]
INFO: Run Common\Behavior\InitHookBehavior [ RunTime:1.023437s ]
INFO: [ app_init ] --END-- [ RunTime:1.023437s ]
INFO: [ app_begin ] --START--
INFO: Run Behavior\ReadHtmlCacheBehavior [ RunTime:0.000000s ]
INFO: Run Behavior\CheckLangBehavior [ RunTime:0.001953s ]
INFO: [ app_begin ] --END-- [ RunTime:0.001953s ]

[ 2019-01-13T11:46:30+08:00 ] 127.0.0.1 /admin
INFO: [ app_init ] --START--
INFO: Run Behavior\BuildLiteBehavior [ RunTime:0.000000s ]
SQL: SHOW COLUMNS FROM `app_hooks` [ RunTime:0.0039s ]
SQL: SELECT `name`,`addons` FROM `app_hooks`  [ RunTime:0.0000s ]
SQL: SHOW COLUMNS FROM `app_addons` [ RunTime:0.0029s ]
SQL: SELECT `id`,`name` FROM `app_addons` WHERE `status` = 1 AND `name` IN ('Example1')  [ RunTime:0.0010s ]
INFO: Run Common\Behavior\InitHookBehavior [ RunTime:1.026367s ]
INFO: [ app_init ] --END-- [ RunTime:1.026367s ]
INFO: [ app_begin ] --START--
INFO: Run Behavior\ReadHtmlCacheBehavior [ RunTime:0.000976s ]
INFO: Run Behavior\CheckLangBehavior [ RunTime:0.000977s ]
INFO: [ app_begin ] --END-- [ RunTime:0.001953s ]
INFO: [ view_parse ] --START--
INFO: [ template_filter ] --START--
INFO: Run Behavior\ContentReplaceBehavior [ RunTime:0.000000s ]
INFO: [ template_filter ] --END-- [ RunTime:0.000000s ]
NOTIC: [8] Undefined index: show_id D:\www\guangjian\data\Runtime\Cache\Admin\b595b808c2ebeeeb0478ffc30bb4e87a.php 第 121 行.
NOTIC: [8] Undefined index: show_id D:\www\guangjian\data\Runtime\Cache\Admin\b595b808c2ebeeeb0478ffc30bb4e87a.php 第 121 行.
NOTIC: [8] Undefined index: show_id D:\www\guangjian\data\Runtime\Cache\Admin\b595b808c2ebeeeb0478ffc30bb4e87a.php 第 121 行.
NOTIC: [8] Undefined index: show_id D:\www\guangjian\data\Runtime\Cache\Admin\b595b808c2ebeeeb0478ffc30bb4e87a.php 第 121 行.
NOTIC: [8] Undefined index: show_id D:\www\guangjian\data\Runtime\Cache\Admin\b595b808c2ebeeeb0478ffc30bb4e87a.php 第 121 行.
NOTIC: [8] Undefined index: show_id D:\www\guangjian\data\Runtime\Cache\Admin\b595b808c2ebeeeb0478ffc30bb4e87a.php 第 121 行.
NOTIC: [8] Undefined index: show_id D:\www\guangjian\data\Runtime\Cache\Admin\b595b808c2ebeeeb0478ffc30bb4e87a.php 第 121 行.
NOTIC: [8] Undefined index: show_id D:\www\guangjian\data\Runtime\Cache\Admin\b595b808c2ebeeeb0478ffc30bb4e87a.php 第 121 行.
NOTIC: [8] Undefined index: show_id D:\www\guangjian\data\Runtime\Cache\Admin\b595b808c2ebeeeb0478ffc30bb4e87a.php 第 121 行.
NOTIC: [8] Undefined index: show_id D:\www\guangjian\data\Runtime\Cache\Admin\b595b808c2ebeeeb0478ffc30bb4e87a.php 第 121 行.
NOTIC: [8] Undefined index: show_id D:\www\guangjian\data\Runtime\Cache\Admin\b595b808c2ebeeeb0478ffc30bb4e87a.php 第 121 行.
NOTIC: [8] Undefined variable: page D:\www\guangjian\data\Runtime\Cache\Admin\b595b808c2ebeeeb0478ffc30bb4e87a.php 第 131 行.
INFO: Run Behavior\ParseTemplateBehavior [ RunTime:0.013672s ]
INFO: [ view_parse ] --END-- [ RunTime:0.013672s ]
INFO: [ view_filter ] --START--
INFO: Run Behavior\WriteHtmlCacheBehavior [ RunTime:0.000000s ]
INFO: [ view_filter ] --END-- [ RunTime:0.000000s ]
INFO: [ app_end ] --START--
INFO: Run Behavior\ShowPageTraceBehavior [ RunTime:0.000977s ]
INFO: [ app_end ] --END-- [ RunTime:0.000977s ]

[ 2019-01-13T11:50:35+08:00 ] 127.0.0.1 /admin/invite/part
INFO: [ app_init ] --START--
INFO: Run Behavior\BuildLiteBehavior [ RunTime:0.000000s ]
SQL: SHOW COLUMNS FROM `app_hooks` [ RunTime:0.0039s ]
SQL: SELECT `name`,`addons` FROM `app_hooks`  [ RunTime:0.0010s ]
SQL: SHOW COLUMNS FROM `app_addons` [ RunTime:0.0029s ]
SQL: SELECT `id`,`name` FROM `app_addons` WHERE `status` = 1 AND `name` IN ('Example1')  [ RunTime:0.0000s ]
INFO: Run Common\Behavior\InitHookBehavior [ RunTime:1.020508s ]
INFO: [ app_init ] --END-- [ RunTime:1.021485s ]
INFO: [ app_begin ] --START--
INFO: Run Behavior\ReadHtmlCacheBehavior [ RunTime:0.000000s ]
INFO: Run Behavior\CheckLangBehavior [ RunTime:0.001953s ]
INFO: [ app_begin ] --END-- [ RunTime:0.001953s ]
SQL: SHOW COLUMNS FROM `app_invite_part` [ RunTime:0.0029s ]
SQL: SELECT COUNT(*) AS tp_count FROM `app_invite_part` LIMIT 1   [ RunTime:0.0010s ]
NOTIC: [8] Undefined index: page D:\www\guangjian\Application\Admin\Controller\CommonController.class.php 第 289 行.
ERR: SQLSTATE[42S22]: Column not found: 1054 Unknown column 'work_province' in 'field list'

[ 2019-01-13T11:50:48+08:00 ] 127.0.0.1 /admin/invite/part
INFO: [ app_init ] --START--
INFO: Run Behavior\BuildLiteBehavior [ RunTime:0.000000s ]
SQL: SHOW COLUMNS FROM `app_hooks` [ RunTime:0.0039s ]
SQL: SELECT `name`,`addons` FROM `app_hooks`  [ RunTime:0.0000s ]
SQL: SHOW COLUMNS FROM `app_addons` [ RunTime:0.0039s ]
SQL: SELECT `id`,`name` FROM `app_addons` WHERE `status` = 1 AND `name` IN ('Example1')  [ RunTime:0.0010s ]
INFO: Run Common\Behavior\InitHookBehavior [ RunTime:1.019531s ]
INFO: [ app_init ] --END-- [ RunTime:1.020508s ]
INFO: [ app_begin ] --START--
INFO: Run Behavior\ReadHtmlCacheBehavior [ RunTime:0.000000s ]
INFO: Run Behavior\CheckLangBehavior [ RunTime:0.001953s ]
INFO: [ app_begin ] --END-- [ RunTime:0.001953s ]
SQL: SHOW COLUMNS FROM `app_invite_part` [ RunTime:0.0029s ]
SQL: SELECT COUNT(*) AS tp_count FROM `app_invite_part` LIMIT 1   [ RunTime:0.0010s ]
NOTIC: [8] Undefined index: page D:\www\guangjian\Application\Admin\Controller\CommonController.class.php 第 289 行.
ERR: SQLSTATE[42S22]: Column not found: 1054 Unknown column 'status' in 'field list'

[ 2019-01-13T11:51:31+08:00 ] 127.0.0.1 /admin/invite/part
INFO: [ app_init ] --START--
INFO: Run Behavior\BuildLiteBehavior [ RunTime:0.000000s ]
SQL: SHOW COLUMNS FROM `app_hooks` [ RunTime:0.0039s ]
SQL: SELECT `name`,`addons` FROM `app_hooks`  [ RunTime:0.0010s ]
SQL: SHOW COLUMNS FROM `app_addons` [ RunTime:0.0029s ]
SQL: SELECT `id`,`name` FROM `app_addons` WHERE `status` = 1 AND `name` IN ('Example1')  [ RunTime:0.0010s ]
INFO: Run Common\Behavior\InitHookBehavior [ RunTime:1.014648s ]
INFO: [ app_init ] --END-- [ RunTime:1.015625s ]
INFO: [ app_begin ] --START--
INFO: Run Behavior\ReadHtmlCacheBehavior [ RunTime:0.000000s ]
INFO: Run Behavior\CheckLangBehavior [ RunTime:0.000977s ]
INFO: [ app_begin ] --END-- [ RunTime:0.001953s ]
SQL: SHOW COLUMNS FROM `app_invite_part` [ RunTime:0.0029s ]
SQL: SELECT COUNT(*) AS tp_count FROM `app_invite_part` LIMIT 1   [ RunTime:0.0000s ]
NOTIC: [8] Undefined index: page D:\www\guangjian\Application\Admin\Controller\CommonController.class.php 第 289 行.
SQL: SELECT `id`,`phone`,`call`,`company_name`,`cat_one`,`cat_two`,`salary`,`company_province`,`company_city`,`status`,`create_time` FROM `app_invite_part` ORDER BY id desc LIMIT 0,20   [ RunTime:0.0010s ]

[ 2019-01-13T11:53:17+08:00 ] 127.0.0.1 /admin/invite/part
INFO: [ app_init ] --START--
INFO: Run Behavior\BuildLiteBehavior [ RunTime:0.000976s ]
SQL: SHOW COLUMNS FROM `app_hooks` [ RunTime:0.0039s ]
SQL: SELECT `name`,`addons` FROM `app_hooks`  [ RunTime:0.0000s ]
SQL: SHOW COLUMNS FROM `app_addons` [ RunTime:0.0039s ]
SQL: SELECT `id`,`name` FROM `app_addons` WHERE `status` = 1 AND `name` IN ('Example1')  [ RunTime:0.0010s ]
INFO: Run Common\Behavior\InitHookBehavior [ RunTime:1.014649s ]
INFO: [ app_init ] --END-- [ RunTime:1.015625s ]
INFO: [ app_begin ] --START--
INFO: Run Behavior\ReadHtmlCacheBehavior [ RunTime:0.000977s ]
INFO: Run Behavior\CheckLangBehavior [ RunTime:0.001953s ]
INFO: [ app_begin ] --END-- [ RunTime:0.002930s ]
SQL: SHOW COLUMNS FROM `app_invite_part` [ RunTime:0.0020s ]
SQL: SELECT COUNT(*) AS tp_count FROM `app_invite_part` LIMIT 1   [ RunTime:0.0000s ]
NOTIC: [8] Undefined index: page D:\www\guangjian\Application\Admin\Controller\CommonController.class.php 第 289 行.
SQL: SELECT `id`,`phone`,`call`,`company_name`,`cat_one`,`cat_two`,`salary`,`company_province`,`company_city`,`status`,`create_time` FROM `app_invite_part` ORDER BY id desc LIMIT 0,20   [ RunTime:0.0000s ]
NOTIC: [8] Undefined variable: cat_one D:\www\guangjian\Application\Admin\Controller\InviteController.class.php 第 38 行.
INFO: [ view_parse ] --START--
INFO: [ template_filter ] --START--
INFO: Run Behavior\ContentReplaceBehavior [ RunTime:0.000000s ]
INFO: [ template_filter ] --END-- [ RunTime:0.000000s ]
NOTIC: [8] Undefined variable: resume_list D:\www\guangjian\data\Runtime\Cache\Admin\9829b3ad75372b9c1462bb69df9c36e8.php 第 170 行.
NOTIC: [2] Invalid argument supplied for foreach() D:\www\guangjian\data\Runtime\Cache\Admin\9829b3ad75372b9c1462bb69df9c36e8.php 第 170 行.
INFO: Run Behavior\ParseTemplateBehavior [ RunTime:0.012695s ]
INFO: [ view_parse ] --END-- [ RunTime:0.012695s ]
INFO: [ view_filter ] --START--
INFO: Run Behavior\WriteHtmlCacheBehavior [ RunTime:0.000000s ]
INFO: [ view_filter ] --END-- [ RunTime:0.000000s ]
INFO: [ app_end ] --START--
INFO: Run Behavior\ShowPageTraceBehavior [ RunTime:0.000000s ]
INFO: [ app_end ] --END-- [ RunTime:0.000977s ]

[ 2019-01-13T11:53:29+08:00 ] 127.0.0.1 /admin/invite/part
INFO: [ app_init ] --START--
INFO: Run Behavior\BuildLiteBehavior [ RunTime:0.000000s ]
SQL: SHOW COLUMNS FROM `app_hooks` [ RunTime:0.0029s ]
SQL: SELECT `name`,`addons` FROM `app_hooks`  [ RunTime:0.0000s ]
SQL: SHOW COLUMNS FROM `app_addons` [ RunTime:0.0029s ]
SQL: SELECT `id`,`name` FROM `app_addons` WHERE `status` = 1 AND `name` IN ('Example1')  [ RunTime:0.0000s ]
INFO: Run Common\Behavior\InitHookBehavior [ RunTime:1.102539s ]
INFO: [ app_init ] --END-- [ RunTime:1.102539s ]
INFO: [ app_begin ] --START--
INFO: Run Behavior\ReadHtmlCacheBehavior [ RunTime:0.000976s ]
INFO: Run Behavior\CheckLangBehavior [ RunTime:0.000977s ]
INFO: [ app_begin ] --END-- [ RunTime:0.001953s ]
SQL: SHOW COLUMNS FROM `app_invite_part` [ RunTime:0.0029s ]
SQL: SELECT COUNT(*) AS tp_count FROM `app_invite_part` LIMIT 1   [ RunTime:0.0010s ]
NOTIC: [8] Undefined index: page D:\www\guangjian\Application\Admin\Controller\CommonController.class.php 第 289 行.
SQL: SELECT `id`,`phone`,`call`,`company_name`,`cat_one`,`cat_two`,`salary`,`company_province`,`company_city`,`status`,`create_time` FROM `app_invite_part` ORDER BY id desc LIMIT 0,20   [ RunTime:0.0000s ]
NOTIC: [8] Undefined variable: cat_one D:\www\guangjian\Application\Admin\Controller\InviteController.class.php 第 38 行.
INFO: [ view_parse ] --START--
INFO: [ template_filter ] --START--
INFO: Run Behavior\ContentReplaceBehavior [ RunTime:0.000977s ]
INFO: [ template_filter ] --END-- [ RunTime:0.000977s ]
NOTIC: [8] Undefined variable: resume_list D:\www\guangjian\data\Runtime\Cache\Admin\9829b3ad75372b9c1462bb69df9c36e8.php 第 170 行.
NOTIC: [2] Invalid argument supplied for foreach() D:\www\guangjian\data\Runtime\Cache\Admin\9829b3ad75372b9c1462bb69df9c36e8.php 第 170 行.
INFO: Run Behavior\ParseTemplateBehavior [ RunTime:0.013672s ]
INFO: [ view_parse ] --END-- [ RunTime:0.013672s ]
INFO: [ view_filter ] --START--
INFO: Run Behavior\WriteHtmlCacheBehavior [ RunTime:0.000000s ]
INFO: [ view_filter ] --END-- [ RunTime:0.000000s ]
INFO: [ app_end ] --START--
INFO: Run Behavior\ShowPageTraceBehavior [ RunTime:0.000000s ]
INFO: [ app_end ] --END-- [ RunTime:0.000000s ]

[ 2019-01-13T11:53:36+08:00 ] 127.0.0.1 /admin/invite/part
INFO: [ app_init ] --START--
INFO: Run Behavior\BuildLiteBehavior [ RunTime:0.000000s ]
SQL: SHOW COLUMNS FROM `app_hooks` [ RunTime:0.0039s ]
SQL: SELECT `name`,`addons` FROM `app_hooks`  [ RunTime:0.0000s ]
SQL: SHOW COLUMNS FROM `app_addons` [ RunTime:0.0039s ]
SQL: SELECT `id`,`name` FROM `app_addons` WHERE `status` = 1 AND `name` IN ('Example1')  [ RunTime:0.0000s ]
INFO: Run Common\Behavior\InitHookBehavior [ RunTime:1.019531s ]
INFO: [ app_init ] --END-- [ RunTime:1.019531s ]
INFO: [ app_begin ] --START--
INFO: Run Behavior\ReadHtmlCacheBehavior [ RunTime:0.000977s ]
INFO: Run Behavior\CheckLangBehavior [ RunTime:0.000977s ]
INFO: [ app_begin ] --END-- [ RunTime:0.002930s ]
SQL: SHOW COLUMNS FROM `app_invite_part` [ RunTime:0.0039s ]
SQL: SELECT COUNT(*) AS tp_count FROM `app_invite_part` LIMIT 1   [ RunTime:0.0000s ]
NOTIC: [8] Undefined index: page D:\www\guangjian\Application\Admin\Controller\CommonController.class.php 第 289 行.
SQL: SELECT `id`,`phone`,`call`,`company_name`,`cat_one`,`cat_two`,`salary`,`company_province`,`company_city`,`status`,`create_time` FROM `app_invite_part` ORDER BY id desc LIMIT 0,20   [ RunTime:0.0010s ]

[ 2019-01-13T11:56:04+08:00 ] 127.0.0.1 /admin/invite/part
INFO: [ app_init ] --START--
INFO: Run Behavior\BuildLiteBehavior [ RunTime:0.000000s ]
SQL: SHOW COLUMNS FROM `app_hooks` [ RunTime:0.0020s ]
SQL: SELECT `name`,`addons` FROM `app_hooks`  [ RunTime:0.0000s ]
SQL: SHOW COLUMNS FROM `app_addons` [ RunTime:0.0029s ]
SQL: SELECT `id`,`name` FROM `app_addons` WHERE `status` = 1 AND `name` IN ('Example1')  [ RunTime:0.0010s ]
INFO: Run Common\Behavior\InitHookBehavior [ RunTime:1.038086s ]
INFO: [ app_init ] --END-- [ RunTime:1.039063s ]
INFO: [ app_begin ] --START--
INFO: Run Behavior\ReadHtmlCacheBehavior [ RunTime:0.000977s ]
INFO: Run Behavior\CheckLangBehavior [ RunTime:0.000976s ]
INFO: [ app_begin ] --END-- [ RunTime:0.001953s ]
SQL: SHOW COLUMNS FROM `app_invite_part` [ RunTime:0.0039s ]
SQL: SELECT COUNT(*) AS tp_count FROM `app_invite_part` LIMIT 1   [ RunTime:0.0000s ]
NOTIC: [8] Undefined index: page D:\www\guangjian\Application\Admin\Controller\CommonController.class.php 第 289 行.
SQL: SELECT `id`,`phone`,`call`,`company_name`,`cat_one`,`cat_two`,`salary`,`company_province`,`company_city`,`status`,`create_time` FROM `app_invite_part` ORDER BY id desc LIMIT 0,20   [ RunTime:0.0010s ]

[ 2019-01-13T11:56:11+08:00 ] 127.0.0.1 /admin/invite/part
INFO: [ app_init ] --START--
INFO: Run Behavior\BuildLiteBehavior [ RunTime:0.000000s ]
SQL: SHOW COLUMNS FROM `app_hooks` [ RunTime:0.0029s ]
SQL: SELECT `name`,`addons` FROM `app_hooks`  [ RunTime:0.0000s ]
SQL: SHOW COLUMNS FROM `app_addons` [ RunTime:0.0039s ]
SQL: SELECT `id`,`name` FROM `app_addons` WHERE `status` = 1 AND `name` IN ('Example1')  [ RunTime:0.0000s ]
INFO: Run Common\Behavior\InitHookBehavior [ RunTime:1.021484s ]
INFO: [ app_init ] --END-- [ RunTime:1.022461s ]
INFO: [ app_begin ] --START--
INFO: Run Behavior\ReadHtmlCacheBehavior [ RunTime:0.000977s ]
INFO: Run Behavior\CheckLangBehavior [ RunTime:0.000976s ]
INFO: [ app_begin ] --END-- [ RunTime:0.002930s ]
SQL: SHOW COLUMNS FROM `app_invite_part` [ RunTime:0.0039s ]
SQL: SELECT COUNT(*) AS tp_count FROM `app_invite_part` LIMIT 1   [ RunTime:0.0010s ]
NOTIC: [8] Undefined index: page D:\www\guangjian\Application\Admin\Controller\CommonController.class.php 第 289 行.
SQL: SELECT `id`,`phone`,`call`,`company_name`,`cat_one`,`cat_two`,`salary`,`company_province`,`company_city`,`status`,`create_time` FROM `app_invite_part` ORDER BY id desc LIMIT 0,20   [ RunTime:0.0000s ]
NOTIC: [8] Undefined variable: cat_one D:\www\guangjian\Application\Admin\Controller\InviteController.class.php 第 38 行.
INFO: [ view_parse ] --START--
INFO: [ template_filter ] --START--
INFO: Run Behavior\ContentReplaceBehavior [ RunTime:0.000000s ]
INFO: [ template_filter ] --END-- [ RunTime:0.000000s ]
NOTIC: [8] Undefined offset: 1 D:\www\guangjian\data\Runtime\Cache\Admin\9829b3ad75372b9c1462bb69df9c36e8.php 第 176 行.
NOTIC: [8] Undefined offset: 2 D:\www\guangjian\data\Runtime\Cache\Admin\9829b3ad75372b9c1462bb69df9c36e8.php 第 176 行.
NOTIC: [8] Undefined offset: 1 D:\www\guangjian\data\Runtime\Cache\Admin\9829b3ad75372b9c1462bb69df9c36e8.php 第 176 行.
INFO: Run Behavior\ParseTemplateBehavior [ RunTime:0.011719s ]
INFO: [ view_parse ] --END-- [ RunTime:0.011719s ]
INFO: [ view_filter ] --START--
INFO: Run Behavior\WriteHtmlCacheBehavior [ RunTime:0.000000s ]
INFO: [ view_filter ] --END-- [ RunTime:0.000000s ]
INFO: [ app_end ] --START--
INFO: Run Behavior\ShowPageTraceBehavior [ RunTime:0.000976s ]
INFO: [ app_end ] --END-- [ RunTime:0.000976s ]

[ 2019-01-13T11:56:52+08:00 ] 127.0.0.1 /admin/invite/part
INFO: [ app_init ] --START--
INFO: Run Behavior\BuildLiteBehavior [ RunTime:0.000000s ]
SQL: SHOW COLUMNS FROM `app_hooks` [ RunTime:0.0039s ]
SQL: SELECT `name`,`addons` FROM `app_hooks`  [ RunTime:0.0010s ]
SQL: SHOW COLUMNS FROM `app_addons` [ RunTime:0.0029s ]
SQL: SELECT `id`,`name` FROM `app_addons` WHERE `status` = 1 AND `name` IN ('Example1')  [ RunTime:0.0000s ]
INFO: Run Common\Behavior\InitHookBehavior [ RunTime:1.017578s ]
INFO: [ app_init ] --END-- [ RunTime:1.019531s ]
INFO: [ app_begin ] --START--
INFO: Run Behavior\ReadHtmlCacheBehavior [ RunTime:0.000000s ]
INFO: Run Behavior\CheckLangBehavior [ RunTime:0.000977s ]
INFO: [ app_begin ] --END-- [ RunTime:0.000977s ]
SQL: SHOW COLUMNS FROM `app_invite_part` [ RunTime:0.0029s ]
SQL: SELECT COUNT(*) AS tp_count FROM `app_invite_part` LIMIT 1   [ RunTime:0.0000s ]
NOTIC: [8] Undefined index: page D:\www\guangjian\Application\Admin\Controller\CommonController.class.php 第 289 行.
SQL: SELECT `id`,`phone`,`call`,`company_name`,`cat_one`,`cat_two`,`salary`,`company_province`,`company_city`,`status`,`create_time` FROM `app_invite_part` ORDER BY id desc LIMIT 0,20   [ RunTime:0.0010s ]
NOTIC: [8] Undefined variable: cat_one D:\www\guangjian\Application\Admin\Controller\InviteController.class.php 第 37 行.

[ 2019-01-13T11:57:05+08:00 ] 127.0.0.1 /admin/invite/part
INFO: [ app_init ] --START--
INFO: Run Behavior\BuildLiteBehavior [ RunTime:0.000000s ]
SQL: SHOW COLUMNS FROM `app_hooks` [ RunTime:0.0039s ]
SQL: SELECT `name`,`addons` FROM `app_hooks`  [ RunTime:0.0010s ]
SQL: SHOW COLUMNS FROM `app_addons` [ RunTime:0.0029s ]
SQL: SELECT `id`,`name` FROM `app_addons` WHERE `status` = 1 AND `name` IN ('Example1')  [ RunTime:0.0000s ]
INFO: Run Common\Behavior\InitHookBehavior [ RunTime:1.018555s ]
INFO: [ app_init ] --END-- [ RunTime:1.019531s ]
INFO: [ app_begin ] --START--
INFO: Run Behavior\ReadHtmlCacheBehavior [ RunTime:0.000976s ]
INFO: Run Behavior\CheckLangBehavior [ RunTime:0.000977s ]
INFO: [ app_begin ] --END-- [ RunTime:0.001953s ]
SQL: SHOW COLUMNS FROM `app_invite_part` [ RunTime:0.0029s ]
SQL: SELECT COUNT(*) AS tp_count FROM `app_invite_part` LIMIT 1   [ RunTime:0.0000s ]
NOTIC: [8] Undefined index: page D:\www\guangjian\Application\Admin\Controller\CommonController.class.php 第 289 行.
SQL: SELECT `id`,`phone`,`call`,`company_name`,`cat_one`,`cat_two`,`salary`,`company_province`,`company_city`,`status`,`create_time` FROM `app_invite_part` ORDER BY id desc LIMIT 0,20   [ RunTime:0.0000s ]

[ 2019-01-13T11:57:16+08:00 ] 127.0.0.1 /admin/invite/part
INFO: [ app_init ] --START--
INFO: Run Behavior\BuildLiteBehavior [ RunTime:0.000000s ]
SQL: SHOW COLUMNS FROM `app_hooks` [ RunTime:0.0029s ]
SQL: SELECT `name`,`addons` FROM `app_hooks`  [ RunTime:0.0010s ]
SQL: SHOW COLUMNS FROM `app_addons` [ RunTime:0.0029s ]
SQL: SELECT `id`,`name` FROM `app_addons` WHERE `status` = 1 AND `name` IN ('Example1')  [ RunTime:0.0000s ]
INFO: Run Common\Behavior\InitHookBehavior [ RunTime:1.013672s ]
INFO: [ app_init ] --END-- [ RunTime:1.014648s ]
INFO: [ app_begin ] --START--
INFO: Run Behavior\ReadHtmlCacheBehavior [ RunTime:0.000976s ]
INFO: Run Behavior\CheckLangBehavior [ RunTime:0.000977s ]
INFO: [ app_begin ] --END-- [ RunTime:0.001953s ]
SQL: SHOW COLUMNS FROM `app_invite_part` [ RunTime:0.0020s ]
SQL: SELECT COUNT(*) AS tp_count FROM `app_invite_part` LIMIT 1   [ RunTime:0.0000s ]
NOTIC: [8] Undefined index: page D:\www\guangjian\Application\Admin\Controller\CommonController.class.php 第 289 行.
SQL: SELECT `id`,`phone`,`call`,`company_name`,`cat_one`,`cat_two`,`salary`,`company_province`,`company_city`,`status`,`create_time` FROM `app_invite_part` ORDER BY id desc LIMIT 0,20   [ RunTime:0.0000s ]
INFO: [ view_parse ] --START--
INFO: [ template_filter ] --START--
INFO: Run Behavior\ContentReplaceBehavior [ RunTime:0.000000s ]
INFO: [ template_filter ] --END-- [ RunTime:0.000000s ]
INFO: Run Behavior\ParseTemplateBehavior [ RunTime:0.010742s ]
INFO: [ view_parse ] --END-- [ RunTime:0.010742s ]
INFO: [ view_filter ] --START--
INFO: Run Behavior\WriteHtmlCacheBehavior [ RunTime:0.000000s ]
INFO: [ view_filter ] --END-- [ RunTime:0.000000s ]
INFO: [ app_end ] --START--
INFO: Run Behavior\ShowPageTraceBehavior [ RunTime:0.000976s ]
INFO: [ app_end ] --END-- [ RunTime:0.000976s ]

[ 2019-01-13T11:58:14+08:00 ] 127.0.0.1 /admin/invite/part
INFO: [ app_init ] --START--
INFO: Run Behavior\BuildLiteBehavior [ RunTime:0.000000s ]
SQL: SHOW COLUMNS FROM `app_hooks` [ RunTime:0.0029s ]
SQL: SELECT `name`,`addons` FROM `app_hooks`  [ RunTime:0.0010s ]
SQL: SHOW COLUMNS FROM `app_addons` [ RunTime:0.0020s ]
SQL: SELECT `id`,`name` FROM `app_addons` WHERE `status` = 1 AND `name` IN ('Example1')  [ RunTime:0.0000s ]
INFO: Run Common\Behavior\InitHookBehavior [ RunTime:1.022461s ]
INFO: [ app_init ] --END-- [ RunTime:1.022461s ]
INFO: [ app_begin ] --START--
INFO: Run Behavior\ReadHtmlCacheBehavior [ RunTime:0.000977s ]
INFO: Run Behavior\CheckLangBehavior [ RunTime:0.000976s ]
INFO: [ app_begin ] --END-- [ RunTime:0.001953s ]
SQL: SHOW COLUMNS FROM `app_invite_part` [ RunTime:0.0039s ]
SQL: SELECT COUNT(*) AS tp_count FROM `app_invite_part` LIMIT 1   [ RunTime:0.0000s ]
NOTIC: [8] Undefined index: page D:\www\guangjian\Application\Admin\Controller\CommonController.class.php 第 289 行.
SQL: SELECT `id`,`phone`,`call`,`company_name`,`cat_one`,`cat_two`,`salary`,`company_province`,`company_city`,`status`,`create_time` FROM `app_invite_part` ORDER BY id desc LIMIT 0,20   [ RunTime:0.0000s ]
INFO: [ view_parse ] --START--
INFO: [ template_filter ] --START--
INFO: Run Behavior\ContentReplaceBehavior [ RunTime:0.000000s ]
INFO: [ template_filter ] --END-- [ RunTime:0.000000s ]
INFO: Run Behavior\ParseTemplateBehavior [ RunTime:0.015625s ]
INFO: [ view_parse ] --END-- [ RunTime:0.015625s ]
INFO: [ view_filter ] --START--
INFO: Run Behavior\WriteHtmlCacheBehavior [ RunTime:0.000977s ]
INFO: [ view_filter ] --END-- [ RunTime:0.000977s ]
INFO: [ app_end ] --START--
INFO: Run Behavior\ShowPageTraceBehavior [ RunTime:0.000977s ]
INFO: [ app_end ] --END-- [ RunTime:0.000977s ]

[ 2019-01-13T11:58:16+08:00 ] 127.0.0.1 /admin/ajax/edit_invite
INFO: [ app_init ] --START--
INFO: Run Behavior\BuildLiteBehavior [ RunTime:0.000000s ]
SQL: SHOW COLUMNS FROM `app_hooks` [ RunTime:0.0029s ]
SQL: SELECT `name`,`addons` FROM `app_hooks`  [ RunTime:0.0010s ]
SQL: SHOW COLUMNS FROM `app_addons` [ RunTime:0.0029s ]
SQL: SELECT `id`,`name` FROM `app_addons` WHERE `status` = 1 AND `name` IN ('Example1')  [ RunTime:0.0000s ]
INFO: Run Common\Behavior\InitHookBehavior [ RunTime:1.011719s ]
INFO: [ app_init ] --END-- [ RunTime:1.011719s ]
INFO: [ app_begin ] --START--
INFO: Run Behavior\ReadHtmlCacheBehavior [ RunTime:0.000976s ]
INFO: Run Behavior\CheckLangBehavior [ RunTime:0.000977s ]
INFO: [ app_begin ] --END-- [ RunTime:0.001953s ]
SQL: SHOW COLUMNS FROM `app_invite_part` [ RunTime:0.0029s ]
SQL: UPDATE `app_invite_part` SET `status`='2',`update_time`='1547351896' WHERE `id` = 9 [ RunTime:0.0020s ]

[ 2019-01-13T11:58:18+08:00 ] 127.0.0.1 /admin/invite/part
INFO: [ app_init ] --START--
INFO: Run Behavior\BuildLiteBehavior [ RunTime:0.000000s ]
SQL: SHOW COLUMNS FROM `app_hooks` [ RunTime:0.0039s ]
SQL: SELECT `name`,`addons` FROM `app_hooks`  [ RunTime:0.0000s ]
SQL: SHOW COLUMNS FROM `app_addons` [ RunTime:0.0029s ]
SQL: SELECT `id`,`name` FROM `app_addons` WHERE `status` = 1 AND `name` IN ('Example1')  [ RunTime:0.0000s ]
INFO: Run Common\Behavior\InitHookBehavior [ RunTime:1.018555s ]
INFO: [ app_init ] --END-- [ RunTime:1.019531s ]
INFO: [ app_begin ] --START--
INFO: Run Behavior\ReadHtmlCacheBehavior [ RunTime:0.000000s ]
INFO: Run Behavior\CheckLangBehavior [ RunTime:0.000977s ]
INFO: [ app_begin ] --END-- [ RunTime:0.001953s ]
SQL: SHOW COLUMNS FROM `app_invite_part` [ RunTime:0.0029s ]
SQL: SELECT COUNT(*) AS tp_count FROM `app_invite_part` LIMIT 1   [ RunTime:0.0000s ]
NOTIC: [8] Undefined index: page D:\www\guangjian\Application\Admin\Controller\CommonController.class.php 第 289 行.
SQL: SELECT `id`,`phone`,`call`,`company_name`,`cat_one`,`cat_two`,`salary`,`company_province`,`company_city`,`status`,`create_time` FROM `app_invite_part` ORDER BY id desc LIMIT 0,20   [ RunTime:0.0000s ]
INFO: [ view_parse ] --START--
INFO: [ template_filter ] --START--
INFO: Run Behavior\ContentReplaceBehavior [ RunTime:0.000000s ]
INFO: [ template_filter ] --END-- [ RunTime:0.000000s ]
INFO: Run Behavior\ParseTemplateBehavior [ RunTime:0.010742s ]
INFO: [ view_parse ] --END-- [ RunTime:0.010742s ]
INFO: [ view_filter ] --START--
INFO: Run Behavior\WriteHtmlCacheBehavior [ RunTime:0.000977s ]
INFO: [ view_filter ] --END-- [ RunTime:0.000977s ]
INFO: [ app_end ] --START--
INFO: Run Behavior\ShowPageTraceBehavior [ RunTime:0.000000s ]
INFO: [ app_end ] --END-- [ RunTime:0.000000s ]

[ 2019-01-13T11:58:20+08:00 ] 127.0.0.1 /admin/ajax/edit_invite
INFO: [ app_init ] --START--
INFO: Run Behavior\BuildLiteBehavior [ RunTime:0.000000s ]
SQL: SHOW COLUMNS FROM `app_hooks` [ RunTime:0.0039s ]
SQL: SELECT `name`,`addons` FROM `app_hooks`  [ RunTime:0.0000s ]
SQL: SHOW COLUMNS FROM `app_addons` [ RunTime:0.0029s ]
SQL: SELECT `id`,`name` FROM `app_addons` WHERE `status` = 1 AND `name` IN ('Example1')  [ RunTime:0.0010s ]
INFO: Run Common\Behavior\InitHookBehavior [ RunTime:1.022461s ]
INFO: [ app_init ] --END-- [ RunTime:1.023438s ]
INFO: [ app_begin ] --START--
INFO: Run Behavior\ReadHtmlCacheBehavior [ RunTime:0.000977s ]
INFO: Run Behavior\CheckLangBehavior [ RunTime:0.000977s ]
INFO: [ app_begin ] --END-- [ RunTime:0.001954s ]
SQL: SHOW COLUMNS FROM `app_invite_part` [ RunTime:0.0029s ]
SQL: UPDATE `app_invite_part` SET `status`='1',`update_time`='1547351900' WHERE `id` = 9 [ RunTime:0.0029s ]

[ 2019-01-13T11:58:23+08:00 ] 127.0.0.1 /admin/invite/part
INFO: [ app_init ] --START--
INFO: Run Behavior\BuildLiteBehavior [ RunTime:0.000000s ]
SQL: SHOW COLUMNS FROM `app_hooks` [ RunTime:0.0020s ]
SQL: SELECT `name`,`addons` FROM `app_hooks`  [ RunTime:0.0000s ]
SQL: SHOW COLUMNS FROM `app_addons` [ RunTime:0.0029s ]
SQL: SELECT `id`,`name` FROM `app_addons` WHERE `status` = 1 AND `name` IN ('Example1')  [ RunTime:0.0010s ]
INFO: Run Common\Behavior\InitHookBehavior [ RunTime:1.024414s ]
INFO: [ app_init ] --END-- [ RunTime:1.025391s ]
INFO: [ app_begin ] --START--
INFO: Run Behavior\ReadHtmlCacheBehavior [ RunTime:0.000000s ]
INFO: Run Behavior\CheckLangBehavior [ RunTime:0.001954s ]
INFO: [ app_begin ] --END-- [ RunTime:0.001954s ]
SQL: SHOW COLUMNS FROM `app_invite_part` [ RunTime:0.0029s ]
SQL: SELECT COUNT(*) AS tp_count FROM `app_invite_part` LIMIT 1   [ RunTime:0.0000s ]
NOTIC: [8] Undefined index: page D:\www\guangjian\Application\Admin\Controller\CommonController.class.php 第 289 行.
SQL: SELECT `id`,`phone`,`call`,`company_name`,`cat_one`,`cat_two`,`salary`,`company_province`,`company_city`,`status`,`create_time` FROM `app_invite_part` ORDER BY id desc LIMIT 0,20   [ RunTime:0.0010s ]
INFO: [ view_parse ] --START--
INFO: [ template_filter ] --START--
INFO: Run Behavior\ContentReplaceBehavior [ RunTime:0.000000s ]
INFO: [ template_filter ] --END-- [ RunTime:0.000000s ]
INFO: Run Behavior\ParseTemplateBehavior [ RunTime:0.014649s ]
INFO: [ view_parse ] --END-- [ RunTime:0.014649s ]
INFO: [ view_filter ] --START--
INFO: Run Behavior\WriteHtmlCacheBehavior [ RunTime:0.000000s ]
INFO: [ view_filter ] --END-- [ RunTime:0.000000s ]
INFO: [ app_end ] --START--
INFO: Run Behavior\ShowPageTraceBehavior [ RunTime:0.000976s ]
INFO: [ app_end ] --END-- [ RunTime:0.000976s ]

[ 2019-01-13T11:58:30+08:00 ] 127.0.0.1 /admin/invite/part
INFO: [ app_init ] --START--
INFO: Run Behavior\BuildLiteBehavior [ RunTime:0.000000s ]
SQL: SHOW COLUMNS FROM `app_hooks` [ RunTime:0.0039s ]
SQL: SELECT `name`,`addons` FROM `app_hooks`  [ RunTime:0.0010s ]
SQL: SHOW COLUMNS FROM `app_addons` [ RunTime:0.0029s ]
SQL: SELECT `id`,`name` FROM `app_addons` WHERE `status` = 1 AND `name` IN ('Example1')  [ RunTime:0.0000s ]
INFO: Run Common\Behavior\InitHookBehavior [ RunTime:1.020508s ]
INFO: [ app_init ] --END-- [ RunTime:1.021485s ]
INFO: [ app_begin ] --START--
INFO: Run Behavior\ReadHtmlCacheBehavior [ RunTime:0.000977s ]
INFO: Run Behavior\CheckLangBehavior [ RunTime:0.000976s ]
INFO: [ app_begin ] --END-- [ RunTime:0.001953s ]
SQL: SHOW COLUMNS FROM `app_invite_part` [ RunTime:0.0039s ]
SQL: SELECT COUNT(*) AS tp_count FROM `app_invite_part` LIMIT 1   [ RunTime:0.0000s ]
NOTIC: [8] Undefined index: page D:\www\guangjian\Application\Admin\Controller\CommonController.class.php 第 289 行.
SQL: SELECT `id`,`phone`,`call`,`company_name`,`cat_one`,`cat_two`,`salary`,`company_province`,`company_city`,`status`,`create_time` FROM `app_invite_part` ORDER BY id desc LIMIT 0,20   [ RunTime:0.0000s ]
INFO: [ view_parse ] --START--
INFO: [ template_filter ] --START--
INFO: Run Behavior\ContentReplaceBehavior [ RunTime:0.000000s ]
INFO: [ template_filter ] --END-- [ RunTime:0.000000s ]
INFO: Run Behavior\ParseTemplateBehavior [ RunTime:0.014648s ]
INFO: [ view_parse ] --END-- [ RunTime:0.014648s ]
INFO: [ view_filter ] --START--
INFO: Run Behavior\WriteHtmlCacheBehavior [ RunTime:0.000977s ]
INFO: [ view_filter ] --END-- [ RunTime:0.000977s ]
INFO: [ app_end ] --START--
INFO: Run Behavior\ShowPageTraceBehavior [ RunTime:0.000000s ]
INFO: [ app_end ] --END-- [ RunTime:0.000977s ]

[ 2019-01-13T11:58:32+08:00 ] 127.0.0.1 /admin/ajax/edit_invite
INFO: [ app_init ] --START--
INFO: Run Behavior\BuildLiteBehavior [ RunTime:0.000000s ]
SQL: SHOW COLUMNS FROM `app_hooks` [ RunTime:0.0039s ]
SQL: SELECT `name`,`addons` FROM `app_hooks`  [ RunTime:0.0010s ]
SQL: SHOW COLUMNS FROM `app_addons` [ RunTime:0.0020s ]
SQL: SELECT `id`,`name` FROM `app_addons` WHERE `status` = 1 AND `name` IN ('Example1')  [ RunTime:0.0000s ]
INFO: Run Common\Behavior\InitHookBehavior [ RunTime:1.019531s ]
INFO: [ app_init ] --END-- [ RunTime:1.019531s ]
INFO: [ app_begin ] --START--
INFO: Run Behavior\ReadHtmlCacheBehavior [ RunTime:0.000000s ]
INFO: Run Behavior\CheckLangBehavior [ RunTime:0.000976s ]
INFO: [ app_begin ] --END-- [ RunTime:0.001953s ]
SQL: SHOW COLUMNS FROM `app_invite_part` [ RunTime:0.0029s ]
SQL: UPDATE `app_invite_part` SET `status`='2',`update_time`='1547351912' WHERE `id` = 9 [ RunTime:0.0020s ]

[ 2019-01-13T11:58:33+08:00 ] 127.0.0.1 /admin/ajax/edit_invite
INFO: [ app_init ] --START--
INFO: Run Behavior\BuildLiteBehavior [ RunTime:0.000000s ]
SQL: SHOW COLUMNS FROM `app_hooks` [ RunTime:0.0029s ]
SQL: SELECT `name`,`addons` FROM `app_hooks`  [ RunTime:0.0010s ]
SQL: SHOW COLUMNS FROM `app_addons` [ RunTime:0.0029s ]
SQL: SELECT `id`,`name` FROM `app_addons` WHERE `status` = 1 AND `name` IN ('Example1')  [ RunTime:0.0000s ]
INFO: Run Common\Behavior\InitHookBehavior [ RunTime:1.018555s ]
INFO: [ app_init ] --END-- [ RunTime:1.018555s ]
INFO: [ app_begin ] --START--
INFO: Run Behavior\ReadHtmlCacheBehavior [ RunTime:0.000976s ]
INFO: Run Behavior\CheckLangBehavior [ RunTime:0.000977s ]
INFO: [ app_begin ] --END-- [ RunTime:0.001953s ]
SQL: SHOW COLUMNS FROM `app_invite_part` [ RunTime:0.0029s ]
SQL: UPDATE `app_invite_part` SET `status`='2',`update_time`='1547351913' WHERE `id` = 5 [ RunTime:0.0029s ]

[ 2019-01-13T11:58:34+08:00 ] 127.0.0.1 /admin/ajax/edit_invite
INFO: [ app_init ] --START--
INFO: Run Behavior\BuildLiteBehavior [ RunTime:0.000000s ]
SQL: SHOW COLUMNS FROM `app_hooks` [ RunTime:0.0029s ]
SQL: SELECT `name`,`addons` FROM `app_hooks`  [ RunTime:0.0010s ]
SQL: SHOW COLUMNS FROM `app_addons` [ RunTime:0.0029s ]
SQL: SELECT `id`,`name` FROM `app_addons` WHERE `status` = 1 AND `name` IN ('Example1')  [ RunTime:0.0000s ]
INFO: Run Common\Behavior\InitHookBehavior [ RunTime:1.022461s ]
INFO: [ app_init ] --END-- [ RunTime:1.022461s ]
INFO: [ app_begin ] --START--
INFO: Run Behavior\ReadHtmlCacheBehavior [ RunTime:0.000976s ]
INFO: Run Behavior\CheckLangBehavior [ RunTime:0.000977s ]
INFO: [ app_begin ] --END-- [ RunTime:0.001953s ]
SQL: SHOW COLUMNS FROM `app_invite_part` [ RunTime:0.0020s ]
SQL: UPDATE `app_invite_part` SET `status`='2',`update_time`='1547351914' WHERE `id` = 4 [ RunTime:0.0029s ]

[ 2019-01-13T11:58:35+08:00 ] 127.0.0.1 /admin/invite/part
INFO: [ app_init ] --START--
INFO: Run Behavior\BuildLiteBehavior [ RunTime:0.000000s ]
SQL: SHOW COLUMNS FROM `app_hooks` [ RunTime:0.0029s ]
SQL: SELECT `name`,`addons` FROM `app_hooks`  [ RunTime:0.0010s ]
SQL: SHOW COLUMNS FROM `app_addons` [ RunTime:0.0020s ]
SQL: SELECT `id`,`name` FROM `app_addons` WHERE `status` = 1 AND `name` IN ('Example1')  [ RunTime:0.0000s ]
INFO: Run Common\Behavior\InitHookBehavior [ RunTime:1.037110s ]
INFO: [ app_init ] --END-- [ RunTime:1.037110s ]
INFO: [ app_begin ] --START--
INFO: Run Behavior\ReadHtmlCacheBehavior [ RunTime:0.000000s ]
INFO: Run Behavior\CheckLangBehavior [ RunTime:0.000977s ]
INFO: [ app_begin ] --END-- [ RunTime:0.001953s ]
SQL: SHOW COLUMNS FROM `app_invite_part` [ RunTime:0.0029s ]
SQL: SELECT COUNT(*) AS tp_count FROM `app_invite_part` LIMIT 1   [ RunTime:0.0010s ]
NOTIC: [8] Undefined index: page D:\www\guangjian\Application\Admin\Controller\CommonController.class.php 第 289 行.
SQL: SELECT `id`,`phone`,`call`,`company_name`,`cat_one`,`cat_two`,`salary`,`company_province`,`company_city`,`status`,`create_time` FROM `app_invite_part` ORDER BY id desc LIMIT 0,20   [ RunTime:0.0000s ]
INFO: [ view_parse ] --START--
INFO: [ template_filter ] --START--
INFO: Run Behavior\ContentReplaceBehavior [ RunTime:0.000000s ]
INFO: [ template_filter ] --END-- [ RunTime:0.000000s ]
INFO: Run Behavior\ParseTemplateBehavior [ RunTime:0.012696s ]
INFO: [ view_parse ] --END-- [ RunTime:0.012696s ]
INFO: [ view_filter ] --START--
INFO: Run Behavior\WriteHtmlCacheBehavior [ RunTime:0.000000s ]
INFO: [ view_filter ] --END-- [ RunTime:0.000000s ]
INFO: [ app_end ] --START--
INFO: Run Behavior\ShowPageTraceBehavior [ RunTime:0.000976s ]
INFO: [ app_end ] --END-- [ RunTime:0.000976s ]

[ 2019-01-13T13:39:23+08:00 ] 127.0.0.1 /admin
INFO: [ app_init ] --START--
INFO: Run Behavior\BuildLiteBehavior [ RunTime:0.000000s ]
SQL: SHOW COLUMNS FROM `app_hooks` [ RunTime:0.0039s ]
SQL: SELECT `name`,`addons` FROM `app_hooks`  [ RunTime:0.0000s ]
SQL: SHOW COLUMNS FROM `app_addons` [ RunTime:0.0020s ]
SQL: SELECT `id`,`name` FROM `app_addons` WHERE `status` = 1 AND `name` IN ('Example1')  [ RunTime:0.0000s ]
INFO: Run Common\Behavior\InitHookBehavior [ RunTime:1.015625s ]
INFO: [ app_init ] --END-- [ RunTime:1.016602s ]
INFO: [ app_begin ] --START--
INFO: Run Behavior\ReadHtmlCacheBehavior [ RunTime:0.000000s ]
INFO: Run Behavior\CheckLangBehavior [ RunTime:0.000976s ]
INFO: [ app_begin ] --END-- [ RunTime:0.000976s ]
INFO: [ view_parse ] --START--
INFO: [ template_filter ] --START--
INFO: Run Behavior\ContentReplaceBehavior [ RunTime:0.000000s ]
INFO: [ template_filter ] --END-- [ RunTime:0.000000s ]
NOTIC: [8] Undefined index: show_id D:\www\guangjian\data\Runtime\Cache\Admin\b595b808c2ebeeeb0478ffc30bb4e87a.php 第 121 行.
NOTIC: [8] Undefined index: show_id D:\www\guangjian\data\Runtime\Cache\Admin\b595b808c2ebeeeb0478ffc30bb4e87a.php 第 121 行.
NOTIC: [8] Undefined index: show_id D:\www\guangjian\data\Runtime\Cache\Admin\b595b808c2ebeeeb0478ffc30bb4e87a.php 第 121 行.
NOTIC: [8] Undefined index: show_id D:\www\guangjian\data\Runtime\Cache\Admin\b595b808c2ebeeeb0478ffc30bb4e87a.php 第 121 行.
NOTIC: [8] Undefined index: show_id D:\www\guangjian\data\Runtime\Cache\Admin\b595b808c2ebeeeb0478ffc30bb4e87a.php 第 121 行.
NOTIC: [8] Undefined index: show_id D:\www\guangjian\data\Runtime\Cache\Admin\b595b808c2ebeeeb0478ffc30bb4e87a.php 第 121 行.
NOTIC: [8] Undefined index: show_id D:\www\guangjian\data\Runtime\Cache\Admin\b595b808c2ebeeeb0478ffc30bb4e87a.php 第 121 行.
NOTIC: [8] Undefined index: show_id D:\www\guangjian\data\Runtime\Cache\Admin\b595b808c2ebeeeb0478ffc30bb4e87a.php 第 121 行.
NOTIC: [8] Undefined index: show_id D:\www\guangjian\data\Runtime\Cache\Admin\b595b808c2ebeeeb0478ffc30bb4e87a.php 第 121 行.
NOTIC: [8] Undefined index: show_id D:\www\guangjian\data\Runtime\Cache\Admin\b595b808c2ebeeeb0478ffc30bb4e87a.php 第 121 行.
NOTIC: [8] Undefined index: show_id D:\www\guangjian\data\Runtime\Cache\Admin\b595b808c2ebeeeb0478ffc30bb4e87a.php 第 121 行.
NOTIC: [8] Undefined variable: page D:\www\guangjian\data\Runtime\Cache\Admin\b595b808c2ebeeeb0478ffc30bb4e87a.php 第 131 行.
INFO: Run Behavior\ParseTemplateBehavior [ RunTime:0.011719s ]
INFO: [ view_parse ] --END-- [ RunTime:0.012695s ]
INFO: [ view_filter ] --START--
INFO: Run Behavior\WriteHtmlCacheBehavior [ RunTime:0.000000s ]
INFO: [ view_filter ] --END-- [ RunTime:0.000977s ]
INFO: [ app_end ] --START--
INFO: Run Behavior\ShowPageTraceBehavior [ RunTime:0.000976s ]
INFO: [ app_end ] --END-- [ RunTime:0.000976s ]

[ 2019-01-13T13:39:33+08:00 ] 127.0.0.1 /admin/user/company
INFO: [ app_init ] --START--
INFO: Run Behavior\BuildLiteBehavior [ RunTime:0.000000s ]
SQL: SHOW COLUMNS FROM `app_hooks` [ RunTime:0.0039s ]
SQL: SELECT `name`,`addons` FROM `app_hooks`  [ RunTime:0.0000s ]
SQL: SHOW COLUMNS FROM `app_addons` [ RunTime:0.0029s ]
SQL: SELECT `id`,`name` FROM `app_addons` WHERE `status` = 1 AND `name` IN ('Example1')  [ RunTime:0.0000s ]
INFO: Run Common\Behavior\InitHookBehavior [ RunTime:1.068360s ]
INFO: [ app_init ] --END-- [ RunTime:1.068360s ]
INFO: [ app_begin ] --START--
INFO: Run Behavior\ReadHtmlCacheBehavior [ RunTime:0.000000s ]
INFO: Run Behavior\CheckLangBehavior [ RunTime:0.000977s ]
INFO: [ app_begin ] --END-- [ RunTime:0.001954s ]
SQL: SHOW COLUMNS FROM `app_user` [ RunTime:0.0039s ]
SQL: SELECT COUNT(*) AS tp_count FROM `app_user` WHERE `type` = 2 LIMIT 1   [ RunTime:0.0010s ]
NOTIC: [8] Undefined index: page D:\www\guangjian\Application\Admin\Controller\CommonController.class.php 第 289 行.
SQL: SELECT * FROM `app_user` WHERE `type` = 2 ORDER BY id desc LIMIT 0,20   [ RunTime:0.0000s ]
INFO: [ view_parse ] --START--
INFO: [ template_filter ] --START--
INFO: Run Behavior\ContentReplaceBehavior [ RunTime:0.000000s ]
INFO: [ template_filter ] --END-- [ RunTime:0.000000s ]
INFO: Run Behavior\ParseTemplateBehavior [ RunTime:0.011719s ]
INFO: [ view_parse ] --END-- [ RunTime:0.011719s ]
INFO: [ view_filter ] --START--
INFO: Run Behavior\WriteHtmlCacheBehavior [ RunTime:0.000976s ]
INFO: [ view_filter ] --END-- [ RunTime:0.000976s ]
INFO: [ app_end ] --START--
INFO: Run Behavior\ShowPageTraceBehavior [ RunTime:0.000977s ]
INFO: [ app_end ] --END-- [ RunTime:0.000977s ]

[ 2019-01-13T13:39:35+08:00 ] 127.0.0.1 /admin/user/add_company
INFO: [ app_init ] --START--
INFO: Run Behavior\BuildLiteBehavior [ RunTime:0.000000s ]
SQL: SHOW COLUMNS FROM `app_hooks` [ RunTime:0.0029s ]
SQL: SELECT `name`,`addons` FROM `app_hooks`  [ RunTime:0.0010s ]
SQL: SHOW COLUMNS FROM `app_addons` [ RunTime:0.0020s ]
SQL: SELECT `id`,`name` FROM `app_addons` WHERE `status` = 1 AND `name` IN ('Example1')  [ RunTime:0.0000s ]
INFO: Run Common\Behavior\InitHookBehavior [ RunTime:1.020508s ]
INFO: [ app_init ] --END-- [ RunTime:1.021485s ]
INFO: [ app_begin ] --START--
INFO: Run Behavior\ReadHtmlCacheBehavior [ RunTime:0.000976s ]
INFO: Run Behavior\CheckLangBehavior [ RunTime:0.000977s ]
INFO: [ app_begin ] --END-- [ RunTime:0.001953s ]
INFO: [ view_parse ] --START--
INFO: [ template_filter ] --START--
INFO: Run Behavior\ContentReplaceBehavior [ RunTime:0.000977s ]
INFO: [ template_filter ] --END-- [ RunTime:0.000977s ]
NOTIC: [8] Undefined variable: page D:\www\guangjian\data\Runtime\Cache\Admin\961c9ec17e612316e225817a94df481e.php 第 131 行.
INFO: Run Behavior\ParseTemplateBehavior [ RunTime:0.014649s ]
INFO: [ view_parse ] --END-- [ RunTime:0.014649s ]
INFO: [ view_filter ] --START--
INFO: Run Behavior\WriteHtmlCacheBehavior [ RunTime:0.000000s ]
INFO: [ view_filter ] --END-- [ RunTime:0.000976s ]
INFO: [ app_end ] --START--
INFO: Run Behavior\ShowPageTraceBehavior [ RunTime:0.000977s ]
INFO: [ app_end ] --END-- [ RunTime:0.000977s ]

