[ 2019-01-09T09:14:00+08:00 ] 127.0.0.1 /admin
INFO: [ app_init ] --START--
INFO: Run Behavior\BuildLiteBehavior [ RunTime:0.000000s ]
SQL: SHOW COLUMNS FROM `app_hooks` [ RunTime:0.0068s ]
SQL: SELECT `name`,`addons` FROM `app_hooks`  [ RunTime:0.0000s ]
SQL: SHOW COLUMNS FROM `app_addons` [ RunTime:0.0059s ]
SQL: SELECT `id`,`name` FROM `app_addons` WHERE `status` = 1 AND `name` IN ('Example1')  [ RunTime:0.0010s ]
INFO: Run Common\Behavior\InitHookBehavior [ RunTime:1.041015s ]
INFO: [ app_init ] --END-- [ RunTime:1.042969s ]
INFO: [ app_begin ] --START--
INFO: Run Behavior\ReadHtmlCacheBehavior [ RunTime:0.000977s ]
INFO: Run Behavior\CheckLangBehavior [ RunTime:0.001953s ]
INFO: [ app_begin ] --END-- [ RunTime:0.002930s ]

[ 2019-01-09T09:14:01+08:00 ] 127.0.0.1 /Admin/sign/index.html
INFO: [ app_init ] --START--
INFO: Run Behavior\BuildLiteBehavior [ RunTime:0.000000s ]
SQL: SHOW COLUMNS FROM `app_hooks` [ RunTime:0.0029s ]
SQL: SELECT `name`,`addons` FROM `app_hooks`  [ RunTime:0.0010s ]
SQL: SHOW COLUMNS FROM `app_addons` [ RunTime:0.0039s ]
SQL: SELECT `id`,`name` FROM `app_addons` WHERE `status` = 1 AND `name` IN ('Example1')  [ RunTime:0.0010s ]
INFO: Run Common\Behavior\InitHookBehavior [ RunTime:1.023438s ]
INFO: [ app_init ] --END-- [ RunTime:1.024415s ]
INFO: [ app_begin ] --START--
INFO: Run Behavior\ReadHtmlCacheBehavior [ RunTime:0.000977s ]
INFO: Run Behavior\CheckLangBehavior [ RunTime:0.000976s ]
INFO: [ app_begin ] --END-- [ RunTime:0.001953s ]
INFO: [ view_parse ] --START--
INFO: [ template_filter ] --START--
INFO: Run Behavior\ContentReplaceBehavior [ RunTime:0.000000s ]
INFO: [ template_filter ] --END-- [ RunTime:0.000000s ]
INFO: Run Behavior\ParseTemplateBehavior [ RunTime:0.020508s ]
INFO: [ view_parse ] --END-- [ RunTime:0.020508s ]
INFO: [ view_filter ] --START--
INFO: Run Behavior\WriteHtmlCacheBehavior [ RunTime:0.000977s ]
INFO: [ view_filter ] --END-- [ RunTime:0.000977s ]
INFO: [ app_end ] --START--
INFO: Run Behavior\ShowPageTraceBehavior [ RunTime:0.000000s ]
INFO: [ app_end ] --END-- [ RunTime:0.000000s ]

[ 2019-01-09T09:14:09+08:00 ] 127.0.0.1 /Admin/sign/index.html
INFO: [ app_init ] --START--
INFO: Run Behavior\BuildLiteBehavior [ RunTime:0.000000s ]
SQL: SHOW COLUMNS FROM `app_hooks` [ RunTime:0.0029s ]
SQL: SELECT `name`,`addons` FROM `app_hooks`  [ RunTime:0.0010s ]
SQL: SHOW COLUMNS FROM `app_addons` [ RunTime:0.0029s ]
SQL: SELECT `id`,`name` FROM `app_addons` WHERE `status` = 1 AND `name` IN ('Example1')  [ RunTime:0.0010s ]
INFO: Run Common\Behavior\InitHookBehavior [ RunTime:1.016602s ]
INFO: [ app_init ] --END-- [ RunTime:1.017578s ]
INFO: [ app_begin ] --START--
INFO: Run Behavior\ReadHtmlCacheBehavior [ RunTime:0.000976s ]
INFO: Run Behavior\CheckLangBehavior [ RunTime:0.000977s ]
INFO: [ app_begin ] --END-- [ RunTime:0.001953s ]
SQL: SHOW COLUMNS FROM `app_member` [ RunTime:0.0068s ]
SQL: SELECT `id`,`gid`,`account`,`tel`,`nickname`,`status` FROM `app_member` WHERE `account` = 'admin' AND `pass` = 'e8567dbe206e0240e06f1edde026be3a' LIMIT 1   [ RunTime:0.0000s ]
SQL: SHOW COLUMNS FROM `app_auth_group` [ RunTime:0.0039s ]
SQL: SELECT `id`,`rules` FROM `app_auth_group` WHERE `id` = 1 LIMIT 1   [ RunTime:0.0000s ]
SQL: SHOW COLUMNS FROM `app_auth_rule` [ RunTime:0.0049s ]
SQL: SELECT `id`,`pid`,`top_id`,`sort`,`level`,`name`,`title`,`position` FROM `app_auth_rule` WHERE `id` IN ('11','12','13','34','16','17','18','33','14','35','19','20','22','23','15','36','21','24','25','26','53','54','55','56','57','58','73','74','64','65','66','67','68','69','70','71') ORDER BY sort desc  [ RunTime:0.0000s ]
INFO: [ view_parse ] --START--
INFO: [ template_filter ] --START--
INFO: Run Behavior\ContentReplaceBehavior [ RunTime:0.000000s ]
INFO: [ template_filter ] --END-- [ RunTime:0.000000s ]
INFO: Run Behavior\ParseTemplateBehavior [ RunTime:0.005860s ]
INFO: [ view_parse ] --END-- [ RunTime:0.005860s ]
INFO: [ view_filter ] --START--
INFO: Run Behavior\WriteHtmlCacheBehavior [ RunTime:0.000976s ]
INFO: [ view_filter ] --END-- [ RunTime:0.000976s ]
INFO: [ app_end ] --START--
INFO: Run Behavior\ShowPageTraceBehavior [ RunTime:0.000000s ]
INFO: [ app_end ] --END-- [ RunTime:0.000000s ]

[ 2019-01-09T09:14:11+08:00 ] 127.0.0.1 /Admin/index/index.html
INFO: [ app_init ] --START--
INFO: Run Behavior\BuildLiteBehavior [ RunTime:0.000000s ]
SQL: SHOW COLUMNS FROM `app_hooks` [ RunTime:0.0039s ]
SQL: SELECT `name`,`addons` FROM `app_hooks`  [ RunTime:0.0010s ]
SQL: SHOW COLUMNS FROM `app_addons` [ RunTime:0.0029s ]
SQL: SELECT `id`,`name` FROM `app_addons` WHERE `status` = 1 AND `name` IN ('Example1')  [ RunTime:0.0010s ]
INFO: Run Common\Behavior\InitHookBehavior [ RunTime:1.018554s ]
INFO: [ app_init ] --END-- [ RunTime:1.018554s ]
INFO: [ app_begin ] --START--
INFO: Run Behavior\ReadHtmlCacheBehavior [ RunTime:0.000977s ]
INFO: Run Behavior\CheckLangBehavior [ RunTime:0.000976s ]
INFO: [ app_begin ] --END-- [ RunTime:0.001953s ]
INFO: [ view_parse ] --START--
INFO: [ template_filter ] --START--
INFO: Run Behavior\ContentReplaceBehavior [ RunTime:0.000000s ]
INFO: [ template_filter ] --END-- [ RunTime:0.000000s ]
NOTIC: [8] Undefined index: show_id D:\www\guangjian\data\Runtime\Cache\Admin\b595b808c2ebeeeb0478ffc30bb4e87a.php 第 120 行.
NOTIC: [8] Undefined index: show_id D:\www\guangjian\data\Runtime\Cache\Admin\b595b808c2ebeeeb0478ffc30bb4e87a.php 第 120 行.
NOTIC: [8] Undefined index: show_id D:\www\guangjian\data\Runtime\Cache\Admin\b595b808c2ebeeeb0478ffc30bb4e87a.php 第 120 行.
NOTIC: [8] Undefined index: show_id D:\www\guangjian\data\Runtime\Cache\Admin\b595b808c2ebeeeb0478ffc30bb4e87a.php 第 120 行.
NOTIC: [8] Undefined variable: page D:\www\guangjian\data\Runtime\Cache\Admin\b595b808c2ebeeeb0478ffc30bb4e87a.php 第 130 行.
INFO: Run Behavior\ParseTemplateBehavior [ RunTime:0.012695s ]
INFO: [ view_parse ] --END-- [ RunTime:0.012695s ]
INFO: [ view_filter ] --START--
INFO: Run Behavior\WriteHtmlCacheBehavior [ RunTime:0.000000s ]
INFO: [ view_filter ] --END-- [ RunTime:0.000000s ]
INFO: [ app_end ] --START--
INFO: Run Behavior\ShowPageTraceBehavior [ RunTime:0.000000s ]
INFO: [ app_end ] --END-- [ RunTime:0.000000s ]

[ 2019-01-09T09:14:14+08:00 ] 127.0.0.1 /admin/news/news_list
INFO: [ app_init ] --START--
INFO: Run Behavior\BuildLiteBehavior [ RunTime:0.000000s ]
SQL: SHOW COLUMNS FROM `app_hooks` [ RunTime:0.0029s ]
SQL: SELECT `name`,`addons` FROM `app_hooks`  [ RunTime:0.0000s ]
SQL: SHOW COLUMNS FROM `app_addons` [ RunTime:0.0020s ]
SQL: SELECT `id`,`name` FROM `app_addons` WHERE `status` = 1 AND `name` IN ('Example1')  [ RunTime:0.0000s ]
INFO: Run Common\Behavior\InitHookBehavior [ RunTime:1.020508s ]
INFO: [ app_init ] --END-- [ RunTime:1.021485s ]
INFO: [ app_begin ] --START--
INFO: Run Behavior\ReadHtmlCacheBehavior [ RunTime:0.000000s ]
INFO: Run Behavior\CheckLangBehavior [ RunTime:0.000976s ]
INFO: [ app_begin ] --END-- [ RunTime:0.000976s ]
SQL: SHOW COLUMNS FROM `app_news` [ RunTime:0.0068s ]
SQL: SELECT COUNT(*) AS tp_count FROM `app_news` LIMIT 1   [ RunTime:0.0010s ]
NOTIC: [8] Undefined index: page D:\www\guangjian\Application\Admin\Controller\CommonController.class.php 第 207 行.
SQL: SELECT * FROM `app_news` ORDER BY id desc LIMIT 0,20   [ RunTime:0.0010s ]
INFO: [ view_parse ] --START--
INFO: [ template_filter ] --START--
INFO: Run Behavior\ContentReplaceBehavior [ RunTime:0.000000s ]
INFO: [ template_filter ] --END-- [ RunTime:0.000000s ]
INFO: Run Behavior\ParseTemplateBehavior [ RunTime:0.009766s ]
INFO: [ view_parse ] --END-- [ RunTime:0.009766s ]
INFO: [ view_filter ] --START--
INFO: Run Behavior\WriteHtmlCacheBehavior [ RunTime:0.000000s ]
INFO: [ view_filter ] --END-- [ RunTime:0.000976s ]
INFO: [ app_end ] --START--
INFO: Run Behavior\ShowPageTraceBehavior [ RunTime:0.000000s ]
INFO: [ app_end ] --END-- [ RunTime:0.000000s ]

[ 2019-01-09T09:14:17+08:00 ] 127.0.0.1 /admin/news/news_list
INFO: [ app_init ] --START--
INFO: Run Behavior\BuildLiteBehavior [ RunTime:0.000000s ]
SQL: SHOW COLUMNS FROM `app_hooks` [ RunTime:0.0029s ]
SQL: SELECT `name`,`addons` FROM `app_hooks`  [ RunTime:0.0010s ]
SQL: SHOW COLUMNS FROM `app_addons` [ RunTime:0.0029s ]
SQL: SELECT `id`,`name` FROM `app_addons` WHERE `status` = 1 AND `name` IN ('Example1')  [ RunTime:0.0000s ]
INFO: Run Common\Behavior\InitHookBehavior [ RunTime:1.019531s ]
INFO: [ app_init ] --END-- [ RunTime:1.019531s ]
INFO: [ app_begin ] --START--
INFO: Run Behavior\ReadHtmlCacheBehavior [ RunTime:0.000976s ]
INFO: Run Behavior\CheckLangBehavior [ RunTime:0.000977s ]
INFO: [ app_begin ] --END-- [ RunTime:0.001953s ]
SQL: SHOW COLUMNS FROM `app_news` [ RunTime:0.0039s ]
SQL: SELECT COUNT(*) AS tp_count FROM `app_news` LIMIT 1   [ RunTime:0.0010s ]
NOTIC: [8] Undefined index: page D:\www\guangjian\Application\Admin\Controller\CommonController.class.php 第 207 行.
SQL: SELECT * FROM `app_news` ORDER BY id desc LIMIT 0,20   [ RunTime:0.0000s ]
INFO: [ view_parse ] --START--
INFO: [ template_filter ] --START--
INFO: Run Behavior\ContentReplaceBehavior [ RunTime:0.000000s ]
INFO: [ template_filter ] --END-- [ RunTime:0.000000s ]
INFO: Run Behavior\ParseTemplateBehavior [ RunTime:0.013672s ]
INFO: [ view_parse ] --END-- [ RunTime:0.013672s ]
INFO: [ view_filter ] --START--
INFO: Run Behavior\WriteHtmlCacheBehavior [ RunTime:0.000000s ]
INFO: [ view_filter ] --END-- [ RunTime:0.000000s ]
INFO: [ app_end ] --START--
INFO: Run Behavior\ShowPageTraceBehavior [ RunTime:0.000976s ]
INFO: [ app_end ] --END-- [ RunTime:0.000976s ]

[ 2019-01-09T09:14:19+08:00 ] 127.0.0.1 /admin/rule/rule_list
INFO: [ app_init ] --START--
INFO: Run Behavior\BuildLiteBehavior [ RunTime:0.000000s ]
SQL: SHOW COLUMNS FROM `app_hooks` [ RunTime:0.0029s ]
SQL: SELECT `name`,`addons` FROM `app_hooks`  [ RunTime:0.0000s ]
SQL: SHOW COLUMNS FROM `app_addons` [ RunTime:0.0029s ]
SQL: SELECT `id`,`name` FROM `app_addons` WHERE `status` = 1 AND `name` IN ('Example1')  [ RunTime:0.0000s ]
INFO: Run Common\Behavior\InitHookBehavior [ RunTime:1.019531s ]
INFO: [ app_init ] --END-- [ RunTime:1.021484s ]
INFO: [ app_begin ] --START--
INFO: Run Behavior\ReadHtmlCacheBehavior [ RunTime:0.000000s ]
INFO: Run Behavior\CheckLangBehavior [ RunTime:0.000977s ]
INFO: [ app_begin ] --END-- [ RunTime:0.000977s ]
SQL: SHOW COLUMNS FROM `app_auth_rule` [ RunTime:0.0029s ]
SQL: SELECT COUNT(*) AS tp_count FROM `app_auth_rule` WHERE `pid` = 0 AND `level` = 1 LIMIT 1   [ RunTime:0.0000s ]
NOTIC: [8] Undefined index: page D:\www\guangjian\Application\Admin\Controller\CommonController.class.php 第 207 行.
SQL: SELECT `id` FROM `app_auth_rule` WHERE `pid` = 0 AND `level` = 1 ORDER BY sort desc LIMIT 0,2   [ RunTime:0.0010s ]
SQL: SELECT `id`,`pid`,`sort`,`level`,`name`,`title`,`position` FROM `app_auth_rule` WHERE `top_id` IN ('11','53') ORDER BY sort desc  [ RunTime:0.0000s ]
INFO: [ view_parse ] --START--
INFO: [ template_filter ] --START--
INFO: Run Behavior\ContentReplaceBehavior [ RunTime:0.000977s ]
INFO: [ template_filter ] --END-- [ RunTime:0.000977s ]
INFO: Run Behavior\ParseTemplateBehavior [ RunTime:0.010742s ]
INFO: [ view_parse ] --END-- [ RunTime:0.010742s ]
INFO: [ view_filter ] --START--
INFO: Run Behavior\WriteHtmlCacheBehavior [ RunTime:0.000977s ]
INFO: [ view_filter ] --END-- [ RunTime:0.000977s ]
INFO: [ app_end ] --START--
INFO: Run Behavior\ShowPageTraceBehavior [ RunTime:0.000000s ]
INFO: [ app_end ] --END-- [ RunTime:0.000000s ]

[ 2019-01-09T09:14:21+08:00 ] 127.0.0.1 /admin/rule/group_list
INFO: [ app_init ] --START--
INFO: Run Behavior\BuildLiteBehavior [ RunTime:0.000000s ]
SQL: SHOW COLUMNS FROM `app_hooks` [ RunTime:0.0039s ]
SQL: SELECT `name`,`addons` FROM `app_hooks`  [ RunTime:0.0010s ]
SQL: SHOW COLUMNS FROM `app_addons` [ RunTime:0.0029s ]
SQL: SELECT `id`,`name` FROM `app_addons` WHERE `status` = 1 AND `name` IN ('Example1')  [ RunTime:0.0000s ]
INFO: Run Common\Behavior\InitHookBehavior [ RunTime:1.047851s ]
INFO: [ app_init ] --END-- [ RunTime:1.047851s ]
INFO: [ app_begin ] --START--
INFO: Run Behavior\ReadHtmlCacheBehavior [ RunTime:0.000977s ]
INFO: Run Behavior\CheckLangBehavior [ RunTime:0.000976s ]
INFO: [ app_begin ] --END-- [ RunTime:0.001953s ]
SQL: SHOW COLUMNS FROM `app_auth_group` [ RunTime:0.0029s ]
SQL: SELECT COUNT(*) AS tp_count FROM `app_auth_group` LIMIT 1   [ RunTime:0.0000s ]
NOTIC: [8] Undefined index: page D:\www\guangjian\Application\Admin\Controller\CommonController.class.php 第 207 行.
SQL: SELECT `id`,`title` FROM `app_auth_group` LIMIT 0,20   [ RunTime:0.0000s ]
INFO: [ view_parse ] --START--
INFO: [ template_filter ] --START--
INFO: Run Behavior\ContentReplaceBehavior [ RunTime:0.000000s ]
INFO: [ template_filter ] --END-- [ RunTime:0.000000s ]
INFO: Run Behavior\ParseTemplateBehavior [ RunTime:0.009766s ]
INFO: [ view_parse ] --END-- [ RunTime:0.009766s ]
INFO: [ view_filter ] --START--
INFO: Run Behavior\WriteHtmlCacheBehavior [ RunTime:0.000000s ]
INFO: [ view_filter ] --END-- [ RunTime:0.000000s ]
INFO: [ app_end ] --START--
INFO: Run Behavior\ShowPageTraceBehavior [ RunTime:0.000000s ]
INFO: [ app_end ] --END-- [ RunTime:0.000976s ]

[ 2019-01-09T09:14:23+08:00 ] 127.0.0.1 /admin/rule/member_list
INFO: [ app_init ] --START--
INFO: Run Behavior\BuildLiteBehavior [ RunTime:0.000000s ]
SQL: SHOW COLUMNS FROM `app_hooks` [ RunTime:0.0029s ]
SQL: SELECT `name`,`addons` FROM `app_hooks`  [ RunTime:0.0000s ]
SQL: SHOW COLUMNS FROM `app_addons` [ RunTime:0.0029s ]
SQL: SELECT `id`,`name` FROM `app_addons` WHERE `status` = 1 AND `name` IN ('Example1')  [ RunTime:0.0000s ]
INFO: Run Common\Behavior\InitHookBehavior [ RunTime:1.020507s ]
INFO: [ app_init ] --END-- [ RunTime:1.021484s ]
INFO: [ app_begin ] --START--
INFO: Run Behavior\ReadHtmlCacheBehavior [ RunTime:0.000977s ]
INFO: Run Behavior\CheckLangBehavior [ RunTime:0.000976s ]
INFO: [ app_begin ] --END-- [ RunTime:0.001953s ]
SQL: SHOW COLUMNS FROM `app_member` [ RunTime:0.0029s ]
SQL: SELECT COUNT(*) AS tp_count FROM `app_member` LIMIT 1   [ RunTime:0.0000s ]
NOTIC: [8] Undefined index: page D:\www\guangjian\Application\Admin\Controller\CommonController.class.php 第 207 行.
SQL: SELECT `id`,`gid`,`nickname`,`account`,`status` FROM `app_member` LIMIT 0,20   [ RunTime:0.0010s ]
SQL: SHOW COLUMNS FROM `app_auth_group` [ RunTime:0.0029s ]
SQL: SELECT `id`,`title` FROM `app_auth_group` WHERE `id` IN ('1')  [ RunTime:0.0000s ]
INFO: [ view_parse ] --START--
INFO: [ template_filter ] --START--
INFO: Run Behavior\ContentReplaceBehavior [ RunTime:0.000000s ]
INFO: [ template_filter ] --END-- [ RunTime:0.000000s ]
INFO: Run Behavior\ParseTemplateBehavior [ RunTime:0.009766s ]
INFO: [ view_parse ] --END-- [ RunTime:0.009766s ]
INFO: [ view_filter ] --START--
INFO: Run Behavior\WriteHtmlCacheBehavior [ RunTime:0.000000s ]
INFO: [ view_filter ] --END-- [ RunTime:0.000000s ]
INFO: [ app_end ] --START--
INFO: Run Behavior\ShowPageTraceBehavior [ RunTime:0.000976s ]
INFO: [ app_end ] --END-- [ RunTime:0.000976s ]

[ 2019-01-09T13:19:37+08:00 ] 127.0.0.1 /admin
INFO: [ app_init ] --START--
INFO: Run Behavior\BuildLiteBehavior [ RunTime:0.000000s ]
SQL: SHOW COLUMNS FROM `app_hooks` [ RunTime:0.0068s ]
SQL: SELECT `name`,`addons` FROM `app_hooks`  [ RunTime:0.0000s ]
SQL: SHOW COLUMNS FROM `app_addons` [ RunTime:0.0068s ]
SQL: SELECT `id`,`name` FROM `app_addons` WHERE `status` = 1 AND `name` IN ('Example1')  [ RunTime:0.0000s ]
INFO: Run Common\Behavior\InitHookBehavior [ RunTime:1.045898s ]
INFO: [ app_init ] --END-- [ RunTime:1.045898s ]
INFO: [ app_begin ] --START--
INFO: Run Behavior\ReadHtmlCacheBehavior [ RunTime:0.000977s ]
INFO: Run Behavior\CheckLangBehavior [ RunTime:0.027343s ]
INFO: [ app_begin ] --END-- [ RunTime:0.028320s ]
INFO: [ view_parse ] --START--
INFO: [ template_filter ] --START--
INFO: Run Behavior\ContentReplaceBehavior [ RunTime:0.000000s ]
INFO: [ template_filter ] --END-- [ RunTime:0.000000s ]
NOTIC: [8] Undefined index: show_id D:\www\guangjian\data\Runtime\Cache\Admin\b595b808c2ebeeeb0478ffc30bb4e87a.php 第 120 行.
NOTIC: [8] Undefined index: show_id D:\www\guangjian\data\Runtime\Cache\Admin\b595b808c2ebeeeb0478ffc30bb4e87a.php 第 120 行.
NOTIC: [8] Undefined index: show_id D:\www\guangjian\data\Runtime\Cache\Admin\b595b808c2ebeeeb0478ffc30bb4e87a.php 第 120 行.
NOTIC: [8] Undefined index: show_id D:\www\guangjian\data\Runtime\Cache\Admin\b595b808c2ebeeeb0478ffc30bb4e87a.php 第 120 行.
NOTIC: [8] Undefined variable: page D:\www\guangjian\data\Runtime\Cache\Admin\b595b808c2ebeeeb0478ffc30bb4e87a.php 第 130 行.
INFO: Run Behavior\ParseTemplateBehavior [ RunTime:0.040039s ]
INFO: [ view_parse ] --END-- [ RunTime:0.040039s ]
INFO: [ view_filter ] --START--
INFO: Run Behavior\WriteHtmlCacheBehavior [ RunTime:0.000976s ]
INFO: [ view_filter ] --END-- [ RunTime:0.000976s ]
INFO: [ app_end ] --START--
INFO: Run Behavior\ShowPageTraceBehavior [ RunTime:0.000977s ]
INFO: [ app_end ] --END-- [ RunTime:0.000977s ]

[ 2019-01-09T14:51:48+08:00 ] 127.0.0.1 /admin
INFO: [ app_init ] --START--
INFO: Run Behavior\BuildLiteBehavior [ RunTime:0.000000s ]
SQL: SHOW COLUMNS FROM `app_hooks` [ RunTime:0.0029s ]
SQL: SELECT `name`,`addons` FROM `app_hooks`  [ RunTime:0.0010s ]
SQL: SHOW COLUMNS FROM `app_addons` [ RunTime:0.0029s ]
SQL: SELECT `id`,`name` FROM `app_addons` WHERE `status` = 1 AND `name` IN ('Example1')  [ RunTime:0.0010s ]
INFO: Run Common\Behavior\InitHookBehavior [ RunTime:1.030273s ]
INFO: [ app_init ] --END-- [ RunTime:1.030273s ]
INFO: [ app_begin ] --START--
INFO: Run Behavior\ReadHtmlCacheBehavior [ RunTime:0.000976s ]
INFO: Run Behavior\CheckLangBehavior [ RunTime:0.000977s ]
INFO: [ app_begin ] --END-- [ RunTime:0.001953s ]
INFO: [ view_parse ] --START--
INFO: [ template_filter ] --START--
INFO: Run Behavior\ContentReplaceBehavior [ RunTime:0.000000s ]
INFO: [ template_filter ] --END-- [ RunTime:0.000000s ]
NOTIC: [8] Undefined index: show_id D:\www\guangjian\data\Runtime\Cache\Admin\b595b808c2ebeeeb0478ffc30bb4e87a.php 第 120 行.
NOTIC: [8] Undefined index: show_id D:\www\guangjian\data\Runtime\Cache\Admin\b595b808c2ebeeeb0478ffc30bb4e87a.php 第 120 行.
NOTIC: [8] Undefined index: show_id D:\www\guangjian\data\Runtime\Cache\Admin\b595b808c2ebeeeb0478ffc30bb4e87a.php 第 120 行.
NOTIC: [8] Undefined index: show_id D:\www\guangjian\data\Runtime\Cache\Admin\b595b808c2ebeeeb0478ffc30bb4e87a.php 第 120 行.
NOTIC: [8] Undefined variable: page D:\www\guangjian\data\Runtime\Cache\Admin\b595b808c2ebeeeb0478ffc30bb4e87a.php 第 130 行.
INFO: Run Behavior\ParseTemplateBehavior [ RunTime:0.009765s ]
INFO: [ view_parse ] --END-- [ RunTime:0.009765s ]
INFO: [ view_filter ] --START--
INFO: Run Behavior\WriteHtmlCacheBehavior [ RunTime:0.000000s ]
INFO: [ view_filter ] --END-- [ RunTime:0.000000s ]
INFO: [ app_end ] --START--
INFO: Run Behavior\ShowPageTraceBehavior [ RunTime:0.000976s ]
INFO: [ app_end ] --END-- [ RunTime:0.000976s ]

[ 2019-01-09T16:40:23+08:00 ] 127.0.0.1 /admin
INFO: [ app_init ] --START--
INFO: Run Behavior\BuildLiteBehavior [ RunTime:0.000000s ]
SQL: SHOW COLUMNS FROM `app_hooks` [ RunTime:0.0029s ]
SQL: SELECT `name`,`addons` FROM `app_hooks`  [ RunTime:0.0000s ]
SQL: SHOW COLUMNS FROM `app_addons` [ RunTime:0.0020s ]
SQL: SELECT `id`,`name` FROM `app_addons` WHERE `status` = 1 AND `name` IN ('Example1')  [ RunTime:0.0000s ]
INFO: Run Common\Behavior\InitHookBehavior [ RunTime:1.016601s ]
INFO: [ app_init ] --END-- [ RunTime:1.017578s ]
INFO: [ app_begin ] --START--
INFO: Run Behavior\ReadHtmlCacheBehavior [ RunTime:0.000977s ]
INFO: Run Behavior\CheckLangBehavior [ RunTime:0.000976s ]
INFO: [ app_begin ] --END-- [ RunTime:0.001953s ]

[ 2019-01-09T16:40:24+08:00 ] 127.0.0.1 /Admin/sign/index.html
INFO: [ app_init ] --START--
INFO: Run Behavior\BuildLiteBehavior [ RunTime:0.000977s ]
SQL: SHOW COLUMNS FROM `app_hooks` [ RunTime:0.0029s ]
SQL: SELECT `name`,`addons` FROM `app_hooks`  [ RunTime:0.0000s ]
SQL: SHOW COLUMNS FROM `app_addons` [ RunTime:0.0029s ]
SQL: SELECT `id`,`name` FROM `app_addons` WHERE `status` = 1 AND `name` IN ('Example1')  [ RunTime:0.0000s ]
INFO: Run Common\Behavior\InitHookBehavior [ RunTime:1.019531s ]
INFO: [ app_init ] --END-- [ RunTime:1.020508s ]
INFO: [ app_begin ] --START--
INFO: Run Behavior\ReadHtmlCacheBehavior [ RunTime:0.000977s ]
INFO: Run Behavior\CheckLangBehavior [ RunTime:0.000976s ]
INFO: [ app_begin ] --END-- [ RunTime:0.001953s ]
INFO: [ view_parse ] --START--
INFO: [ template_filter ] --START--
INFO: Run Behavior\ContentReplaceBehavior [ RunTime:0.000977s ]
INFO: [ template_filter ] --END-- [ RunTime:0.000977s ]
INFO: Run Behavior\ParseTemplateBehavior [ RunTime:0.007812s ]
INFO: [ view_parse ] --END-- [ RunTime:0.007812s ]
INFO: [ view_filter ] --START--
INFO: Run Behavior\WriteHtmlCacheBehavior [ RunTime:0.000000s ]
INFO: [ view_filter ] --END-- [ RunTime:0.000000s ]
INFO: [ app_end ] --START--
INFO: Run Behavior\ShowPageTraceBehavior [ RunTime:0.000977s ]
INFO: [ app_end ] --END-- [ RunTime:0.000977s ]

[ 2019-01-09T16:40:28+08:00 ] 127.0.0.1 /Admin/sign/index.html
INFO: [ app_init ] --START--
INFO: Run Behavior\BuildLiteBehavior [ RunTime:0.000000s ]
SQL: SHOW COLUMNS FROM `app_hooks` [ RunTime:0.0039s ]
SQL: SELECT `name`,`addons` FROM `app_hooks`  [ RunTime:0.0010s ]
SQL: SHOW COLUMNS FROM `app_addons` [ RunTime:0.0029s ]
SQL: SELECT `id`,`name` FROM `app_addons` WHERE `status` = 1 AND `name` IN ('Example1')  [ RunTime:0.0000s ]
INFO: Run Common\Behavior\InitHookBehavior [ RunTime:1.018554s ]
INFO: [ app_init ] --END-- [ RunTime:1.018554s ]
INFO: [ app_begin ] --START--
INFO: Run Behavior\ReadHtmlCacheBehavior [ RunTime:0.000977s ]
INFO: Run Behavior\CheckLangBehavior [ RunTime:0.000976s ]
INFO: [ app_begin ] --END-- [ RunTime:0.001953s ]
SQL: SHOW COLUMNS FROM `app_member` [ RunTime:0.0039s ]
SQL: SELECT `id`,`gid`,`account`,`tel`,`nickname`,`status` FROM `app_member` WHERE `account` = 'admin' AND `pass` = 'e8567dbe206e0240e06f1edde026be3a' LIMIT 1   [ RunTime:0.0000s ]
SQL: SHOW COLUMNS FROM `app_auth_group` [ RunTime:0.0039s ]
SQL: SELECT `id`,`rules` FROM `app_auth_group` WHERE `id` = 1 LIMIT 1   [ RunTime:0.0000s ]
SQL: SHOW COLUMNS FROM `app_auth_rule` [ RunTime:0.0029s ]
SQL: SELECT `id`,`pid`,`top_id`,`sort`,`level`,`name`,`title`,`position` FROM `app_auth_rule` WHERE `id` IN ('11','12','13','34','16','17','18','33','14','35','19','20','22','23','15','36','21','24','25','26','53','54','55','56','57','58','73','74','64','65','66','67','68','69','70','71') ORDER BY sort desc  [ RunTime:0.0010s ]
INFO: [ view_parse ] --START--
INFO: [ template_filter ] --START--
INFO: Run Behavior\ContentReplaceBehavior [ RunTime:0.000000s ]
INFO: [ template_filter ] --END-- [ RunTime:0.000000s ]
INFO: Run Behavior\ParseTemplateBehavior [ RunTime:0.006836s ]
INFO: [ view_parse ] --END-- [ RunTime:0.006836s ]
INFO: [ view_filter ] --START--
INFO: Run Behavior\WriteHtmlCacheBehavior [ RunTime:0.000000s ]
INFO: [ view_filter ] --END-- [ RunTime:0.000000s ]
INFO: [ app_end ] --START--
INFO: Run Behavior\ShowPageTraceBehavior [ RunTime:0.000977s ]
INFO: [ app_end ] --END-- [ RunTime:0.000977s ]

[ 2019-01-09T16:40:30+08:00 ] 127.0.0.1 /Admin/index/index.html
INFO: [ app_init ] --START--
INFO: Run Behavior\BuildLiteBehavior [ RunTime:0.000000s ]
SQL: SHOW COLUMNS FROM `app_hooks` [ RunTime:0.0029s ]
SQL: SELECT `name`,`addons` FROM `app_hooks`  [ RunTime:0.0000s ]
SQL: SHOW COLUMNS FROM `app_addons` [ RunTime:0.0029s ]
SQL: SELECT `id`,`name` FROM `app_addons` WHERE `status` = 1 AND `name` IN ('Example1')  [ RunTime:0.0000s ]
INFO: Run Common\Behavior\InitHookBehavior [ RunTime:1.017578s ]
INFO: [ app_init ] --END-- [ RunTime:1.017578s ]
INFO: [ app_begin ] --START--
INFO: Run Behavior\ReadHtmlCacheBehavior [ RunTime:0.000000s ]
INFO: Run Behavior\CheckLangBehavior [ RunTime:0.000976s ]
INFO: [ app_begin ] --END-- [ RunTime:0.001953s ]
INFO: [ view_parse ] --START--
INFO: [ template_filter ] --START--
INFO: Run Behavior\ContentReplaceBehavior [ RunTime:0.000000s ]
INFO: [ template_filter ] --END-- [ RunTime:0.000000s ]
NOTIC: [8] Undefined index: show_id D:\www\guangjian\data\Runtime\Cache\Admin\b595b808c2ebeeeb0478ffc30bb4e87a.php 第 120 行.
NOTIC: [8] Undefined index: show_id D:\www\guangjian\data\Runtime\Cache\Admin\b595b808c2ebeeeb0478ffc30bb4e87a.php 第 120 行.
NOTIC: [8] Undefined index: show_id D:\www\guangjian\data\Runtime\Cache\Admin\b595b808c2ebeeeb0478ffc30bb4e87a.php 第 120 行.
NOTIC: [8] Undefined index: show_id D:\www\guangjian\data\Runtime\Cache\Admin\b595b808c2ebeeeb0478ffc30bb4e87a.php 第 120 行.
NOTIC: [8] Undefined variable: page D:\www\guangjian\data\Runtime\Cache\Admin\b595b808c2ebeeeb0478ffc30bb4e87a.php 第 130 行.
INFO: Run Behavior\ParseTemplateBehavior [ RunTime:0.008789s ]
INFO: [ view_parse ] --END-- [ RunTime:0.009766s ]
INFO: [ view_filter ] --START--
INFO: Run Behavior\WriteHtmlCacheBehavior [ RunTime:0.000977s ]
INFO: [ view_filter ] --END-- [ RunTime:0.000977s ]
INFO: [ app_end ] --START--
INFO: Run Behavior\ShowPageTraceBehavior [ RunTime:0.000000s ]
INFO: [ app_end ] --END-- [ RunTime:0.000000s ]

[ 2019-01-09T16:40:35+08:00 ] 127.0.0.1 /admin/rule/rule_list
INFO: [ app_init ] --START--
INFO: Run Behavior\BuildLiteBehavior [ RunTime:0.000000s ]
SQL: SHOW COLUMNS FROM `app_hooks` [ RunTime:0.0029s ]
SQL: SELECT `name`,`addons` FROM `app_hooks`  [ RunTime:0.0010s ]
SQL: SHOW COLUMNS FROM `app_addons` [ RunTime:0.0029s ]
SQL: SELECT `id`,`name` FROM `app_addons` WHERE `status` = 1 AND `name` IN ('Example1')  [ RunTime:0.0000s ]
INFO: Run Common\Behavior\InitHookBehavior [ RunTime:1.011719s ]
INFO: [ app_init ] --END-- [ RunTime:1.011719s ]
INFO: [ app_begin ] --START--
INFO: Run Behavior\ReadHtmlCacheBehavior [ RunTime:0.000976s ]
INFO: Run Behavior\CheckLangBehavior [ RunTime:0.000977s ]
INFO: [ app_begin ] --END-- [ RunTime:0.001953s ]
SQL: SHOW COLUMNS FROM `app_auth_rule` [ RunTime:0.0029s ]
SQL: SELECT COUNT(*) AS tp_count FROM `app_auth_rule` WHERE `pid` = 0 AND `level` = 1 LIMIT 1   [ RunTime:0.0000s ]
NOTIC: [8] Undefined index: page D:\www\guangjian\Application\Admin\Controller\CommonController.class.php 第 207 行.
SQL: SELECT `id` FROM `app_auth_rule` WHERE `pid` = 0 AND `level` = 1 ORDER BY sort desc LIMIT 0,2   [ RunTime:0.0010s ]
SQL: SELECT `id`,`pid`,`sort`,`level`,`name`,`title`,`position` FROM `app_auth_rule` WHERE `top_id` IN ('11','53') ORDER BY sort desc  [ RunTime:0.0000s ]
INFO: [ view_parse ] --START--
INFO: [ template_filter ] --START--
INFO: Run Behavior\ContentReplaceBehavior [ RunTime:0.000977s ]
INFO: [ template_filter ] --END-- [ RunTime:0.000977s ]
INFO: Run Behavior\ParseTemplateBehavior [ RunTime:0.012696s ]
INFO: [ view_parse ] --END-- [ RunTime:0.012696s ]
INFO: [ view_filter ] --START--
INFO: Run Behavior\WriteHtmlCacheBehavior [ RunTime:0.000000s ]
INFO: [ view_filter ] --END-- [ RunTime:0.000000s ]
INFO: [ app_end ] --START--
INFO: Run Behavior\ShowPageTraceBehavior [ RunTime:0.000977s ]
INFO: [ app_end ] --END-- [ RunTime:0.000977s ]

[ 2019-01-09T16:40:38+08:00 ] 127.0.0.1 /admin/rule/group_list
INFO: [ app_init ] --START--
INFO: Run Behavior\BuildLiteBehavior [ RunTime:0.000000s ]
SQL: SHOW COLUMNS FROM `app_hooks` [ RunTime:0.0029s ]
SQL: SELECT `name`,`addons` FROM `app_hooks`  [ RunTime:0.0010s ]
SQL: SHOW COLUMNS FROM `app_addons` [ RunTime:0.0039s ]
SQL: SELECT `id`,`name` FROM `app_addons` WHERE `status` = 1 AND `name` IN ('Example1')  [ RunTime:0.0000s ]
INFO: Run Common\Behavior\InitHookBehavior [ RunTime:1.023438s ]
INFO: [ app_init ] --END-- [ RunTime:1.024414s ]
INFO: [ app_begin ] --START--
INFO: Run Behavior\ReadHtmlCacheBehavior [ RunTime:0.000977s ]
INFO: Run Behavior\CheckLangBehavior [ RunTime:0.000976s ]
INFO: [ app_begin ] --END-- [ RunTime:0.001953s ]
SQL: SHOW COLUMNS FROM `app_auth_group` [ RunTime:0.0039s ]
SQL: SELECT COUNT(*) AS tp_count FROM `app_auth_group` LIMIT 1   [ RunTime:0.0000s ]
NOTIC: [8] Undefined index: page D:\www\guangjian\Application\Admin\Controller\CommonController.class.php 第 207 行.
SQL: SELECT `id`,`title` FROM `app_auth_group` LIMIT 0,20   [ RunTime:0.0010s ]
INFO: [ view_parse ] --START--
INFO: [ template_filter ] --START--
INFO: Run Behavior\ContentReplaceBehavior [ RunTime:0.000976s ]
INFO: [ template_filter ] --END-- [ RunTime:0.000976s ]
INFO: Run Behavior\ParseTemplateBehavior [ RunTime:0.014648s ]
INFO: [ view_parse ] --END-- [ RunTime:0.014648s ]
INFO: [ view_filter ] --START--
INFO: Run Behavior\WriteHtmlCacheBehavior [ RunTime:0.000000s ]
INFO: [ view_filter ] --END-- [ RunTime:0.000000s ]
INFO: [ app_end ] --START--
INFO: Run Behavior\ShowPageTraceBehavior [ RunTime:0.000977s ]
INFO: [ app_end ] --END-- [ RunTime:0.000977s ]

[ 2019-01-09T16:40:40+08:00 ] 127.0.0.1 /admin/rule/member_list
INFO: [ app_init ] --START--
INFO: Run Behavior\BuildLiteBehavior [ RunTime:0.000000s ]
SQL: SHOW COLUMNS FROM `app_hooks` [ RunTime:0.0029s ]
SQL: SELECT `name`,`addons` FROM `app_hooks`  [ RunTime:0.0000s ]
SQL: SHOW COLUMNS FROM `app_addons` [ RunTime:0.0020s ]
SQL: SELECT `id`,`name` FROM `app_addons` WHERE `status` = 1 AND `name` IN ('Example1')  [ RunTime:0.0000s ]
INFO: Run Common\Behavior\InitHookBehavior [ RunTime:1.029297s ]
INFO: [ app_init ] --END-- [ RunTime:1.030273s ]
INFO: [ app_begin ] --START--
INFO: Run Behavior\ReadHtmlCacheBehavior [ RunTime:0.000000s ]
INFO: Run Behavior\CheckLangBehavior [ RunTime:0.000977s ]
INFO: [ app_begin ] --END-- [ RunTime:0.000977s ]
SQL: SHOW COLUMNS FROM `app_member` [ RunTime:0.0039s ]
SQL: SELECT COUNT(*) AS tp_count FROM `app_member` LIMIT 1   [ RunTime:0.0000s ]
NOTIC: [8] Undefined index: page D:\www\guangjian\Application\Admin\Controller\CommonController.class.php 第 207 行.
SQL: SELECT `id`,`gid`,`nickname`,`account`,`status` FROM `app_member` LIMIT 0,20   [ RunTime:0.0000s ]
SQL: SHOW COLUMNS FROM `app_auth_group` [ RunTime:0.0029s ]
SQL: SELECT `id`,`title` FROM `app_auth_group` WHERE `id` IN ('1')  [ RunTime:0.0010s ]
INFO: [ view_parse ] --START--
INFO: [ template_filter ] --START--
INFO: Run Behavior\ContentReplaceBehavior [ RunTime:0.000977s ]
INFO: [ template_filter ] --END-- [ RunTime:0.000977s ]
INFO: Run Behavior\ParseTemplateBehavior [ RunTime:0.010742s ]
INFO: [ view_parse ] --END-- [ RunTime:0.010742s ]
INFO: [ view_filter ] --START--
INFO: Run Behavior\WriteHtmlCacheBehavior [ RunTime:0.000000s ]
INFO: [ view_filter ] --END-- [ RunTime:0.000000s ]
INFO: [ app_end ] --START--
INFO: Run Behavior\ShowPageTraceBehavior [ RunTime:0.000977s ]
INFO: [ app_end ] --END-- [ RunTime:0.000977s ]

[ 2019-01-09T16:40:56+08:00 ] 127.0.0.1 /admin/rule/member_list
INFO: [ app_init ] --START--
INFO: Run Behavior\BuildLiteBehavior [ RunTime:0.000000s ]
SQL: SHOW COLUMNS FROM `app_hooks` [ RunTime:0.0029s ]
SQL: SELECT `name`,`addons` FROM `app_hooks`  [ RunTime:0.0000s ]
SQL: SHOW COLUMNS FROM `app_addons` [ RunTime:0.0029s ]
SQL: SELECT `id`,`name` FROM `app_addons` WHERE `status` = 1 AND `name` IN ('Example1')  [ RunTime:0.0000s ]
INFO: Run Common\Behavior\InitHookBehavior [ RunTime:1.016602s ]
INFO: [ app_init ] --END-- [ RunTime:1.016602s ]
INFO: [ app_begin ] --START--
INFO: Run Behavior\ReadHtmlCacheBehavior [ RunTime:0.000977s ]
INFO: Run Behavior\CheckLangBehavior [ RunTime:0.000977s ]
INFO: [ app_begin ] --END-- [ RunTime:0.001954s ]
SQL: SHOW COLUMNS FROM `app_member` [ RunTime:0.0039s ]
SQL: SELECT COUNT(*) AS tp_count FROM `app_member` LIMIT 1   [ RunTime:0.0010s ]
NOTIC: [8] Undefined index: page D:\www\guangjian\Application\Admin\Controller\CommonController.class.php 第 207 行.
SQL: SELECT `id`,`gid`,`nickname`,`account`,`status` FROM `app_member` LIMIT 0,20   [ RunTime:0.0000s ]
SQL: SHOW COLUMNS FROM `app_auth_group` [ RunTime:0.0039s ]
SQL: SELECT `id`,`title` FROM `app_auth_group` WHERE `id` IN ('1')  [ RunTime:0.0000s ]
INFO: [ view_parse ] --START--
INFO: [ template_filter ] --START--
INFO: Run Behavior\ContentReplaceBehavior [ RunTime:0.000000s ]
INFO: [ template_filter ] --END-- [ RunTime:0.000000s ]
INFO: Run Behavior\ParseTemplateBehavior [ RunTime:0.013672s ]
INFO: [ view_parse ] --END-- [ RunTime:0.013672s ]
INFO: [ view_filter ] --START--
INFO: Run Behavior\WriteHtmlCacheBehavior [ RunTime:0.000976s ]
INFO: [ view_filter ] --END-- [ RunTime:0.000976s ]
INFO: [ app_end ] --START--
INFO: Run Behavior\ShowPageTraceBehavior [ RunTime:0.000977s ]
INFO: [ app_end ] --END-- [ RunTime:0.000977s ]

[ 2019-01-09T16:40:59+08:00 ] 127.0.0.1 /admin/rule/rule_list
INFO: [ app_init ] --START--
INFO: Run Behavior\BuildLiteBehavior [ RunTime:0.000000s ]
SQL: SHOW COLUMNS FROM `app_hooks` [ RunTime:0.0039s ]
SQL: SELECT `name`,`addons` FROM `app_hooks`  [ RunTime:0.0010s ]
SQL: SHOW COLUMNS FROM `app_addons` [ RunTime:0.0029s ]
SQL: SELECT `id`,`name` FROM `app_addons` WHERE `status` = 1 AND `name` IN ('Example1')  [ RunTime:0.0000s ]
INFO: Run Common\Behavior\InitHookBehavior [ RunTime:1.017578s ]
INFO: [ app_init ] --END-- [ RunTime:1.018555s ]
INFO: [ app_begin ] --START--
INFO: Run Behavior\ReadHtmlCacheBehavior [ RunTime:0.000977s ]
INFO: Run Behavior\CheckLangBehavior [ RunTime:0.000977s ]
INFO: [ app_begin ] --END-- [ RunTime:0.001954s ]
SQL: SHOW COLUMNS FROM `app_auth_rule` [ RunTime:0.0039s ]
SQL: SELECT COUNT(*) AS tp_count FROM `app_auth_rule` WHERE `pid` = 0 AND `level` = 1 LIMIT 1   [ RunTime:0.0010s ]
NOTIC: [8] Undefined index: page D:\www\guangjian\Application\Admin\Controller\CommonController.class.php 第 207 行.
SQL: SELECT `id` FROM `app_auth_rule` WHERE `pid` = 0 AND `level` = 1 ORDER BY sort desc LIMIT 0,2   [ RunTime:0.0010s ]
SQL: SELECT `id`,`pid`,`sort`,`level`,`name`,`title`,`position` FROM `app_auth_rule` WHERE `top_id` IN ('11','53') ORDER BY sort desc  [ RunTime:0.0010s ]
INFO: [ view_parse ] --START--
INFO: [ template_filter ] --START--
INFO: Run Behavior\ContentReplaceBehavior [ RunTime:0.000977s ]
INFO: [ template_filter ] --END-- [ RunTime:0.000977s ]
INFO: Run Behavior\ParseTemplateBehavior [ RunTime:0.012695s ]
INFO: [ view_parse ] --END-- [ RunTime:0.012695s ]
INFO: [ view_filter ] --START--
INFO: Run Behavior\WriteHtmlCacheBehavior [ RunTime:0.000977s ]
INFO: [ view_filter ] --END-- [ RunTime:0.000977s ]
INFO: [ app_end ] --START--
INFO: Run Behavior\ShowPageTraceBehavior [ RunTime:0.000000s ]
INFO: [ app_end ] --END-- [ RunTime:0.000976s ]

[ 2019-01-09T16:41:03+08:00 ] 127.0.0.1 /admin/news/news_list
INFO: [ app_init ] --START--
INFO: Run Behavior\BuildLiteBehavior [ RunTime:0.000000s ]
SQL: SHOW COLUMNS FROM `app_hooks` [ RunTime:0.0029s ]
SQL: SELECT `name`,`addons` FROM `app_hooks`  [ RunTime:0.0000s ]
SQL: SHOW COLUMNS FROM `app_addons` [ RunTime:0.0029s ]
SQL: SELECT `id`,`name` FROM `app_addons` WHERE `status` = 1 AND `name` IN ('Example1')  [ RunTime:0.0010s ]
INFO: Run Common\Behavior\InitHookBehavior [ RunTime:1.020508s ]
INFO: [ app_init ] --END-- [ RunTime:1.021484s ]
INFO: [ app_begin ] --START--
INFO: Run Behavior\ReadHtmlCacheBehavior [ RunTime:0.000977s ]
INFO: Run Behavior\CheckLangBehavior [ RunTime:0.000976s ]
INFO: [ app_begin ] --END-- [ RunTime:0.001953s ]
SQL: SHOW COLUMNS FROM `app_news` [ RunTime:0.0029s ]
SQL: SELECT COUNT(*) AS tp_count FROM `app_news` LIMIT 1   [ RunTime:0.0010s ]
NOTIC: [8] Undefined index: page D:\www\guangjian\Application\Admin\Controller\CommonController.class.php 第 207 行.
SQL: SELECT * FROM `app_news` ORDER BY id desc LIMIT 0,20   [ RunTime:0.0010s ]
INFO: [ view_parse ] --START--
INFO: [ template_filter ] --START--
INFO: Run Behavior\ContentReplaceBehavior [ RunTime:0.000000s ]
INFO: [ template_filter ] --END-- [ RunTime:0.000000s ]
INFO: Run Behavior\ParseTemplateBehavior [ RunTime:0.013672s ]
INFO: [ view_parse ] --END-- [ RunTime:0.013672s ]
INFO: [ view_filter ] --START--
INFO: Run Behavior\WriteHtmlCacheBehavior [ RunTime:0.000977s ]
INFO: [ view_filter ] --END-- [ RunTime:0.000977s ]
INFO: [ app_end ] --START--
INFO: Run Behavior\ShowPageTraceBehavior [ RunTime:0.000000s ]
INFO: [ app_end ] --END-- [ RunTime:0.000000s ]

[ 2019-01-09T16:41:12+08:00 ] 127.0.0.1 /admin/news/add_news
INFO: [ app_init ] --START--
INFO: Run Behavior\BuildLiteBehavior [ RunTime:0.000000s ]
SQL: SHOW COLUMNS FROM `app_hooks` [ RunTime:0.0029s ]
SQL: SELECT `name`,`addons` FROM `app_hooks`  [ RunTime:0.0000s ]
SQL: SHOW COLUMNS FROM `app_addons` [ RunTime:0.0020s ]
SQL: SELECT `id`,`name` FROM `app_addons` WHERE `status` = 1 AND `name` IN ('Example1')  [ RunTime:0.0010s ]
INFO: Run Common\Behavior\InitHookBehavior [ RunTime:1.012695s ]
INFO: [ app_init ] --END-- [ RunTime:1.012695s ]
INFO: [ app_begin ] --START--
INFO: Run Behavior\ReadHtmlCacheBehavior [ RunTime:0.000976s ]
INFO: Run Behavior\CheckLangBehavior [ RunTime:0.000977s ]
INFO: [ app_begin ] --END-- [ RunTime:0.001953s ]
INFO: [ view_parse ] --START--
INFO: [ template_filter ] --START--
INFO: Run Behavior\ContentReplaceBehavior [ RunTime:0.000000s ]
INFO: [ template_filter ] --END-- [ RunTime:0.000000s ]
NOTIC: [8] Undefined variable: page D:\www\guangjian\data\Runtime\Cache\Admin\1d16c1c80155d6e3bd075c9633c2d808.php 第 130 行.
INFO: Run Behavior\ParseTemplateBehavior [ RunTime:0.013672s ]
INFO: [ view_parse ] --END-- [ RunTime:0.013672s ]
INFO: [ view_filter ] --START--
INFO: Run Behavior\WriteHtmlCacheBehavior [ RunTime:0.000000s ]
INFO: [ view_filter ] --END-- [ RunTime:0.000000s ]
INFO: [ app_end ] --START--
INFO: Run Behavior\ShowPageTraceBehavior [ RunTime:0.000977s ]
INFO: [ app_end ] --END-- [ RunTime:0.000977s ]

[ 2019-01-09T16:41:46+08:00 ] 127.0.0.1 /admin/news/news_list
INFO: [ app_init ] --START--
INFO: Run Behavior\BuildLiteBehavior [ RunTime:0.000000s ]
SQL: SHOW COLUMNS FROM `app_hooks` [ RunTime:0.0039s ]
SQL: SELECT `name`,`addons` FROM `app_hooks`  [ RunTime:0.0010s ]
SQL: SHOW COLUMNS FROM `app_addons` [ RunTime:0.0029s ]
SQL: SELECT `id`,`name` FROM `app_addons` WHERE `status` = 1 AND `name` IN ('Example1')  [ RunTime:0.0000s ]
INFO: Run Common\Behavior\InitHookBehavior [ RunTime:1.019531s ]
INFO: [ app_init ] --END-- [ RunTime:1.019531s ]
INFO: [ app_begin ] --START--
INFO: Run Behavior\ReadHtmlCacheBehavior [ RunTime:0.000976s ]
INFO: Run Behavior\CheckLangBehavior [ RunTime:0.000977s ]
INFO: [ app_begin ] --END-- [ RunTime:0.001953s ]
SQL: SHOW COLUMNS FROM `app_news` [ RunTime:0.0029s ]
SQL: SELECT COUNT(*) AS tp_count FROM `app_news` LIMIT 1   [ RunTime:0.0010s ]
NOTIC: [8] Undefined index: page D:\www\guangjian\Application\Admin\Controller\CommonController.class.php 第 207 行.
SQL: SELECT * FROM `app_news` ORDER BY id desc LIMIT 0,20   [ RunTime:0.0000s ]
INFO: [ view_parse ] --START--
INFO: [ template_filter ] --START--
INFO: Run Behavior\ContentReplaceBehavior [ RunTime:0.000000s ]
INFO: [ template_filter ] --END-- [ RunTime:0.000000s ]
INFO: Run Behavior\ParseTemplateBehavior [ RunTime:0.013672s ]
INFO: [ view_parse ] --END-- [ RunTime:0.013672s ]
INFO: [ view_filter ] --START--
INFO: Run Behavior\WriteHtmlCacheBehavior [ RunTime:0.000000s ]
INFO: [ view_filter ] --END-- [ RunTime:0.000000s ]
INFO: [ app_end ] --START--
INFO: Run Behavior\ShowPageTraceBehavior [ RunTime:0.000000s ]
INFO: [ app_end ] --END-- [ RunTime:0.000000s ]

[ 2019-01-09T17:23:10+08:00 ] 127.0.0.1 /admin/news/edit_news/id/108
INFO: [ app_init ] --START--
INFO: Run Behavior\BuildLiteBehavior [ RunTime:0.000000s ]
SQL: SHOW COLUMNS FROM `app_hooks` [ RunTime:0.0029s ]
SQL: SELECT `name`,`addons` FROM `app_hooks`  [ RunTime:0.0000s ]
SQL: SHOW COLUMNS FROM `app_addons` [ RunTime:0.0039s ]
SQL: SELECT `id`,`name` FROM `app_addons` WHERE `status` = 1 AND `name` IN ('Example1')  [ RunTime:0.0010s ]
INFO: Run Common\Behavior\InitHookBehavior [ RunTime:1.025390s ]
INFO: [ app_init ] --END-- [ RunTime:1.026367s ]
INFO: [ app_begin ] --START--
INFO: Run Behavior\ReadHtmlCacheBehavior [ RunTime:0.000977s ]
INFO: Run Behavior\CheckLangBehavior [ RunTime:0.001953s ]
INFO: [ app_begin ] --END-- [ RunTime:0.002930s ]
SQL: SHOW COLUMNS FROM `app_news` [ RunTime:0.0029s ]
SQL: SELECT * FROM `app_news` WHERE `id` = 108 LIMIT 1   [ RunTime:0.0010s ]
INFO: [ view_parse ] --START--
INFO: [ template_filter ] --START--
INFO: Run Behavior\ContentReplaceBehavior [ RunTime:0.000000s ]
INFO: [ template_filter ] --END-- [ RunTime:0.000000s ]
NOTIC: [8] Undefined variable: page D:\www\guangjian\data\Runtime\Cache\Admin\a43d0b134f857888c5473415af54e5f6.php 第 130 行.
INFO: Run Behavior\ParseTemplateBehavior [ RunTime:0.014648s ]
INFO: [ view_parse ] --END-- [ RunTime:0.015625s ]
INFO: [ view_filter ] --START--
INFO: Run Behavior\WriteHtmlCacheBehavior [ RunTime:0.000000s ]
INFO: [ view_filter ] --END-- [ RunTime:0.000000s ]
INFO: [ app_end ] --START--
INFO: Run Behavior\ShowPageTraceBehavior [ RunTime:0.000976s ]
INFO: [ app_end ] --END-- [ RunTime:0.000976s ]

