[ 2019-01-08T15:56:29+08:00 ] 127.0.0.1 /admin
INFO: [ app_init ] --START--
INFO: Run Behavior\BuildLiteBehavior [ RunTime:0.000000s ]
SQL: SHOW COLUMNS FROM `app_hooks` [ RunTime:0.0039s ]
SQL: SELECT `name`,`addons` FROM `app_hooks`  [ RunTime:0.0000s ]
SQL: SHOW COLUMNS FROM `app_addons` [ RunTime:0.0039s ]
SQL: SELECT `id`,`name` FROM `app_addons` WHERE `status` = 1 AND `name` IN ('Example1')  [ RunTime:0.0010s ]
INFO: Run Common\Behavior\InitHookBehavior [ RunTime:1.043945s ]
INFO: [ app_init ] --END-- [ RunTime:1.043945s ]
INFO: [ app_begin ] --START--
INFO: Run Behavior\ReadHtmlCacheBehavior [ RunTime:0.000976s ]
INFO: Run Behavior\CheckLangBehavior [ RunTime:0.002930s ]
INFO: [ app_begin ] --END-- [ RunTime:0.004882s ]

[ 2019-01-08T15:56:30+08:00 ] 127.0.0.1 /Admin/sign/index.html
INFO: [ app_init ] --START--
INFO: Run Behavior\BuildLiteBehavior [ RunTime:0.000000s ]
SQL: SHOW COLUMNS FROM `app_hooks` [ RunTime:0.0039s ]
SQL: SELECT `name`,`addons` FROM `app_hooks`  [ RunTime:0.0010s ]
SQL: SHOW COLUMNS FROM `app_addons` [ RunTime:0.0029s ]
SQL: SELECT `id`,`name` FROM `app_addons` WHERE `status` = 1 AND `name` IN ('Example1')  [ RunTime:0.0000s ]
INFO: Run Common\Behavior\InitHookBehavior [ RunTime:1.020507s ]
INFO: [ app_init ] --END-- [ RunTime:1.021484s ]
INFO: [ app_begin ] --START--
INFO: Run Behavior\ReadHtmlCacheBehavior [ RunTime:0.000976s ]
INFO: Run Behavior\CheckLangBehavior [ RunTime:0.000977s ]
INFO: [ app_begin ] --END-- [ RunTime:0.001953s ]
INFO: [ view_parse ] --START--
INFO: [ template_filter ] --START--
INFO: Run Behavior\ContentReplaceBehavior [ RunTime:0.000000s ]
INFO: [ template_filter ] --END-- [ RunTime:0.000000s ]
INFO: Run Behavior\ParseTemplateBehavior [ RunTime:0.007812s ]
INFO: [ view_parse ] --END-- [ RunTime:0.007812s ]
INFO: [ view_filter ] --START--
INFO: Run Behavior\WriteHtmlCacheBehavior [ RunTime:0.000977s ]
INFO: [ view_filter ] --END-- [ RunTime:0.000977s ]
INFO: [ app_end ] --START--
INFO: Run Behavior\ShowPageTraceBehavior [ RunTime:0.000000s ]
INFO: [ app_end ] --END-- [ RunTime:0.000000s ]

[ 2019-01-08T15:56:38+08:00 ] 127.0.0.1 /Admin/sign/index.html
INFO: [ app_init ] --START--
INFO: Run Behavior\BuildLiteBehavior [ RunTime:0.000000s ]
SQL: SHOW COLUMNS FROM `app_hooks` [ RunTime:0.0029s ]
SQL: SELECT `name`,`addons` FROM `app_hooks`  [ RunTime:0.0010s ]
SQL: SHOW COLUMNS FROM `app_addons` [ RunTime:0.0029s ]
SQL: SELECT `id`,`name` FROM `app_addons` WHERE `status` = 1 AND `name` IN ('Example1')  [ RunTime:0.0000s ]
INFO: Run Common\Behavior\InitHookBehavior [ RunTime:1.025391s ]
INFO: [ app_init ] --END-- [ RunTime:1.025391s ]
INFO: [ app_begin ] --START--
INFO: Run Behavior\ReadHtmlCacheBehavior [ RunTime:0.000000s ]
INFO: Run Behavior\CheckLangBehavior [ RunTime:0.001953s ]
INFO: [ app_begin ] --END-- [ RunTime:0.001953s ]
SQL: SHOW COLUMNS FROM `app_member` [ RunTime:0.0029s ]
SQL: SELECT `id`,`gid`,`account`,`tel`,`nickname`,`status` FROM `app_member` WHERE `account` = 'admin' AND `pass` = '63a9f0ea7bb98050796b649e85481845' LIMIT 1   [ RunTime:0.0000s ]
INFO: [ view_parse ] --START--
INFO: [ template_filter ] --START--
INFO: Run Behavior\ContentReplaceBehavior [ RunTime:0.000000s ]
INFO: [ template_filter ] --END-- [ RunTime:0.000000s ]
INFO: Run Behavior\ParseTemplateBehavior [ RunTime:0.006836s ]
INFO: [ view_parse ] --END-- [ RunTime:0.006836s ]
INFO: [ view_filter ] --START--
INFO: Run Behavior\WriteHtmlCacheBehavior [ RunTime:0.000976s ]
INFO: [ view_filter ] --END-- [ RunTime:0.000976s ]

[ 2019-01-08T15:56:42+08:00 ] 127.0.0.1 /Admin/sign/index.html
INFO: [ app_init ] --START--
INFO: Run Behavior\BuildLiteBehavior [ RunTime:0.000000s ]
SQL: SHOW COLUMNS FROM `app_hooks` [ RunTime:0.0029s ]
SQL: SELECT `name`,`addons` FROM `app_hooks`  [ RunTime:0.0000s ]
SQL: SHOW COLUMNS FROM `app_addons` [ RunTime:0.0029s ]
SQL: SELECT `id`,`name` FROM `app_addons` WHERE `status` = 1 AND `name` IN ('Example1')  [ RunTime:0.0000s ]
INFO: Run Common\Behavior\InitHookBehavior [ RunTime:1.069336s ]
INFO: [ app_init ] --END-- [ RunTime:1.070312s ]
INFO: [ app_begin ] --START--
INFO: Run Behavior\ReadHtmlCacheBehavior [ RunTime:0.000000s ]
INFO: Run Behavior\CheckLangBehavior [ RunTime:0.000976s ]
INFO: [ app_begin ] --END-- [ RunTime:0.000976s ]
INFO: [ view_parse ] --START--
INFO: [ template_filter ] --START--
INFO: Run Behavior\ContentReplaceBehavior [ RunTime:0.000000s ]
INFO: [ template_filter ] --END-- [ RunTime:0.000000s ]
INFO: Run Behavior\ParseTemplateBehavior [ RunTime:0.005860s ]
INFO: [ view_parse ] --END-- [ RunTime:0.005860s ]
INFO: [ view_filter ] --START--
INFO: Run Behavior\WriteHtmlCacheBehavior [ RunTime:0.000000s ]
INFO: [ view_filter ] --END-- [ RunTime:0.000000s ]
INFO: [ app_end ] --START--
INFO: Run Behavior\ShowPageTraceBehavior [ RunTime:0.000000s ]
INFO: [ app_end ] --END-- [ RunTime:0.000976s ]

[ 2019-01-08T15:56:49+08:00 ] 127.0.0.1 /Admin/sign/index.html
INFO: [ app_init ] --START--
INFO: Run Behavior\BuildLiteBehavior [ RunTime:0.000000s ]
SQL: SHOW COLUMNS FROM `app_hooks` [ RunTime:0.0039s ]
SQL: SELECT `name`,`addons` FROM `app_hooks`  [ RunTime:0.0000s ]
SQL: SHOW COLUMNS FROM `app_addons` [ RunTime:0.0020s ]
SQL: SELECT `id`,`name` FROM `app_addons` WHERE `status` = 1 AND `name` IN ('Example1')  [ RunTime:0.0000s ]
INFO: Run Common\Behavior\InitHookBehavior [ RunTime:1.022460s ]
INFO: [ app_init ] --END-- [ RunTime:1.023437s ]
INFO: [ app_begin ] --START--
INFO: Run Behavior\ReadHtmlCacheBehavior [ RunTime:0.000000s ]
INFO: Run Behavior\CheckLangBehavior [ RunTime:0.001953s ]
INFO: [ app_begin ] --END-- [ RunTime:0.001953s ]
SQL: SHOW COLUMNS FROM `app_member` [ RunTime:0.0039s ]
SQL: SELECT `id`,`gid`,`account`,`tel`,`nickname`,`status` FROM `app_member` WHERE `account` = 'admin' AND `pass` = 'e8567dbe206e0240e06f1edde026be3a' LIMIT 1   [ RunTime:0.0010s ]
SQL: SHOW COLUMNS FROM `app_auth_group` [ RunTime:0.0039s ]
SQL: SELECT `id`,`rules` FROM `app_auth_group` WHERE `id` = 1 LIMIT 1   [ RunTime:0.0010s ]
SQL: SHOW COLUMNS FROM `app_auth_rule` [ RunTime:0.0029s ]
SQL: SELECT `id`,`pid`,`top_id`,`sort`,`level`,`name`,`title`,`position` FROM `app_auth_rule` WHERE `id` IN ('11','12','13','34','16','17','18','33','14','35','19','20','22','23','15','36','21','24','25','26','53','54','55','56','57','58','73','74','64','65','66','67','68','69','70','71') ORDER BY sort desc  [ RunTime:0.0010s ]
INFO: [ view_parse ] --START--
INFO: [ template_filter ] --START--
INFO: Run Behavior\ContentReplaceBehavior [ RunTime:0.000000s ]
INFO: [ template_filter ] --END-- [ RunTime:0.000000s ]
INFO: Run Behavior\ParseTemplateBehavior [ RunTime:0.008789s ]
INFO: [ view_parse ] --END-- [ RunTime:0.008789s ]
INFO: [ view_filter ] --START--
INFO: Run Behavior\WriteHtmlCacheBehavior [ RunTime:0.000000s ]
INFO: [ view_filter ] --END-- [ RunTime:0.000000s ]
INFO: [ app_end ] --START--
INFO: Run Behavior\ShowPageTraceBehavior [ RunTime:0.000976s ]
INFO: [ app_end ] --END-- [ RunTime:0.000976s ]

[ 2019-01-08T15:56:51+08:00 ] 127.0.0.1 /Admin/index/index.html
INFO: [ app_init ] --START--
INFO: Run Behavior\BuildLiteBehavior [ RunTime:0.000000s ]
SQL: SHOW COLUMNS FROM `app_hooks` [ RunTime:0.0039s ]
SQL: SELECT `name`,`addons` FROM `app_hooks`  [ RunTime:0.0000s ]
SQL: SHOW COLUMNS FROM `app_addons` [ RunTime:0.0029s ]
SQL: SELECT `id`,`name` FROM `app_addons` WHERE `status` = 1 AND `name` IN ('Example1')  [ RunTime:0.0000s ]
INFO: Run Common\Behavior\InitHookBehavior [ RunTime:1.031250s ]
INFO: [ app_init ] --END-- [ RunTime:1.032227s ]
INFO: [ app_begin ] --START--
INFO: Run Behavior\ReadHtmlCacheBehavior [ RunTime:0.000977s ]
INFO: Run Behavior\CheckLangBehavior [ RunTime:0.000976s ]
INFO: [ app_begin ] --END-- [ RunTime:0.001953s ]
INFO: [ view_parse ] --START--
INFO: [ template_filter ] --START--
INFO: Run Behavior\ContentReplaceBehavior [ RunTime:0.000000s ]
INFO: [ template_filter ] --END-- [ RunTime:0.000000s ]
NOTIC: [8] Undefined index: show_id D:\www\guangjian\data\Runtime\Cache\Admin\b595b808c2ebeeeb0478ffc30bb4e87a.php 第 120 行.
NOTIC: [8] Undefined index: show_id D:\www\guangjian\data\Runtime\Cache\Admin\b595b808c2ebeeeb0478ffc30bb4e87a.php 第 120 行.
NOTIC: [8] Undefined index: show_id D:\www\guangjian\data\Runtime\Cache\Admin\b595b808c2ebeeeb0478ffc30bb4e87a.php 第 120 行.
NOTIC: [8] Undefined index: show_id D:\www\guangjian\data\Runtime\Cache\Admin\b595b808c2ebeeeb0478ffc30bb4e87a.php 第 120 行.
NOTIC: [8] Undefined variable: page D:\www\guangjian\data\Runtime\Cache\Admin\b595b808c2ebeeeb0478ffc30bb4e87a.php 第 130 行.
INFO: Run Behavior\ParseTemplateBehavior [ RunTime:0.014648s ]
INFO: [ view_parse ] --END-- [ RunTime:0.014648s ]
INFO: [ view_filter ] --START--
INFO: Run Behavior\WriteHtmlCacheBehavior [ RunTime:0.000977s ]
INFO: [ view_filter ] --END-- [ RunTime:0.000977s ]
INFO: [ app_end ] --START--
INFO: Run Behavior\ShowPageTraceBehavior [ RunTime:0.000976s ]
INFO: [ app_end ] --END-- [ RunTime:0.000976s ]

[ 2019-01-08T15:56:57+08:00 ] 127.0.0.1 /admin/rule/rule_list
INFO: [ app_init ] --START--
INFO: Run Behavior\BuildLiteBehavior [ RunTime:0.000000s ]
SQL: SHOW COLUMNS FROM `app_hooks` [ RunTime:0.0039s ]
SQL: SELECT `name`,`addons` FROM `app_hooks`  [ RunTime:0.0010s ]
SQL: SHOW COLUMNS FROM `app_addons` [ RunTime:0.0029s ]
SQL: SELECT `id`,`name` FROM `app_addons` WHERE `status` = 1 AND `name` IN ('Example1')  [ RunTime:0.0000s ]
INFO: Run Common\Behavior\InitHookBehavior [ RunTime:1.021484s ]
INFO: [ app_init ] --END-- [ RunTime:1.022461s ]
INFO: [ app_begin ] --START--
INFO: Run Behavior\ReadHtmlCacheBehavior [ RunTime:0.000000s ]
INFO: Run Behavior\CheckLangBehavior [ RunTime:0.001954s ]
INFO: [ app_begin ] --END-- [ RunTime:0.001954s ]
SQL: SHOW COLUMNS FROM `app_auth_rule` [ RunTime:0.0029s ]
SQL: SELECT COUNT(*) AS tp_count FROM `app_auth_rule` WHERE `pid` = 0 AND `level` = 1 LIMIT 1   [ RunTime:0.0000s ]
NOTIC: [8] Undefined index: page D:\www\guangjian\Application\Admin\Controller\CommonController.class.php 第 207 行.
SQL: SELECT `id` FROM `app_auth_rule` WHERE `pid` = 0 AND `level` = 1 ORDER BY sort desc LIMIT 0,2   [ RunTime:0.0000s ]
SQL: SELECT `id`,`pid`,`sort`,`level`,`name`,`title`,`position` FROM `app_auth_rule` WHERE `top_id` IN ('11','53') ORDER BY sort desc  [ RunTime:0.0010s ]
INFO: [ view_parse ] --START--
INFO: [ template_filter ] --START--
INFO: Run Behavior\ContentReplaceBehavior [ RunTime:0.000977s ]
INFO: [ template_filter ] --END-- [ RunTime:0.000977s ]
INFO: Run Behavior\ParseTemplateBehavior [ RunTime:0.015625s ]
INFO: [ view_parse ] --END-- [ RunTime:0.016602s ]
INFO: [ view_filter ] --START--
INFO: Run Behavior\WriteHtmlCacheBehavior [ RunTime:0.000000s ]
INFO: [ view_filter ] --END-- [ RunTime:0.000000s ]
INFO: [ app_end ] --START--
INFO: Run Behavior\ShowPageTraceBehavior [ RunTime:0.000976s ]
INFO: [ app_end ] --END-- [ RunTime:0.000976s ]

[ 2019-01-08T15:56:59+08:00 ] 127.0.0.1 /admin/rule/group_list
INFO: [ app_init ] --START--
INFO: Run Behavior\BuildLiteBehavior [ RunTime:0.000000s ]
SQL: SHOW COLUMNS FROM `app_hooks` [ RunTime:0.0029s ]
SQL: SELECT `name`,`addons` FROM `app_hooks`  [ RunTime:0.0000s ]
SQL: SHOW COLUMNS FROM `app_addons` [ RunTime:0.0039s ]
SQL: SELECT `id`,`name` FROM `app_addons` WHERE `status` = 1 AND `name` IN ('Example1')  [ RunTime:0.0000s ]
INFO: Run Common\Behavior\InitHookBehavior [ RunTime:1.021485s ]
INFO: [ app_init ] --END-- [ RunTime:1.022461s ]
INFO: [ app_begin ] --START--
INFO: Run Behavior\ReadHtmlCacheBehavior [ RunTime:0.000976s ]
INFO: Run Behavior\CheckLangBehavior [ RunTime:0.000977s ]
INFO: [ app_begin ] --END-- [ RunTime:0.001953s ]
SQL: SHOW COLUMNS FROM `app_auth_group` [ RunTime:0.0039s ]
SQL: SELECT COUNT(*) AS tp_count FROM `app_auth_group` LIMIT 1   [ RunTime:0.0000s ]
NOTIC: [8] Undefined index: page D:\www\guangjian\Application\Admin\Controller\CommonController.class.php 第 207 行.
SQL: SELECT `id`,`title` FROM `app_auth_group` LIMIT 0,20   [ RunTime:0.0010s ]
INFO: [ view_parse ] --START--
INFO: [ template_filter ] --START--
INFO: Run Behavior\ContentReplaceBehavior [ RunTime:0.000000s ]
INFO: [ template_filter ] --END-- [ RunTime:0.000000s ]
INFO: Run Behavior\ParseTemplateBehavior [ RunTime:0.015625s ]
INFO: [ view_parse ] --END-- [ RunTime:0.015625s ]
INFO: [ view_filter ] --START--
INFO: Run Behavior\WriteHtmlCacheBehavior [ RunTime:0.000977s ]
INFO: [ view_filter ] --END-- [ RunTime:0.000977s ]
INFO: [ app_end ] --START--
INFO: Run Behavior\ShowPageTraceBehavior [ RunTime:0.000976s ]
INFO: [ app_end ] --END-- [ RunTime:0.000976s ]

[ 2019-01-08T15:57:01+08:00 ] 127.0.0.1 /admin/rule/member_list
INFO: [ app_init ] --START--
INFO: Run Behavior\BuildLiteBehavior [ RunTime:0.000976s ]
SQL: SHOW COLUMNS FROM `app_hooks` [ RunTime:0.0039s ]
SQL: SELECT `name`,`addons` FROM `app_hooks`  [ RunTime:0.0000s ]
SQL: SHOW COLUMNS FROM `app_addons` [ RunTime:0.0029s ]
SQL: SELECT `id`,`name` FROM `app_addons` WHERE `status` = 1 AND `name` IN ('Example1')  [ RunTime:0.0010s ]
INFO: Run Common\Behavior\InitHookBehavior [ RunTime:1.020508s ]
INFO: [ app_init ] --END-- [ RunTime:1.021484s ]
INFO: [ app_begin ] --START--
INFO: Run Behavior\ReadHtmlCacheBehavior [ RunTime:0.000976s ]
INFO: Run Behavior\CheckLangBehavior [ RunTime:0.000977s ]
INFO: [ app_begin ] --END-- [ RunTime:0.001953s ]
SQL: SHOW COLUMNS FROM `app_member` [ RunTime:0.0039s ]
SQL: SELECT COUNT(*) AS tp_count FROM `app_member` LIMIT 1   [ RunTime:0.0010s ]
NOTIC: [8] Undefined index: page D:\www\guangjian\Application\Admin\Controller\CommonController.class.php 第 207 行.
SQL: SELECT `id`,`gid`,`nickname`,`account`,`status` FROM `app_member` LIMIT 0,20   [ RunTime:0.0000s ]
SQL: SHOW COLUMNS FROM `app_auth_group` [ RunTime:0.0039s ]
SQL: SELECT `id`,`title` FROM `app_auth_group` WHERE `id` IN ('1')  [ RunTime:0.0000s ]
INFO: [ view_parse ] --START--
INFO: [ template_filter ] --START--
INFO: Run Behavior\ContentReplaceBehavior [ RunTime:0.000000s ]
INFO: [ template_filter ] --END-- [ RunTime:0.000000s ]
INFO: Run Behavior\ParseTemplateBehavior [ RunTime:0.011719s ]
INFO: [ view_parse ] --END-- [ RunTime:0.011719s ]
INFO: [ view_filter ] --START--
INFO: Run Behavior\WriteHtmlCacheBehavior [ RunTime:0.000000s ]
INFO: [ view_filter ] --END-- [ RunTime:0.000000s ]
INFO: [ app_end ] --START--
INFO: Run Behavior\ShowPageTraceBehavior [ RunTime:0.000976s ]
INFO: [ app_end ] --END-- [ RunTime:0.000976s ]

[ 2019-01-08T15:57:09+08:00 ] 127.0.0.1 /admin/rule/group_list
INFO: [ app_init ] --START--
INFO: Run Behavior\BuildLiteBehavior [ RunTime:0.000000s ]
SQL: SHOW COLUMNS FROM `app_hooks` [ RunTime:0.0039s ]
SQL: SELECT `name`,`addons` FROM `app_hooks`  [ RunTime:0.0000s ]
SQL: SHOW COLUMNS FROM `app_addons` [ RunTime:0.0029s ]
SQL: SELECT `id`,`name` FROM `app_addons` WHERE `status` = 1 AND `name` IN ('Example1')  [ RunTime:0.0010s ]
INFO: Run Common\Behavior\InitHookBehavior [ RunTime:1.025391s ]
INFO: [ app_init ] --END-- [ RunTime:1.026368s ]
INFO: [ app_begin ] --START--
INFO: Run Behavior\ReadHtmlCacheBehavior [ RunTime:0.000977s ]
INFO: Run Behavior\CheckLangBehavior [ RunTime:0.000976s ]
INFO: [ app_begin ] --END-- [ RunTime:0.002930s ]
SQL: SHOW COLUMNS FROM `app_auth_group` [ RunTime:0.0029s ]
SQL: SELECT COUNT(*) AS tp_count FROM `app_auth_group` LIMIT 1   [ RunTime:0.0010s ]
NOTIC: [8] Undefined index: page D:\www\guangjian\Application\Admin\Controller\CommonController.class.php 第 207 行.
SQL: SELECT `id`,`title` FROM `app_auth_group` LIMIT 0,20   [ RunTime:0.0000s ]
INFO: [ view_parse ] --START--
INFO: [ template_filter ] --START--
INFO: Run Behavior\ContentReplaceBehavior [ RunTime:0.000000s ]
INFO: [ template_filter ] --END-- [ RunTime:0.000000s ]
INFO: Run Behavior\ParseTemplateBehavior [ RunTime:0.013672s ]
INFO: [ view_parse ] --END-- [ RunTime:0.014648s ]
INFO: [ view_filter ] --START--
INFO: Run Behavior\WriteHtmlCacheBehavior [ RunTime:0.000000s ]
INFO: [ view_filter ] --END-- [ RunTime:0.000000s ]
INFO: [ app_end ] --START--
INFO: Run Behavior\ShowPageTraceBehavior [ RunTime:0.000977s ]
INFO: [ app_end ] --END-- [ RunTime:0.000977s ]

[ 2019-01-08T15:57:12+08:00 ] 127.0.0.1 /admin/rule/rule_list
INFO: [ app_init ] --START--
INFO: Run Behavior\BuildLiteBehavior [ RunTime:0.000000s ]
SQL: SHOW COLUMNS FROM `app_hooks` [ RunTime:0.0039s ]
SQL: SELECT `name`,`addons` FROM `app_hooks`  [ RunTime:0.0000s ]
SQL: SHOW COLUMNS FROM `app_addons` [ RunTime:0.0029s ]
SQL: SELECT `id`,`name` FROM `app_addons` WHERE `status` = 1 AND `name` IN ('Example1')  [ RunTime:0.0010s ]
INFO: Run Common\Behavior\InitHookBehavior [ RunTime:1.019531s ]
INFO: [ app_init ] --END-- [ RunTime:1.019531s ]
INFO: [ app_begin ] --START--
INFO: Run Behavior\ReadHtmlCacheBehavior [ RunTime:0.000977s ]
INFO: Run Behavior\CheckLangBehavior [ RunTime:0.000977s ]
INFO: [ app_begin ] --END-- [ RunTime:0.001954s ]
SQL: SHOW COLUMNS FROM `app_auth_rule` [ RunTime:0.0039s ]
SQL: SELECT COUNT(*) AS tp_count FROM `app_auth_rule` WHERE `pid` = 0 AND `level` = 1 LIMIT 1   [ RunTime:0.0010s ]
NOTIC: [8] Undefined index: page D:\www\guangjian\Application\Admin\Controller\CommonController.class.php 第 207 行.
SQL: SELECT `id` FROM `app_auth_rule` WHERE `pid` = 0 AND `level` = 1 ORDER BY sort desc LIMIT 0,2   [ RunTime:0.0000s ]
SQL: SELECT `id`,`pid`,`sort`,`level`,`name`,`title`,`position` FROM `app_auth_rule` WHERE `top_id` IN ('11','53') ORDER BY sort desc  [ RunTime:0.0000s ]
INFO: [ view_parse ] --START--
INFO: [ template_filter ] --START--
INFO: Run Behavior\ContentReplaceBehavior [ RunTime:0.000000s ]
INFO: [ template_filter ] --END-- [ RunTime:0.000000s ]
INFO: Run Behavior\ParseTemplateBehavior [ RunTime:0.016601s ]
INFO: [ view_parse ] --END-- [ RunTime:0.016601s ]
INFO: [ view_filter ] --START--
INFO: Run Behavior\WriteHtmlCacheBehavior [ RunTime:0.000000s ]
INFO: [ view_filter ] --END-- [ RunTime:0.000977s ]
INFO: [ app_end ] --START--
INFO: Run Behavior\ShowPageTraceBehavior [ RunTime:0.000977s ]
INFO: [ app_end ] --END-- [ RunTime:0.000977s ]

[ 2019-01-08T15:57:15+08:00 ] 127.0.0.1 /admin/news/news_list
INFO: [ app_init ] --START--
INFO: Run Behavior\BuildLiteBehavior [ RunTime:0.000000s ]
SQL: SHOW COLUMNS FROM `app_hooks` [ RunTime:0.0039s ]
SQL: SELECT `name`,`addons` FROM `app_hooks`  [ RunTime:0.0000s ]
SQL: SHOW COLUMNS FROM `app_addons` [ RunTime:0.0039s ]
SQL: SELECT `id`,`name` FROM `app_addons` WHERE `status` = 1 AND `name` IN ('Example1')  [ RunTime:0.0010s ]
INFO: Run Common\Behavior\InitHookBehavior [ RunTime:1.024414s ]
INFO: [ app_init ] --END-- [ RunTime:1.025391s ]
INFO: [ app_begin ] --START--
INFO: Run Behavior\ReadHtmlCacheBehavior [ RunTime:0.000977s ]
INFO: Run Behavior\CheckLangBehavior [ RunTime:0.000977s ]
INFO: [ app_begin ] --END-- [ RunTime:0.001954s ]
SQL: SHOW COLUMNS FROM `app_news` [ RunTime:0.0039s ]
SQL: SELECT COUNT(*) AS tp_count FROM `app_news` LIMIT 1   [ RunTime:0.0010s ]
NOTIC: [8] Undefined index: page D:\www\guangjian\Application\Admin\Controller\CommonController.class.php 第 207 行.
SQL: SELECT * FROM `app_news` ORDER BY id desc LIMIT 0,20   [ RunTime:0.0000s ]
INFO: [ view_parse ] --START--
INFO: [ template_filter ] --START--
INFO: Run Behavior\ContentReplaceBehavior [ RunTime:0.000000s ]
INFO: [ template_filter ] --END-- [ RunTime:0.000000s ]
INFO: Run Behavior\ParseTemplateBehavior [ RunTime:0.014648s ]
INFO: [ view_parse ] --END-- [ RunTime:0.014648s ]
INFO: [ view_filter ] --START--
INFO: Run Behavior\WriteHtmlCacheBehavior [ RunTime:0.000000s ]
INFO: [ view_filter ] --END-- [ RunTime:0.000000s ]
INFO: [ app_end ] --START--
INFO: Run Behavior\ShowPageTraceBehavior [ RunTime:0.000000s ]
INFO: [ app_end ] --END-- [ RunTime:0.000000s ]

[ 2019-01-08T15:57:19+08:00 ] 127.0.0.1 /admin/news/news_list
INFO: [ app_init ] --START--
INFO: Run Behavior\BuildLiteBehavior [ RunTime:0.000000s ]
SQL: SHOW COLUMNS FROM `app_hooks` [ RunTime:0.0020s ]
SQL: SELECT `name`,`addons` FROM `app_hooks`  [ RunTime:0.0000s ]
SQL: SHOW COLUMNS FROM `app_addons` [ RunTime:0.0039s ]
SQL: SELECT `id`,`name` FROM `app_addons` WHERE `status` = 1 AND `name` IN ('Example1')  [ RunTime:0.0010s ]
INFO: Run Common\Behavior\InitHookBehavior [ RunTime:1.020507s ]
INFO: [ app_init ] --END-- [ RunTime:1.020507s ]
INFO: [ app_begin ] --START--
INFO: Run Behavior\ReadHtmlCacheBehavior [ RunTime:0.000976s ]
INFO: Run Behavior\CheckLangBehavior [ RunTime:0.000977s ]
INFO: [ app_begin ] --END-- [ RunTime:0.001953s ]
SQL: SHOW COLUMNS FROM `app_news` [ RunTime:0.0039s ]
SQL: SELECT COUNT(*) AS tp_count FROM `app_news` LIMIT 1   [ RunTime:0.0000s ]
NOTIC: [8] Undefined index: page D:\www\guangjian\Application\Admin\Controller\CommonController.class.php 第 207 行.
SQL: SELECT * FROM `app_news` ORDER BY id desc LIMIT 0,20   [ RunTime:0.0000s ]
INFO: [ view_parse ] --START--
INFO: [ template_filter ] --START--
INFO: Run Behavior\ContentReplaceBehavior [ RunTime:0.000000s ]
INFO: [ template_filter ] --END-- [ RunTime:0.000000s ]
INFO: Run Behavior\ParseTemplateBehavior [ RunTime:0.009766s ]
INFO: [ view_parse ] --END-- [ RunTime:0.010742s ]
INFO: [ view_filter ] --START--
INFO: Run Behavior\WriteHtmlCacheBehavior [ RunTime:0.000977s ]
INFO: [ view_filter ] --END-- [ RunTime:0.000977s ]
INFO: [ app_end ] --START--
INFO: Run Behavior\ShowPageTraceBehavior [ RunTime:0.000000s ]
INFO: [ app_end ] --END-- [ RunTime:0.000000s ]

[ 2019-01-08T15:57:21+08:00 ] 127.0.0.1 /admin/news/news_list
INFO: [ app_init ] --START--
INFO: Run Behavior\BuildLiteBehavior [ RunTime:0.000000s ]
SQL: SHOW COLUMNS FROM `app_hooks` [ RunTime:0.0029s ]
SQL: SELECT `name`,`addons` FROM `app_hooks`  [ RunTime:0.0000s ]
SQL: SHOW COLUMNS FROM `app_addons` [ RunTime:0.0029s ]
SQL: SELECT `id`,`name` FROM `app_addons` WHERE `status` = 1 AND `name` IN ('Example1')  [ RunTime:0.0000s ]
INFO: Run Common\Behavior\InitHookBehavior [ RunTime:1.076172s ]
INFO: [ app_init ] --END-- [ RunTime:1.076172s ]
INFO: [ app_begin ] --START--
INFO: Run Behavior\ReadHtmlCacheBehavior [ RunTime:0.000977s ]
INFO: Run Behavior\CheckLangBehavior [ RunTime:0.000976s ]
INFO: [ app_begin ] --END-- [ RunTime:0.001953s ]
SQL: SHOW COLUMNS FROM `app_news` [ RunTime:0.0029s ]
SQL: SELECT COUNT(*) AS tp_count FROM `app_news` LIMIT 1   [ RunTime:0.0000s ]
NOTIC: [8] Undefined index: page D:\www\guangjian\Application\Admin\Controller\CommonController.class.php 第 207 行.
SQL: SELECT * FROM `app_news` ORDER BY id desc LIMIT 0,20   [ RunTime:0.0010s ]
INFO: [ view_parse ] --START--
INFO: [ template_filter ] --START--
INFO: Run Behavior\ContentReplaceBehavior [ RunTime:0.000000s ]
INFO: [ template_filter ] --END-- [ RunTime:0.000000s ]
INFO: Run Behavior\ParseTemplateBehavior [ RunTime:0.010742s ]
INFO: [ view_parse ] --END-- [ RunTime:0.010742s ]
INFO: [ view_filter ] --START--
INFO: Run Behavior\WriteHtmlCacheBehavior [ RunTime:0.000000s ]
INFO: [ view_filter ] --END-- [ RunTime:0.000000s ]
INFO: [ app_end ] --START--
INFO: Run Behavior\ShowPageTraceBehavior [ RunTime:0.000977s ]
INFO: [ app_end ] --END-- [ RunTime:0.000977s ]

[ 2019-01-08T15:57:24+08:00 ] 127.0.0.1 /admin/rule/rule_list
INFO: [ app_init ] --START--
INFO: Run Behavior\BuildLiteBehavior [ RunTime:0.000000s ]
SQL: SHOW COLUMNS FROM `app_hooks` [ RunTime:0.0029s ]
SQL: SELECT `name`,`addons` FROM `app_hooks`  [ RunTime:0.0000s ]
SQL: SHOW COLUMNS FROM `app_addons` [ RunTime:0.0029s ]
SQL: SELECT `id`,`name` FROM `app_addons` WHERE `status` = 1 AND `name` IN ('Example1')  [ RunTime:0.0000s ]
INFO: Run Common\Behavior\InitHookBehavior [ RunTime:1.041015s ]
INFO: [ app_init ] --END-- [ RunTime:1.041015s ]
INFO: [ app_begin ] --START--
INFO: Run Behavior\ReadHtmlCacheBehavior [ RunTime:0.000977s ]
INFO: Run Behavior\CheckLangBehavior [ RunTime:0.000976s ]
INFO: [ app_begin ] --END-- [ RunTime:0.001953s ]
SQL: SHOW COLUMNS FROM `app_auth_rule` [ RunTime:0.0029s ]
SQL: SELECT COUNT(*) AS tp_count FROM `app_auth_rule` WHERE `pid` = 0 AND `level` = 1 LIMIT 1   [ RunTime:0.0000s ]
NOTIC: [8] Undefined index: page D:\www\guangjian\Application\Admin\Controller\CommonController.class.php 第 207 行.
SQL: SELECT `id` FROM `app_auth_rule` WHERE `pid` = 0 AND `level` = 1 ORDER BY sort desc LIMIT 0,2   [ RunTime:0.0010s ]
SQL: SELECT `id`,`pid`,`sort`,`level`,`name`,`title`,`position` FROM `app_auth_rule` WHERE `top_id` IN ('11','53') ORDER BY sort desc  [ RunTime:0.0010s ]
INFO: [ view_parse ] --START--
INFO: [ template_filter ] --START--
INFO: Run Behavior\ContentReplaceBehavior [ RunTime:0.000000s ]
INFO: [ template_filter ] --END-- [ RunTime:0.000977s ]
INFO: Run Behavior\ParseTemplateBehavior [ RunTime:0.015625s ]
INFO: [ view_parse ] --END-- [ RunTime:0.015625s ]
INFO: [ view_filter ] --START--
INFO: Run Behavior\WriteHtmlCacheBehavior [ RunTime:0.000976s ]
INFO: [ view_filter ] --END-- [ RunTime:0.000976s ]
INFO: [ app_end ] --START--
INFO: Run Behavior\ShowPageTraceBehavior [ RunTime:0.000977s ]
INFO: [ app_end ] --END-- [ RunTime:0.000977s ]

[ 2019-01-08T15:57:41+08:00 ] 127.0.0.1 /admin/rule/group_list
INFO: [ app_init ] --START--
INFO: Run Behavior\BuildLiteBehavior [ RunTime:0.000000s ]
SQL: SHOW COLUMNS FROM `app_hooks` [ RunTime:0.0039s ]
SQL: SELECT `name`,`addons` FROM `app_hooks`  [ RunTime:0.0010s ]
SQL: SHOW COLUMNS FROM `app_addons` [ RunTime:0.0029s ]
SQL: SELECT `id`,`name` FROM `app_addons` WHERE `status` = 1 AND `name` IN ('Example1')  [ RunTime:0.0000s ]
INFO: Run Common\Behavior\InitHookBehavior [ RunTime:1.060547s ]
INFO: [ app_init ] --END-- [ RunTime:1.060547s ]
INFO: [ app_begin ] --START--
INFO: Run Behavior\ReadHtmlCacheBehavior [ RunTime:0.000976s ]
INFO: Run Behavior\CheckLangBehavior [ RunTime:0.000977s ]
INFO: [ app_begin ] --END-- [ RunTime:0.001953s ]
SQL: SHOW COLUMNS FROM `app_auth_group` [ RunTime:0.0029s ]
SQL: SELECT COUNT(*) AS tp_count FROM `app_auth_group` LIMIT 1   [ RunTime:0.0010s ]
NOTIC: [8] Undefined index: page D:\www\guangjian\Application\Admin\Controller\CommonController.class.php 第 207 行.
SQL: SELECT `id`,`title` FROM `app_auth_group` LIMIT 0,20   [ RunTime:0.0000s ]
INFO: [ view_parse ] --START--
INFO: [ template_filter ] --START--
INFO: Run Behavior\ContentReplaceBehavior [ RunTime:0.000000s ]
INFO: [ template_filter ] --END-- [ RunTime:0.000000s ]
INFO: Run Behavior\ParseTemplateBehavior [ RunTime:0.013672s ]
INFO: [ view_parse ] --END-- [ RunTime:0.014648s ]
INFO: [ view_filter ] --START--
INFO: Run Behavior\WriteHtmlCacheBehavior [ RunTime:0.000000s ]
INFO: [ view_filter ] --END-- [ RunTime:0.000000s ]
INFO: [ app_end ] --START--
INFO: Run Behavior\ShowPageTraceBehavior [ RunTime:0.000000s ]
INFO: [ app_end ] --END-- [ RunTime:0.000000s ]

[ 2019-01-08T15:57:43+08:00 ] 127.0.0.1 /admin/rule/group_list
INFO: [ app_init ] --START--
INFO: Run Behavior\BuildLiteBehavior [ RunTime:0.000000s ]
SQL: SHOW COLUMNS FROM `app_hooks` [ RunTime:0.0029s ]
SQL: SELECT `name`,`addons` FROM `app_hooks`  [ RunTime:0.0000s ]
SQL: SHOW COLUMNS FROM `app_addons` [ RunTime:0.0039s ]
SQL: SELECT `id`,`name` FROM `app_addons` WHERE `status` = 1 AND `name` IN ('Example1')  [ RunTime:0.0000s ]
INFO: Run Common\Behavior\InitHookBehavior [ RunTime:1.017579s ]
INFO: [ app_init ] --END-- [ RunTime:1.018555s ]
INFO: [ app_begin ] --START--
INFO: Run Behavior\ReadHtmlCacheBehavior [ RunTime:0.000000s ]
INFO: Run Behavior\CheckLangBehavior [ RunTime:0.001953s ]
INFO: [ app_begin ] --END-- [ RunTime:0.001953s ]
SQL: SHOW COLUMNS FROM `app_auth_group` [ RunTime:0.0029s ]
SQL: SELECT COUNT(*) AS tp_count FROM `app_auth_group` LIMIT 1   [ RunTime:0.0000s ]
NOTIC: [8] Undefined index: page D:\www\guangjian\Application\Admin\Controller\CommonController.class.php 第 207 行.
SQL: SELECT `id`,`title` FROM `app_auth_group` LIMIT 0,20   [ RunTime:0.0000s ]
INFO: [ view_parse ] --START--
INFO: [ template_filter ] --START--
INFO: Run Behavior\ContentReplaceBehavior [ RunTime:0.000000s ]
INFO: [ template_filter ] --END-- [ RunTime:0.000000s ]
INFO: Run Behavior\ParseTemplateBehavior [ RunTime:0.013671s ]
INFO: [ view_parse ] --END-- [ RunTime:0.013671s ]
INFO: [ view_filter ] --START--
INFO: Run Behavior\WriteHtmlCacheBehavior [ RunTime:0.000000s ]
INFO: [ view_filter ] --END-- [ RunTime:0.000000s ]
INFO: [ app_end ] --START--
INFO: Run Behavior\ShowPageTraceBehavior [ RunTime:0.000000s ]
INFO: [ app_end ] --END-- [ RunTime:0.000000s ]

[ 2019-01-08T16:01:15+08:00 ] 127.0.0.1 /admin/rule/rule_list
INFO: [ app_init ] --START--
INFO: Run Behavior\BuildLiteBehavior [ RunTime:0.000000s ]
SQL: SHOW COLUMNS FROM `app_hooks` [ RunTime:0.0029s ]
SQL: SELECT `name`,`addons` FROM `app_hooks`  [ RunTime:0.0000s ]
SQL: SHOW COLUMNS FROM `app_addons` [ RunTime:0.0029s ]
SQL: SELECT `id`,`name` FROM `app_addons` WHERE `status` = 1 AND `name` IN ('Example1')  [ RunTime:0.0010s ]
INFO: Run Common\Behavior\InitHookBehavior [ RunTime:1.029297s ]
INFO: [ app_init ] --END-- [ RunTime:1.029297s ]
INFO: [ app_begin ] --START--
INFO: Run Behavior\ReadHtmlCacheBehavior [ RunTime:0.000976s ]
INFO: Run Behavior\CheckLangBehavior [ RunTime:0.000977s ]
INFO: [ app_begin ] --END-- [ RunTime:0.001953s ]
SQL: SHOW COLUMNS FROM `app_auth_rule` [ RunTime:0.0029s ]
SQL: SELECT COUNT(*) AS tp_count FROM `app_auth_rule` WHERE `pid` = 0 AND `level` = 1 LIMIT 1   [ RunTime:0.0000s ]
NOTIC: [8] Undefined index: page D:\www\guangjian\Application\Admin\Controller\CommonController.class.php 第 207 行.
SQL: SELECT `id` FROM `app_auth_rule` WHERE `pid` = 0 AND `level` = 1 ORDER BY sort desc LIMIT 0,2   [ RunTime:0.0000s ]
SQL: SELECT `id`,`pid`,`sort`,`level`,`name`,`title`,`position` FROM `app_auth_rule` WHERE `top_id` IN ('11','53') ORDER BY sort desc  [ RunTime:0.0010s ]
INFO: [ view_parse ] --START--
INFO: [ template_filter ] --START--
INFO: Run Behavior\ContentReplaceBehavior [ RunTime:0.000000s ]
INFO: [ template_filter ] --END-- [ RunTime:0.000000s ]
INFO: Run Behavior\ParseTemplateBehavior [ RunTime:0.016601s ]
INFO: [ view_parse ] --END-- [ RunTime:0.016601s ]
INFO: [ view_filter ] --START--
INFO: Run Behavior\WriteHtmlCacheBehavior [ RunTime:0.000000s ]
INFO: [ view_filter ] --END-- [ RunTime:0.000000s ]
INFO: [ app_end ] --START--
INFO: Run Behavior\ShowPageTraceBehavior [ RunTime:0.000976s ]
INFO: [ app_end ] --END-- [ RunTime:0.000976s ]

[ 2019-01-08T16:01:17+08:00 ] 127.0.0.1 /admin/rule/group_list
INFO: [ app_init ] --START--
INFO: Run Behavior\BuildLiteBehavior [ RunTime:0.000000s ]
SQL: SHOW COLUMNS FROM `app_hooks` [ RunTime:0.0029s ]
SQL: SELECT `name`,`addons` FROM `app_hooks`  [ RunTime:0.0010s ]
SQL: SHOW COLUMNS FROM `app_addons` [ RunTime:0.0029s ]
SQL: SELECT `id`,`name` FROM `app_addons` WHERE `status` = 1 AND `name` IN ('Example1')  [ RunTime:0.0000s ]
INFO: Run Common\Behavior\InitHookBehavior [ RunTime:1.060547s ]
INFO: [ app_init ] --END-- [ RunTime:1.060547s ]
INFO: [ app_begin ] --START--
INFO: Run Behavior\ReadHtmlCacheBehavior [ RunTime:0.000000s ]
INFO: Run Behavior\CheckLangBehavior [ RunTime:0.000976s ]
INFO: [ app_begin ] --END-- [ RunTime:0.000976s ]
SQL: SHOW COLUMNS FROM `app_auth_group` [ RunTime:0.0039s ]
SQL: SELECT COUNT(*) AS tp_count FROM `app_auth_group` LIMIT 1   [ RunTime:0.0010s ]
NOTIC: [8] Undefined index: page D:\www\guangjian\Application\Admin\Controller\CommonController.class.php 第 207 行.
SQL: SELECT `id`,`title` FROM `app_auth_group` LIMIT 0,20   [ RunTime:0.0000s ]
INFO: [ view_parse ] --START--
INFO: [ template_filter ] --START--
INFO: Run Behavior\ContentReplaceBehavior [ RunTime:0.000000s ]
INFO: [ template_filter ] --END-- [ RunTime:0.000000s ]
INFO: Run Behavior\ParseTemplateBehavior [ RunTime:0.011719s ]
INFO: [ view_parse ] --END-- [ RunTime:0.011719s ]
INFO: [ view_filter ] --START--
INFO: Run Behavior\WriteHtmlCacheBehavior [ RunTime:0.000977s ]
INFO: [ view_filter ] --END-- [ RunTime:0.000977s ]
INFO: [ app_end ] --START--
INFO: Run Behavior\ShowPageTraceBehavior [ RunTime:0.000000s ]
INFO: [ app_end ] --END-- [ RunTime:0.000000s ]

[ 2019-01-08T16:01:19+08:00 ] 127.0.0.1 /admin/rule/member_list
INFO: [ app_init ] --START--
INFO: Run Behavior\BuildLiteBehavior [ RunTime:0.000000s ]
SQL: SHOW COLUMNS FROM `app_hooks` [ RunTime:0.0039s ]
SQL: SELECT `name`,`addons` FROM `app_hooks`  [ RunTime:0.0000s ]
SQL: SHOW COLUMNS FROM `app_addons` [ RunTime:0.0029s ]
SQL: SELECT `id`,`name` FROM `app_addons` WHERE `status` = 1 AND `name` IN ('Example1')  [ RunTime:0.0010s ]
INFO: Run Common\Behavior\InitHookBehavior [ RunTime:1.018555s ]
INFO: [ app_init ] --END-- [ RunTime:1.020508s ]
INFO: [ app_begin ] --START--
INFO: Run Behavior\ReadHtmlCacheBehavior [ RunTime:0.000977s ]
INFO: Run Behavior\CheckLangBehavior [ RunTime:0.000977s ]
INFO: [ app_begin ] --END-- [ RunTime:0.001954s ]
SQL: SHOW COLUMNS FROM `app_member` [ RunTime:0.0029s ]
SQL: SELECT COUNT(*) AS tp_count FROM `app_member` LIMIT 1   [ RunTime:0.0010s ]
NOTIC: [8] Undefined index: page D:\www\guangjian\Application\Admin\Controller\CommonController.class.php 第 207 行.
SQL: SELECT `id`,`gid`,`nickname`,`account`,`status` FROM `app_member` LIMIT 0,20   [ RunTime:0.0000s ]
SQL: SHOW COLUMNS FROM `app_auth_group` [ RunTime:0.0039s ]
SQL: SELECT `id`,`title` FROM `app_auth_group` WHERE `id` IN ('1')  [ RunTime:0.0000s ]
INFO: [ view_parse ] --START--
INFO: [ template_filter ] --START--
INFO: Run Behavior\ContentReplaceBehavior [ RunTime:0.000000s ]
INFO: [ template_filter ] --END-- [ RunTime:0.000000s ]
INFO: Run Behavior\ParseTemplateBehavior [ RunTime:0.011719s ]
INFO: [ view_parse ] --END-- [ RunTime:0.012696s ]
INFO: [ view_filter ] --START--
INFO: Run Behavior\WriteHtmlCacheBehavior [ RunTime:0.000000s ]
INFO: [ view_filter ] --END-- [ RunTime:0.000000s ]
INFO: [ app_end ] --START--
INFO: Run Behavior\ShowPageTraceBehavior [ RunTime:0.000976s ]
INFO: [ app_end ] --END-- [ RunTime:0.000976s ]

[ 2019-01-08T16:01:25+08:00 ] 127.0.0.1 /admin/news/news_list
INFO: [ app_init ] --START--
INFO: Run Behavior\BuildLiteBehavior [ RunTime:0.000000s ]
SQL: SHOW COLUMNS FROM `app_hooks` [ RunTime:0.0039s ]
SQL: SELECT `name`,`addons` FROM `app_hooks`  [ RunTime:0.0000s ]
SQL: SHOW COLUMNS FROM `app_addons` [ RunTime:0.0029s ]
SQL: SELECT `id`,`name` FROM `app_addons` WHERE `status` = 1 AND `name` IN ('Example1')  [ RunTime:0.0000s ]
INFO: Run Common\Behavior\InitHookBehavior [ RunTime:1.020508s ]
INFO: [ app_init ] --END-- [ RunTime:1.020508s ]
INFO: [ app_begin ] --START--
INFO: Run Behavior\ReadHtmlCacheBehavior [ RunTime:0.000977s ]
INFO: Run Behavior\CheckLangBehavior [ RunTime:0.000977s ]
INFO: [ app_begin ] --END-- [ RunTime:0.002930s ]
SQL: SHOW COLUMNS FROM `app_news` [ RunTime:0.0029s ]
SQL: SELECT COUNT(*) AS tp_count FROM `app_news` LIMIT 1   [ RunTime:0.0000s ]
NOTIC: [8] Undefined index: page D:\www\guangjian\Application\Admin\Controller\CommonController.class.php 第 207 行.
SQL: SELECT * FROM `app_news` ORDER BY id desc LIMIT 0,20   [ RunTime:0.0000s ]
INFO: [ view_parse ] --START--
INFO: [ template_filter ] --START--
INFO: Run Behavior\ContentReplaceBehavior [ RunTime:0.000000s ]
INFO: [ template_filter ] --END-- [ RunTime:0.000977s ]
INFO: Run Behavior\ParseTemplateBehavior [ RunTime:0.014649s ]
INFO: [ view_parse ] --END-- [ RunTime:0.014649s ]
INFO: [ view_filter ] --START--
INFO: Run Behavior\WriteHtmlCacheBehavior [ RunTime:0.000000s ]
INFO: [ view_filter ] --END-- [ RunTime:0.000000s ]
INFO: [ app_end ] --START--
INFO: Run Behavior\ShowPageTraceBehavior [ RunTime:0.000000s ]
INFO: [ app_end ] --END-- [ RunTime:0.000000s ]

[ 2019-01-08T16:01:30+08:00 ] 127.0.0.1 /admin/news/edit_news/id/108
INFO: [ app_init ] --START--
INFO: Run Behavior\BuildLiteBehavior [ RunTime:0.000000s ]
SQL: SHOW COLUMNS FROM `app_hooks` [ RunTime:0.0029s ]
SQL: SELECT `name`,`addons` FROM `app_hooks`  [ RunTime:0.0000s ]
SQL: SHOW COLUMNS FROM `app_addons` [ RunTime:0.0039s ]
SQL: SELECT `id`,`name` FROM `app_addons` WHERE `status` = 1 AND `name` IN ('Example1')  [ RunTime:0.0000s ]
INFO: Run Common\Behavior\InitHookBehavior [ RunTime:1.024414s ]
INFO: [ app_init ] --END-- [ RunTime:1.024414s ]
INFO: [ app_begin ] --START--
INFO: Run Behavior\ReadHtmlCacheBehavior [ RunTime:0.000977s ]
INFO: Run Behavior\CheckLangBehavior [ RunTime:0.000976s ]
INFO: [ app_begin ] --END-- [ RunTime:0.001953s ]
SQL: SHOW COLUMNS FROM `app_news` [ RunTime:0.0039s ]
SQL: SELECT * FROM `app_news` WHERE `id` = 108 LIMIT 1   [ RunTime:0.0010s ]
INFO: [ view_parse ] --START--
INFO: [ template_filter ] --START--
INFO: Run Behavior\ContentReplaceBehavior [ RunTime:0.000000s ]
INFO: [ template_filter ] --END-- [ RunTime:0.000000s ]
NOTIC: [8] Undefined variable: page D:\www\guangjian\data\Runtime\Cache\Admin\a43d0b134f857888c5473415af54e5f6.php 第 130 行.
INFO: Run Behavior\ParseTemplateBehavior [ RunTime:0.015625s ]
INFO: [ view_parse ] --END-- [ RunTime:0.015625s ]
INFO: [ view_filter ] --START--
INFO: Run Behavior\WriteHtmlCacheBehavior [ RunTime:0.000000s ]
INFO: [ view_filter ] --END-- [ RunTime:0.000000s ]
INFO: [ app_end ] --START--
INFO: Run Behavior\ShowPageTraceBehavior [ RunTime:0.000000s ]
INFO: [ app_end ] --END-- [ RunTime:0.000000s ]

[ 2019-01-08T16:02:02+08:00 ] 127.0.0.1 /admin
INFO: [ app_init ] --START--
INFO: Run Behavior\BuildLiteBehavior [ RunTime:0.000000s ]
SQL: SHOW COLUMNS FROM `app_hooks` [ RunTime:0.0039s ]
SQL: SELECT `name`,`addons` FROM `app_hooks`  [ RunTime:0.0000s ]
SQL: SHOW COLUMNS FROM `app_addons` [ RunTime:0.0039s ]
SQL: SELECT `id`,`name` FROM `app_addons` WHERE `status` = 1 AND `name` IN ('Example1')  [ RunTime:0.0000s ]
INFO: Run Common\Behavior\InitHookBehavior [ RunTime:1.021485s ]
INFO: [ app_init ] --END-- [ RunTime:1.021485s ]
INFO: [ app_begin ] --START--
INFO: Run Behavior\ReadHtmlCacheBehavior [ RunTime:0.000000s ]
INFO: Run Behavior\CheckLangBehavior [ RunTime:0.000977s ]
INFO: [ app_begin ] --END-- [ RunTime:0.000977s ]
INFO: [ view_parse ] --START--
INFO: [ template_filter ] --START--
INFO: Run Behavior\ContentReplaceBehavior [ RunTime:0.000000s ]
INFO: [ template_filter ] --END-- [ RunTime:0.000000s ]
NOTIC: [8] Undefined index: show_id D:\www\guangjian\data\Runtime\Cache\Admin\b595b808c2ebeeeb0478ffc30bb4e87a.php 第 120 行.
NOTIC: [8] Undefined index: show_id D:\www\guangjian\data\Runtime\Cache\Admin\b595b808c2ebeeeb0478ffc30bb4e87a.php 第 120 行.
NOTIC: [8] Undefined index: show_id D:\www\guangjian\data\Runtime\Cache\Admin\b595b808c2ebeeeb0478ffc30bb4e87a.php 第 120 行.
NOTIC: [8] Undefined index: show_id D:\www\guangjian\data\Runtime\Cache\Admin\b595b808c2ebeeeb0478ffc30bb4e87a.php 第 120 行.
NOTIC: [8] Undefined variable: page D:\www\guangjian\data\Runtime\Cache\Admin\b595b808c2ebeeeb0478ffc30bb4e87a.php 第 130 行.
INFO: Run Behavior\ParseTemplateBehavior [ RunTime:0.010742s ]
INFO: [ view_parse ] --END-- [ RunTime:0.010742s ]
INFO: [ view_filter ] --START--
INFO: Run Behavior\WriteHtmlCacheBehavior [ RunTime:0.000976s ]
INFO: [ view_filter ] --END-- [ RunTime:0.000976s ]
INFO: [ app_end ] --START--
INFO: Run Behavior\ShowPageTraceBehavior [ RunTime:0.000977s ]
INFO: [ app_end ] --END-- [ RunTime:0.000977s ]

[ 2019-01-08T16:02:09+08:00 ] 127.0.0.1 /admin/rule/rule_list
INFO: [ app_init ] --START--
INFO: Run Behavior\BuildLiteBehavior [ RunTime:0.000000s ]
SQL: SHOW COLUMNS FROM `app_hooks` [ RunTime:0.0039s ]
SQL: SELECT `name`,`addons` FROM `app_hooks`  [ RunTime:0.0010s ]
SQL: SHOW COLUMNS FROM `app_addons` [ RunTime:0.0029s ]
SQL: SELECT `id`,`name` FROM `app_addons` WHERE `status` = 1 AND `name` IN ('Example1')  [ RunTime:0.0000s ]
INFO: Run Common\Behavior\InitHookBehavior [ RunTime:1.015625s ]
INFO: [ app_init ] --END-- [ RunTime:1.017578s ]
INFO: [ app_begin ] --START--
INFO: Run Behavior\ReadHtmlCacheBehavior [ RunTime:0.000000s ]
INFO: Run Behavior\CheckLangBehavior [ RunTime:0.000976s ]
INFO: [ app_begin ] --END-- [ RunTime:0.000976s ]
SQL: SHOW COLUMNS FROM `app_auth_rule` [ RunTime:0.0029s ]
SQL: SELECT COUNT(*) AS tp_count FROM `app_auth_rule` WHERE `pid` = 0 AND `level` = 1 LIMIT 1   [ RunTime:0.0000s ]
NOTIC: [8] Undefined index: page D:\www\guangjian\Application\Admin\Controller\CommonController.class.php 第 207 行.
SQL: SELECT `id` FROM `app_auth_rule` WHERE `pid` = 0 AND `level` = 1 ORDER BY sort desc LIMIT 0,2   [ RunTime:0.0000s ]
SQL: SELECT `id`,`pid`,`sort`,`level`,`name`,`title`,`position` FROM `app_auth_rule` WHERE `top_id` IN ('11','53') ORDER BY sort desc  [ RunTime:0.0010s ]
INFO: [ view_parse ] --START--
INFO: [ template_filter ] --START--
INFO: Run Behavior\ContentReplaceBehavior [ RunTime:0.000000s ]
INFO: [ template_filter ] --END-- [ RunTime:0.000977s ]
INFO: Run Behavior\ParseTemplateBehavior [ RunTime:0.014648s ]
INFO: [ view_parse ] --END-- [ RunTime:0.014648s ]
INFO: [ view_filter ] --START--
INFO: Run Behavior\WriteHtmlCacheBehavior [ RunTime:0.000000s ]
INFO: [ view_filter ] --END-- [ RunTime:0.000000s ]
INFO: [ app_end ] --START--
INFO: Run Behavior\ShowPageTraceBehavior [ RunTime:0.000977s ]
INFO: [ app_end ] --END-- [ RunTime:0.000977s ]

[ 2019-01-08T16:02:11+08:00 ] 127.0.0.1 /admin/rule/group_list
INFO: [ app_init ] --START--
INFO: Run Behavior\BuildLiteBehavior [ RunTime:0.000000s ]
SQL: SHOW COLUMNS FROM `app_hooks` [ RunTime:0.0029s ]
SQL: SELECT `name`,`addons` FROM `app_hooks`  [ RunTime:0.0010s ]
SQL: SHOW COLUMNS FROM `app_addons` [ RunTime:0.0020s ]
SQL: SELECT `id`,`name` FROM `app_addons` WHERE `status` = 1 AND `name` IN ('Example1')  [ RunTime:0.0000s ]
INFO: Run Common\Behavior\InitHookBehavior [ RunTime:1.039063s ]
INFO: [ app_init ] --END-- [ RunTime:1.040039s ]
INFO: [ app_begin ] --START--
INFO: Run Behavior\ReadHtmlCacheBehavior [ RunTime:0.000977s ]
INFO: Run Behavior\CheckLangBehavior [ RunTime:0.000977s ]
INFO: [ app_begin ] --END-- [ RunTime:0.001954s ]
SQL: SHOW COLUMNS FROM `app_auth_group` [ RunTime:0.0020s ]
SQL: SELECT COUNT(*) AS tp_count FROM `app_auth_group` LIMIT 1   [ RunTime:0.0010s ]
NOTIC: [8] Undefined index: page D:\www\guangjian\Application\Admin\Controller\CommonController.class.php 第 207 行.
SQL: SELECT `id`,`title` FROM `app_auth_group` LIMIT 0,20   [ RunTime:0.0000s ]
INFO: [ view_parse ] --START--
INFO: [ template_filter ] --START--
INFO: Run Behavior\ContentReplaceBehavior [ RunTime:0.000000s ]
INFO: [ template_filter ] --END-- [ RunTime:0.000000s ]
INFO: Run Behavior\ParseTemplateBehavior [ RunTime:0.011718s ]
INFO: [ view_parse ] --END-- [ RunTime:0.011718s ]
INFO: [ view_filter ] --START--
INFO: Run Behavior\WriteHtmlCacheBehavior [ RunTime:0.000000s ]
INFO: [ view_filter ] --END-- [ RunTime:0.000000s ]
INFO: [ app_end ] --START--
INFO: Run Behavior\ShowPageTraceBehavior [ RunTime:0.000000s ]
INFO: [ app_end ] --END-- [ RunTime:0.000000s ]

[ 2019-01-08T16:05:32+08:00 ] 127.0.0.1 /admin
INFO: [ app_init ] --START--
INFO: Run Behavior\BuildLiteBehavior [ RunTime:0.000000s ]
SQL: SHOW COLUMNS FROM `app_hooks` [ RunTime:0.0039s ]
SQL: SELECT `name`,`addons` FROM `app_hooks`  [ RunTime:0.0000s ]
SQL: SHOW COLUMNS FROM `app_addons` [ RunTime:0.0020s ]
SQL: SELECT `id`,`name` FROM `app_addons` WHERE `status` = 1 AND `name` IN ('Example1')  [ RunTime:0.0000s ]
INFO: Run Common\Behavior\InitHookBehavior [ RunTime:1.019531s ]
INFO: [ app_init ] --END-- [ RunTime:1.020508s ]
INFO: [ app_begin ] --START--
INFO: Run Behavior\ReadHtmlCacheBehavior [ RunTime:0.000977s ]
INFO: Run Behavior\CheckLangBehavior [ RunTime:0.000977s ]
INFO: [ app_begin ] --END-- [ RunTime:0.002930s ]
INFO: [ view_parse ] --START--
INFO: [ template_filter ] --START--
INFO: Run Behavior\ContentReplaceBehavior [ RunTime:0.000977s ]
INFO: [ template_filter ] --END-- [ RunTime:0.000977s ]
NOTIC: [8] Undefined index: show_id D:\www\guangjian\data\Runtime\Cache\Admin\b595b808c2ebeeeb0478ffc30bb4e87a.php 第 120 行.
NOTIC: [8] Undefined index: show_id D:\www\guangjian\data\Runtime\Cache\Admin\b595b808c2ebeeeb0478ffc30bb4e87a.php 第 120 行.
NOTIC: [8] Undefined index: show_id D:\www\guangjian\data\Runtime\Cache\Admin\b595b808c2ebeeeb0478ffc30bb4e87a.php 第 120 行.
NOTIC: [8] Undefined index: show_id D:\www\guangjian\data\Runtime\Cache\Admin\b595b808c2ebeeeb0478ffc30bb4e87a.php 第 120 行.
NOTIC: [8] Undefined variable: page D:\www\guangjian\data\Runtime\Cache\Admin\b595b808c2ebeeeb0478ffc30bb4e87a.php 第 130 行.
INFO: Run Behavior\ParseTemplateBehavior [ RunTime:0.010742s ]
INFO: [ view_parse ] --END-- [ RunTime:0.010742s ]
INFO: [ view_filter ] --START--
INFO: Run Behavior\WriteHtmlCacheBehavior [ RunTime:0.000000s ]
INFO: [ view_filter ] --END-- [ RunTime:0.000000s ]
INFO: [ app_end ] --START--
INFO: Run Behavior\ShowPageTraceBehavior [ RunTime:0.000000s ]
INFO: [ app_end ] --END-- [ RunTime:0.000000s ]

[ 2019-01-08T16:05:59+08:00 ] 127.0.0.1 /admin/rule/rule_list
INFO: [ app_init ] --START--
INFO: Run Behavior\BuildLiteBehavior [ RunTime:0.000000s ]
SQL: SHOW COLUMNS FROM `app_hooks` [ RunTime:0.0029s ]
SQL: SELECT `name`,`addons` FROM `app_hooks`  [ RunTime:0.0000s ]
SQL: SHOW COLUMNS FROM `app_addons` [ RunTime:0.0029s ]
SQL: SELECT `id`,`name` FROM `app_addons` WHERE `status` = 1 AND `name` IN ('Example1')  [ RunTime:0.0000s ]
INFO: Run Common\Behavior\InitHookBehavior [ RunTime:1.018555s ]
INFO: [ app_init ] --END-- [ RunTime:1.018555s ]
INFO: [ app_begin ] --START--
INFO: Run Behavior\ReadHtmlCacheBehavior [ RunTime:0.000000s ]
INFO: Run Behavior\CheckLangBehavior [ RunTime:0.000000s ]
INFO: [ app_begin ] --END-- [ RunTime:0.000976s ]
SQL: SHOW COLUMNS FROM `app_auth_rule` [ RunTime:0.0029s ]
SQL: SELECT COUNT(*) AS tp_count FROM `app_auth_rule` WHERE `pid` = 0 AND `level` = 1 LIMIT 1   [ RunTime:0.0010s ]
NOTIC: [8] Undefined index: page D:\www\guangjian\Application\Admin\Controller\CommonController.class.php 第 207 行.
SQL: SELECT `id` FROM `app_auth_rule` WHERE `pid` = 0 AND `level` = 1 ORDER BY sort desc LIMIT 0,2   [ RunTime:0.0000s ]
SQL: SELECT `id`,`pid`,`sort`,`level`,`name`,`title`,`position` FROM `app_auth_rule` WHERE `top_id` IN ('11','53') ORDER BY sort desc  [ RunTime:0.0010s ]
INFO: [ view_parse ] --START--
INFO: [ template_filter ] --START--
INFO: Run Behavior\ContentReplaceBehavior [ RunTime:0.000000s ]
INFO: [ template_filter ] --END-- [ RunTime:0.000000s ]
INFO: Run Behavior\ParseTemplateBehavior [ RunTime:0.011719s ]
INFO: [ view_parse ] --END-- [ RunTime:0.011719s ]
INFO: [ view_filter ] --START--
INFO: Run Behavior\WriteHtmlCacheBehavior [ RunTime:0.000000s ]
INFO: [ view_filter ] --END-- [ RunTime:0.000000s ]
INFO: [ app_end ] --START--
INFO: Run Behavior\ShowPageTraceBehavior [ RunTime:0.000000s ]
INFO: [ app_end ] --END-- [ RunTime:0.000000s ]

[ 2019-01-08T16:06:02+08:00 ] 127.0.0.1 /admin/rule/group_list
INFO: [ app_init ] --START--
INFO: Run Behavior\BuildLiteBehavior [ RunTime:0.000000s ]
SQL: SHOW COLUMNS FROM `app_hooks` [ RunTime:0.0039s ]
SQL: SELECT `name`,`addons` FROM `app_hooks`  [ RunTime:0.0000s ]
SQL: SHOW COLUMNS FROM `app_addons` [ RunTime:0.0039s ]
SQL: SELECT `id`,`name` FROM `app_addons` WHERE `status` = 1 AND `name` IN ('Example1')  [ RunTime:0.0010s ]
INFO: Run Common\Behavior\InitHookBehavior [ RunTime:1.018554s ]
INFO: [ app_init ] --END-- [ RunTime:1.019531s ]
INFO: [ app_begin ] --START--
INFO: Run Behavior\ReadHtmlCacheBehavior [ RunTime:0.000000s ]
INFO: Run Behavior\CheckLangBehavior [ RunTime:0.000977s ]
INFO: [ app_begin ] --END-- [ RunTime:0.001954s ]
SQL: SHOW COLUMNS FROM `app_auth_group` [ RunTime:0.0020s ]
SQL: SELECT COUNT(*) AS tp_count FROM `app_auth_group` LIMIT 1   [ RunTime:0.0000s ]
NOTIC: [8] Undefined index: page D:\www\guangjian\Application\Admin\Controller\CommonController.class.php 第 207 行.
SQL: SELECT `id`,`title` FROM `app_auth_group` LIMIT 0,20   [ RunTime:0.0010s ]
INFO: [ view_parse ] --START--
INFO: [ template_filter ] --START--
INFO: Run Behavior\ContentReplaceBehavior [ RunTime:0.000000s ]
INFO: [ template_filter ] --END-- [ RunTime:0.000000s ]
INFO: Run Behavior\ParseTemplateBehavior [ RunTime:0.013672s ]
INFO: [ view_parse ] --END-- [ RunTime:0.013672s ]
INFO: [ view_filter ] --START--
INFO: Run Behavior\WriteHtmlCacheBehavior [ RunTime:0.000000s ]
INFO: [ view_filter ] --END-- [ RunTime:0.000000s ]
INFO: [ app_end ] --START--
INFO: Run Behavior\ShowPageTraceBehavior [ RunTime:0.000000s ]
INFO: [ app_end ] --END-- [ RunTime:0.000000s ]

[ 2019-01-08T16:06:04+08:00 ] 127.0.0.1 /admin/rule/rule_list
INFO: [ app_init ] --START--
INFO: Run Behavior\BuildLiteBehavior [ RunTime:0.000000s ]
SQL: SHOW COLUMNS FROM `app_hooks` [ RunTime:0.0039s ]
SQL: SELECT `name`,`addons` FROM `app_hooks`  [ RunTime:0.0010s ]
SQL: SHOW COLUMNS FROM `app_addons` [ RunTime:0.0029s ]
SQL: SELECT `id`,`name` FROM `app_addons` WHERE `status` = 1 AND `name` IN ('Example1')  [ RunTime:0.0000s ]
INFO: Run Common\Behavior\InitHookBehavior [ RunTime:1.052734s ]
INFO: [ app_init ] --END-- [ RunTime:1.053711s ]
INFO: [ app_begin ] --START--
INFO: Run Behavior\ReadHtmlCacheBehavior [ RunTime:0.000977s ]
INFO: Run Behavior\CheckLangBehavior [ RunTime:0.000976s ]
INFO: [ app_begin ] --END-- [ RunTime:0.001953s ]
SQL: SHOW COLUMNS FROM `app_auth_rule` [ RunTime:0.0029s ]
SQL: SELECT COUNT(*) AS tp_count FROM `app_auth_rule` WHERE `pid` = 0 AND `level` = 1 LIMIT 1   [ RunTime:0.0010s ]
NOTIC: [8] Undefined index: page D:\www\guangjian\Application\Admin\Controller\CommonController.class.php 第 207 行.
SQL: SELECT `id` FROM `app_auth_rule` WHERE `pid` = 0 AND `level` = 1 ORDER BY sort desc LIMIT 0,2   [ RunTime:0.0000s ]
SQL: SELECT `id`,`pid`,`sort`,`level`,`name`,`title`,`position` FROM `app_auth_rule` WHERE `top_id` IN ('11','53') ORDER BY sort desc  [ RunTime:0.0000s ]
INFO: [ view_parse ] --START--
INFO: [ template_filter ] --START--
INFO: Run Behavior\ContentReplaceBehavior [ RunTime:0.000000s ]
INFO: [ template_filter ] --END-- [ RunTime:0.000000s ]
INFO: Run Behavior\ParseTemplateBehavior [ RunTime:0.014648s ]
INFO: [ view_parse ] --END-- [ RunTime:0.014648s ]
INFO: [ view_filter ] --START--
INFO: Run Behavior\WriteHtmlCacheBehavior [ RunTime:0.000000s ]
INFO: [ view_filter ] --END-- [ RunTime:0.000000s ]
INFO: [ app_end ] --START--
INFO: Run Behavior\ShowPageTraceBehavior [ RunTime:0.000976s ]
INFO: [ app_end ] --END-- [ RunTime:0.000976s ]

[ 2019-01-08T16:06:06+08:00 ] 127.0.0.1 /admin/rule/group_list
INFO: [ app_init ] --START--
INFO: Run Behavior\BuildLiteBehavior [ RunTime:0.000000s ]
SQL: SHOW COLUMNS FROM `app_hooks` [ RunTime:0.0029s ]
SQL: SELECT `name`,`addons` FROM `app_hooks`  [ RunTime:0.0000s ]
SQL: SHOW COLUMNS FROM `app_addons` [ RunTime:0.0029s ]
SQL: SELECT `id`,`name` FROM `app_addons` WHERE `status` = 1 AND `name` IN ('Example1')  [ RunTime:0.0010s ]
INFO: Run Common\Behavior\InitHookBehavior [ RunTime:1.019532s ]
INFO: [ app_init ] --END-- [ RunTime:1.020508s ]
INFO: [ app_begin ] --START--
INFO: Run Behavior\ReadHtmlCacheBehavior [ RunTime:0.000976s ]
INFO: Run Behavior\CheckLangBehavior [ RunTime:0.000977s ]
INFO: [ app_begin ] --END-- [ RunTime:0.001953s ]
SQL: SHOW COLUMNS FROM `app_auth_group` [ RunTime:0.0039s ]
SQL: SELECT COUNT(*) AS tp_count FROM `app_auth_group` LIMIT 1   [ RunTime:0.0000s ]
NOTIC: [8] Undefined index: page D:\www\guangjian\Application\Admin\Controller\CommonController.class.php 第 207 行.
SQL: SELECT `id`,`title` FROM `app_auth_group` LIMIT 0,20   [ RunTime:0.0000s ]
INFO: [ view_parse ] --START--
INFO: [ template_filter ] --START--
INFO: Run Behavior\ContentReplaceBehavior [ RunTime:0.000000s ]
INFO: [ template_filter ] --END-- [ RunTime:0.000000s ]
INFO: Run Behavior\ParseTemplateBehavior [ RunTime:0.013671s ]
INFO: [ view_parse ] --END-- [ RunTime:0.013671s ]
INFO: [ view_filter ] --START--
INFO: Run Behavior\WriteHtmlCacheBehavior [ RunTime:0.000977s ]
INFO: [ view_filter ] --END-- [ RunTime:0.000977s ]
INFO: [ app_end ] --START--
INFO: Run Behavior\ShowPageTraceBehavior [ RunTime:0.000977s ]
INFO: [ app_end ] --END-- [ RunTime:0.000977s ]

